---------------------------------------------------------------
[ 2018-08-13T16:34:05+08:00 ] 127.0.0.1 127.0.0.1 GET /
[ info ] tp5.com/ [运行时间：17.000973s][吞吐率：0.06req/s] [内存消耗：3,298.48kb] [文件加载：86]
[ info ] [ LANG ] D:\www\tp5\thinkphp\lang\zh-cn.php
[ info ] [ ROUTE ] array (
  'type' => 'module',
  'module' => 
  array (
    0 => '',
    1 => NULL,
    2 => NULL,
  ),
)
[ info ] [ HEADER ] array (
  'host' => 'tp5.com',
  'connection' => 'keep-alive',
  'upgrade-insecure-requests' => '1',
  'user-agent' => 'Mozilla/5.0 (Windows NT 6.1) AppleWebKit/537.36 (KHTML, like Gecko) Chrome/68.0.3440.84 Safari/537.36',
  'accept' => 'text/html,application/xhtml+xml,application/xml;q=0.9,image/webp,image/apng,*/*;q=0.8',
  'accept-language' => 'zh-CN,zh;q=0.9',
  'cookie' => 'think_remember_me=11111111',
  'accept-encoding' => 'gzip, deflate',
)
[ info ] [ PARAM ] array (
)
[ info ] [ BEHAVIOR ] Run app\index\behavior\Test @module_init [ RunTime:0.188010s ]
[ info ] [ SESSION ] INIT array (
  'id' => '',
  'var_session_id' => '',
  'prefix' => '',
  'type' => '',
  'auto_start' => true,
)
[ info ] [ RUN ] app\index\controller\Index->index[ D:\www\tp5\application\index\controller\Index.php ]
[ info ] [ DB ] INIT mysql
[ info ] [ VIEW ] D:\www\tp5\public/../application/index\view\index\index.html [ array (
  0 => 'list',
  1 => 'page',
) ]
[ info ] [ LOG ] INIT File
[ sql ] [ DB ] CONNECT:[ UseTime:4.831277s ] mysql:dbname=tp5ceshi;host=127.0.0.1;port=3306;charset=utf8
[ sql ] [ SQL ] SHOW COLUMNS FROM `tp_user` [ RunTime:0.922052s ]
[ sql ] [ SQL ] SELECT COUNT(*) AS tp_count FROM `tp_user` WHERE  `status` = 1 LIMIT 1 [ RunTime:0.101005s ]
[ sql ] [ SQL ] SELECT * FROM `tp_user` WHERE  `status` = 1 ORDER BY id desc LIMIT 0,3 [ RunTime:0.011000s ]
---------------------------------------------------------------
[ 2018-08-13T16:34:07+08:00 ] 127.0.0.1 127.0.0.1 GET /captcha.html
[ info ] tp5.com/captcha.html [运行时间：0.859049s][吞吐率：1.16req/s] [内存消耗：1,727.18kb] [文件加载：56]
[ info ] [ LANG ] D:\www\tp5\thinkphp\lang\zh-cn.php
[ info ] [ ROUTE ] array (
  'type' => 'method',
  'method' => 
  array (
    0 => '\\think\\captcha\\CaptchaController',
    1 => 'index',
  ),
  'var' => 
  array (
  ),
)
[ info ] [ HEADER ] array (
  'host' => 'tp5.com',
  'connection' => 'keep-alive',
  'user-agent' => 'Mozilla/5.0 (Windows NT 6.1) AppleWebKit/537.36 (KHTML, like Gecko) Chrome/68.0.3440.84 Safari/537.36',
  'accept' => 'image/webp,image/apng,image/*,*/*;q=0.8',
  'referer' => 'http://tp5.com/',
  'accept-language' => 'zh-CN,zh;q=0.9',
  'cookie' => 'think_remember_me=11111111; PHPSESSID=dg4toisgsnvkc079lr52v07en3',
  'accept-encoding' => 'gzip, deflate',
)
[ info ] [ PARAM ] array (
  'id' => NULL,
)
[ info ] [ RUN ] think\captcha\CaptchaController->index[ D:\www\tp5\vendor\topthink\think-captcha\src\CaptchaController.php ]
[ info ] [ SESSION ] INIT array (
  'id' => '',
  'var_session_id' => '',
  'prefix' => '',
  'type' => '',
  'auto_start' => true,
)
[ info ] [ LOG ] INIT File
---------------------------------------------------------------
[ 2018-08-13T16:34:07+08:00 ] 127.0.0.1 127.0.0.1 POST /index/index/chart.html
[ info ] tp5.com/index/index/chart.html [运行时间：0.330019s][吞吐率：3.03req/s] [内存消耗：3,063.72kb] [文件加载：81]
[ info ] [ LANG ] D:\www\tp5\thinkphp\lang\zh-cn.php
[ info ] [ ROUTE ] array (
  'type' => 'module',
  'module' => 
  array (
    0 => 'index',
    1 => 'index',
    2 => 'chart',
  ),
)
[ info ] [ HEADER ] array (
  'host' => 'tp5.com',
  'connection' => 'keep-alive',
  'accept' => 'application/json, text/javascript, */*; q=0.01',
  'origin' => 'http://tp5.com',
  'x-requested-with' => 'XMLHttpRequest',
  'user-agent' => 'Mozilla/5.0 (Windows NT 6.1) AppleWebKit/537.36 (KHTML, like Gecko) Chrome/68.0.3440.84 Safari/537.36',
  'referer' => 'http://tp5.com/',
  'accept-language' => 'zh-CN,zh;q=0.9',
  'cookie' => 'think_remember_me=11111111; PHPSESSID=dg4toisgsnvkc079lr52v07en3; thinkphp_show_page_trace=0|0',
  'accept-encoding' => 'gzip, deflate',
  'content-length' => '0',
)
[ info ] [ PARAM ] array (
)
[ info ] [ BEHAVIOR ] Run app\index\behavior\Test @module_init [ RunTime:0.002000s ]
[ info ] [ SESSION ] INIT array (
  'id' => '',
  'var_session_id' => '',
  'prefix' => '',
  'type' => '',
  'auto_start' => true,
)
[ info ] [ RUN ] app\index\controller\Index->chart[ D:\www\tp5\application\index\controller\Index.php ]
[ info ] [ DB ] INIT mysql
[ info ] [ LOG ] INIT File
[ sql ] [ DB ] CONNECT:[ UseTime:0.016001s ] mysql:dbname=tp5ceshi;host=127.0.0.1;port=3306;charset=utf8
[ sql ] [ SQL ] SHOW COLUMNS FROM `tp_daily_set` [ RunTime:0.025002s ]
[ sql ] [ SQL ] SELECT * FROM `tp_daily_set` WHERE  `date` <= 1534149247 ORDER BY id asc [ RunTime:0.003000s ]
---------------------------------------------------------------
[ 2018-08-13T20:56:28+08:00 ] 127.0.0.1 127.0.0.1 GET /index/index/see/id/130.html
[ info ] tp5.com/index/index/see/id/130.html [运行时间：0.820047s][吞吐率：1.22req/s] [内存消耗：3,165.64kb] [文件加载：84]
[ info ] [ LANG ] D:\www\tp5\thinkphp\lang\zh-cn.php
[ info ] [ ROUTE ] array (
  'type' => 'module',
  'module' => 
  array (
    0 => 'index',
    1 => 'index',
    2 => 'see',
  ),
)
[ info ] [ HEADER ] array (
  'host' => 'tp5.com',
  'connection' => 'keep-alive',
  'upgrade-insecure-requests' => '1',
  'user-agent' => 'Mozilla/5.0 (Windows NT 6.1) AppleWebKit/537.36 (KHTML, like Gecko) Chrome/68.0.3440.84 Safari/537.36',
  'accept' => 'text/html,application/xhtml+xml,application/xml;q=0.9,image/webp,image/apng,*/*;q=0.8',
  'referer' => 'http://tp5.com/',
  'accept-language' => 'zh-CN,zh;q=0.9',
  'cookie' => 'think_remember_me=11111111; PHPSESSID=dg4toisgsnvkc079lr52v07en3; thinkphp_show_page_trace=0|0',
  'accept-encoding' => 'gzip, deflate',
)
[ info ] [ PARAM ] array (
  'id' => '130',
)
[ info ] [ BEHAVIOR ] Run app\index\behavior\Test @module_init [ RunTime:0.001000s ]
[ info ] [ SESSION ] INIT array (
  'id' => '',
  'var_session_id' => '',
  'prefix' => '',
  'type' => '',
  'auto_start' => true,
)
[ info ] [ RUN ] app\index\controller\Index->see[ D:\www\tp5\application\index\controller\Index.php ]
[ info ] [ DB ] INIT mysql
[ info ] [ CACHE ] INIT File
[ info ] [ VIEW ] D:\www\tp5\public/../application/index\view\index\edit-see.html [ array (
  0 => 'result',
) ]
[ info ] [ LOG ] INIT File
[ sql ] [ DB ] CONNECT:[ UseTime:0.022002s ] mysql:dbname=tp5ceshi;host=127.0.0.1;port=3306;charset=utf8
[ sql ] [ SQL ] SHOW COLUMNS FROM `tp_user` [ RunTime:0.018001s ]
[ sql ] [ SQL ] UPDATE `tp_user`  SET `score`=score+1  WHERE  `id` = 130 [ RunTime:0.278016s ]
[ sql ] [ SQL ] SELECT * FROM `tp_user` LIMIT 1 [ RunTime:0.002000s ]
[ sql ] [ SQL ] SELECT * FROM `tp_user` WHERE  `id` = 130 LIMIT 1 [ RunTime:0.002000s ]
---------------------------------------------------------------
[ 2018-08-13T20:56:35+08:00 ] 127.0.0.1 127.0.0.1 GET /
[ info ] tp5.com/ [运行时间：0.973056s][吞吐率：1.03req/s] [内存消耗：3,298.87kb] [文件加载：86]
[ info ] [ LANG ] D:\www\tp5\thinkphp\lang\zh-cn.php
[ info ] [ ROUTE ] array (
  'type' => 'module',
  'module' => 
  array (
    0 => '',
    1 => NULL,
    2 => NULL,
  ),
)
[ info ] [ HEADER ] array (
  'host' => 'tp5.com',
  'connection' => 'keep-alive',
  'upgrade-insecure-requests' => '1',
  'user-agent' => 'Mozilla/5.0 (Windows NT 6.1) AppleWebKit/537.36 (KHTML, like Gecko) Chrome/68.0.3440.84 Safari/537.36',
  'accept' => 'text/html,application/xhtml+xml,application/xml;q=0.9,image/webp,image/apng,*/*;q=0.8',
  'accept-language' => 'zh-CN,zh;q=0.9',
  'cookie' => 'think_remember_me=11111111; PHPSESSID=dg4toisgsnvkc079lr52v07en3; thinkphp_show_page_trace=0|0',
  'accept-encoding' => 'gzip, deflate',
)
[ info ] [ PARAM ] array (
)
[ info ] [ BEHAVIOR ] Run app\index\behavior\Test @module_init [ RunTime:0.004000s ]
[ info ] [ SESSION ] INIT array (
  'id' => '',
  'var_session_id' => '',
  'prefix' => '',
  'type' => '',
  'auto_start' => true,
)
[ info ] [ RUN ] app\index\controller\Index->index[ D:\www\tp5\application\index\controller\Index.php ]
[ info ] [ DB ] INIT mysql
[ info ] [ VIEW ] D:\www\tp5\public/../application/index\view\index\index.html [ array (
  0 => 'list',
  1 => 'page',
) ]
[ info ] [ LOG ] INIT File
[ sql ] [ DB ] CONNECT:[ UseTime:0.369021s ] mysql:dbname=tp5ceshi;host=127.0.0.1;port=3306;charset=utf8
[ sql ] [ SQL ] SHOW COLUMNS FROM `tp_user` [ RunTime:0.133008s ]
[ sql ] [ SQL ] SELECT COUNT(*) AS tp_count FROM `tp_user` WHERE  `status` = 1 LIMIT 1 [ RunTime:0.011000s ]
[ sql ] [ SQL ] SELECT * FROM `tp_user` WHERE  `status` = 1 ORDER BY id desc LIMIT 0,3 [ RunTime:0.003000s ]
---------------------------------------------------------------
[ 2018-08-13T20:56:43+08:00 ] 127.0.0.1 127.0.0.1 GET /
[ info ] tp5.com/ [运行时间：0.312018s][吞吐率：3.20req/s] [内存消耗：3,298.87kb] [文件加载：86]
[ info ] [ LANG ] D:\www\tp5\thinkphp\lang\zh-cn.php
[ info ] [ ROUTE ] array (
  'type' => 'module',
  'module' => 
  array (
    0 => '',
    1 => NULL,
    2 => NULL,
  ),
)
[ info ] [ HEADER ] array (
  'host' => 'tp5.com',
  'connection' => 'keep-alive',
  'upgrade-insecure-requests' => '1',
  'user-agent' => 'Mozilla/5.0 (Windows NT 6.1) AppleWebKit/537.36 (KHTML, like Gecko) Chrome/68.0.3440.84 Safari/537.36',
  'accept' => 'text/html,application/xhtml+xml,application/xml;q=0.9,image/webp,image/apng,*/*;q=0.8',
  'accept-language' => 'zh-CN,zh;q=0.9',
  'cookie' => 'think_remember_me=11111111; PHPSESSID=dg4toisgsnvkc079lr52v07en3; thinkphp_show_page_trace=0|0',
  'accept-encoding' => 'gzip, deflate',
)
[ info ] [ PARAM ] array (
)
[ info ] [ BEHAVIOR ] Run app\index\behavior\Test @module_init [ RunTime:0.000000s ]
[ info ] [ SESSION ] INIT array (
  'id' => '',
  'var_session_id' => '',
  'prefix' => '',
  'type' => '',
  'auto_start' => true,
)
[ info ] [ RUN ] app\index\controller\Index->index[ D:\www\tp5\application\index\controller\Index.php ]
[ info ] [ DB ] INIT mysql
[ info ] [ VIEW ] D:\www\tp5\public/../application/index\view\index\index.html [ array (
  0 => 'list',
  1 => 'page',
) ]
[ info ] [ LOG ] INIT File
[ sql ] [ DB ] CONNECT:[ UseTime:0.006000s ] mysql:dbname=tp5ceshi;host=127.0.0.1;port=3306;charset=utf8
[ sql ] [ SQL ] SHOW COLUMNS FROM `tp_user` [ RunTime:0.033002s ]
[ sql ] [ SQL ] SELECT COUNT(*) AS tp_count FROM `tp_user` WHERE  `status` = 1 LIMIT 1 [ RunTime:0.011001s ]
[ sql ] [ SQL ] SELECT * FROM `tp_user` WHERE  `status` = 1 ORDER BY id desc LIMIT 0,3 [ RunTime:0.003000s ]
---------------------------------------------------------------
[ 2018-08-13T20:56:43+08:00 ] 127.0.0.1 127.0.0.1 GET /captcha.html
[ info ] tp5.com/captcha.html [运行时间：0.169010s][吞吐率：5.92req/s] [内存消耗：1,727.19kb] [文件加载：56]
[ info ] [ LANG ] D:\www\tp5\thinkphp\lang\zh-cn.php
[ info ] [ ROUTE ] array (
  'type' => 'method',
  'method' => 
  array (
    0 => '\\think\\captcha\\CaptchaController',
    1 => 'index',
  ),
  'var' => 
  array (
  ),
)
[ info ] [ HEADER ] array (
  'host' => 'tp5.com',
  'connection' => 'keep-alive',
  'user-agent' => 'Mozilla/5.0 (Windows NT 6.1) AppleWebKit/537.36 (KHTML, like Gecko) Chrome/68.0.3440.84 Safari/537.36',
  'accept' => 'image/webp,image/apng,image/*,*/*;q=0.8',
  'referer' => 'http://tp5.com/',
  'accept-language' => 'zh-CN,zh;q=0.9',
  'cookie' => 'think_remember_me=11111111; PHPSESSID=dg4toisgsnvkc079lr52v07en3; thinkphp_show_page_trace=0|0',
  'accept-encoding' => 'gzip, deflate',
)
[ info ] [ PARAM ] array (
  'id' => NULL,
)
[ info ] [ RUN ] think\captcha\CaptchaController->index[ D:\www\tp5\vendor\topthink\think-captcha\src\CaptchaController.php ]
[ info ] [ SESSION ] INIT array (
  'id' => '',
  'var_session_id' => '',
  'prefix' => '',
  'type' => '',
  'auto_start' => true,
)
[ info ] [ LOG ] INIT File
---------------------------------------------------------------
[ 2018-08-13T20:56:45+08:00 ] 127.0.0.1 127.0.0.1 POST /index/index/chart.html
[ info ] tp5.com/index/index/chart.html [运行时间：0.166009s][吞吐率：6.02req/s] [内存消耗：3,063.72kb] [文件加载：81]
[ info ] [ LANG ] D:\www\tp5\thinkphp\lang\zh-cn.php
[ info ] [ ROUTE ] array (
  'type' => 'module',
  'module' => 
  array (
    0 => 'index',
    1 => 'index',
    2 => 'chart',
  ),
)
[ info ] [ HEADER ] array (
  'host' => 'tp5.com',
  'connection' => 'keep-alive',
  'accept' => 'application/json, text/javascript, */*; q=0.01',
  'origin' => 'http://tp5.com',
  'x-requested-with' => 'XMLHttpRequest',
  'user-agent' => 'Mozilla/5.0 (Windows NT 6.1) AppleWebKit/537.36 (KHTML, like Gecko) Chrome/68.0.3440.84 Safari/537.36',
  'referer' => 'http://tp5.com/',
  'accept-language' => 'zh-CN,zh;q=0.9',
  'cookie' => 'think_remember_me=11111111; PHPSESSID=dg4toisgsnvkc079lr52v07en3; thinkphp_show_page_trace=0|0',
  'accept-encoding' => 'gzip, deflate',
  'content-length' => '0',
)
[ info ] [ PARAM ] array (
)
[ info ] [ BEHAVIOR ] Run app\index\behavior\Test @module_init [ RunTime:0.001000s ]
[ info ] [ SESSION ] INIT array (
  'id' => '',
  'var_session_id' => '',
  'prefix' => '',
  'type' => '',
  'auto_start' => true,
)
[ info ] [ RUN ] app\index\controller\Index->chart[ D:\www\tp5\application\index\controller\Index.php ]
[ info ] [ DB ] INIT mysql
[ info ] [ LOG ] INIT File
[ sql ] [ DB ] CONNECT:[ UseTime:0.006000s ] mysql:dbname=tp5ceshi;host=127.0.0.1;port=3306;charset=utf8
[ sql ] [ SQL ] SHOW COLUMNS FROM `tp_daily_set` [ RunTime:0.020001s ]
[ sql ] [ SQL ] SELECT * FROM `tp_daily_set` WHERE  `date` <= 1534165004 ORDER BY id asc [ RunTime:0.004000s ]
---------------------------------------------------------------
[ 2018-08-13T21:32:12+08:00 ] 127.0.0.1 127.0.0.1 GET /
[ info ] tp5.com/ [运行时间：0.451026s][吞吐率：2.22req/s] [内存消耗：3,298.87kb] [文件加载：86]
[ info ] [ LANG ] D:\www\tp5\thinkphp\lang\zh-cn.php
[ info ] [ ROUTE ] array (
  'type' => 'module',
  'module' => 
  array (
    0 => '',
    1 => NULL,
    2 => NULL,
  ),
)
[ info ] [ HEADER ] array (
  'host' => 'tp5.com',
  'connection' => 'keep-alive',
  'upgrade-insecure-requests' => '1',
  'user-agent' => 'Mozilla/5.0 (Windows NT 6.1) AppleWebKit/537.36 (KHTML, like Gecko) Chrome/68.0.3440.84 Safari/537.36',
  'accept' => 'text/html,application/xhtml+xml,application/xml;q=0.9,image/webp,image/apng,*/*;q=0.8',
  'accept-language' => 'zh-CN,zh;q=0.9',
  'cookie' => 'think_remember_me=11111111; PHPSESSID=dg4toisgsnvkc079lr52v07en3; thinkphp_show_page_trace=0|0',
  'accept-encoding' => 'gzip, deflate',
)
[ info ] [ PARAM ] array (
)
[ info ] [ BEHAVIOR ] Run app\index\behavior\Test @module_init [ RunTime:0.002000s ]
[ info ] [ SESSION ] INIT array (
  'id' => '',
  'var_session_id' => '',
  'prefix' => '',
  'type' => '',
  'auto_start' => true,
)
[ info ] [ RUN ] app\index\controller\Index->index[ D:\www\tp5\application\index\controller\Index.php ]
[ info ] [ DB ] INIT mysql
[ info ] [ VIEW ] D:\www\tp5\public/../application/index\view\index\index.html [ array (
  0 => 'list',
  1 => 'page',
) ]
[ info ] [ LOG ] INIT File
[ sql ] [ DB ] CONNECT:[ UseTime:0.054003s ] mysql:dbname=tp5ceshi;host=127.0.0.1;port=3306;charset=utf8
[ sql ] [ SQL ] SHOW COLUMNS FROM `tp_user` [ RunTime:0.119007s ]
[ sql ] [ SQL ] SELECT COUNT(*) AS tp_count FROM `tp_user` WHERE  `status` = 1 LIMIT 1 [ RunTime:0.005000s ]
[ sql ] [ SQL ] SELECT * FROM `tp_user` WHERE  `status` = 1 ORDER BY id desc LIMIT 0,3 [ RunTime:0.003001s ]
---------------------------------------------------------------
[ 2018-08-13T21:32:13+08:00 ] 127.0.0.1 127.0.0.1 GET /captcha.html
[ info ] tp5.com/captcha.html [运行时间：0.217012s][吞吐率：4.61req/s] [内存消耗：1,727.20kb] [文件加载：56]
[ info ] [ LANG ] D:\www\tp5\thinkphp\lang\zh-cn.php
[ info ] [ ROUTE ] array (
  'type' => 'method',
  'method' => 
  array (
    0 => '\\think\\captcha\\CaptchaController',
    1 => 'index',
  ),
  'var' => 
  array (
  ),
)
[ info ] [ HEADER ] array (
  'host' => 'tp5.com',
  'connection' => 'keep-alive',
  'user-agent' => 'Mozilla/5.0 (Windows NT 6.1) AppleWebKit/537.36 (KHTML, like Gecko) Chrome/68.0.3440.84 Safari/537.36',
  'accept' => 'image/webp,image/apng,image/*,*/*;q=0.8',
  'referer' => 'http://tp5.com/',
  'accept-language' => 'zh-CN,zh;q=0.9',
  'cookie' => 'think_remember_me=11111111; PHPSESSID=dg4toisgsnvkc079lr52v07en3; thinkphp_show_page_trace=0|0',
  'accept-encoding' => 'gzip, deflate',
)
[ info ] [ PARAM ] array (
  'id' => NULL,
)
[ info ] [ RUN ] think\captcha\CaptchaController->index[ D:\www\tp5\vendor\topthink\think-captcha\src\CaptchaController.php ]
[ info ] [ SESSION ] INIT array (
  'id' => '',
  'var_session_id' => '',
  'prefix' => '',
  'type' => '',
  'auto_start' => true,
)
[ info ] [ LOG ] INIT File
---------------------------------------------------------------
[ 2018-08-13T21:32:14+08:00 ] 127.0.0.1 127.0.0.1 POST /index/index/chart.html
[ info ] tp5.com/index/index/chart.html [运行时间：0.306017s][吞吐率：3.27req/s] [内存消耗：3,063.72kb] [文件加载：81]
[ info ] [ LANG ] D:\www\tp5\thinkphp\lang\zh-cn.php
[ info ] [ ROUTE ] array (
  'type' => 'module',
  'module' => 
  array (
    0 => 'index',
    1 => 'index',
    2 => 'chart',
  ),
)
[ info ] [ HEADER ] array (
  'host' => 'tp5.com',
  'connection' => 'keep-alive',
  'accept' => 'application/json, text/javascript, */*; q=0.01',
  'origin' => 'http://tp5.com',
  'x-requested-with' => 'XMLHttpRequest',
  'user-agent' => 'Mozilla/5.0 (Windows NT 6.1) AppleWebKit/537.36 (KHTML, like Gecko) Chrome/68.0.3440.84 Safari/537.36',
  'referer' => 'http://tp5.com/',
  'accept-language' => 'zh-CN,zh;q=0.9',
  'cookie' => 'think_remember_me=11111111; PHPSESSID=dg4toisgsnvkc079lr52v07en3; thinkphp_show_page_trace=0|0',
  'accept-encoding' => 'gzip, deflate',
  'content-length' => '0',
)
[ info ] [ PARAM ] array (
)
[ info ] [ BEHAVIOR ] Run app\index\behavior\Test @module_init [ RunTime:0.002000s ]
[ info ] [ SESSION ] INIT array (
  'id' => '',
  'var_session_id' => '',
  'prefix' => '',
  'type' => '',
  'auto_start' => true,
)
[ info ] [ RUN ] app\index\controller\Index->chart[ D:\www\tp5\application\index\controller\Index.php ]
[ info ] [ DB ] INIT mysql
[ info ] [ LOG ] INIT File
[ sql ] [ DB ] CONNECT:[ UseTime:0.015001s ] mysql:dbname=tp5ceshi;host=127.0.0.1;port=3306;charset=utf8
[ sql ] [ SQL ] SHOW COLUMNS FROM `tp_daily_set` [ RunTime:0.068004s ]
[ sql ] [ SQL ] SELECT * FROM `tp_daily_set` WHERE  `date` <= 1534167134 ORDER BY id asc [ RunTime:0.044003s ]
---------------------------------------------------------------
[ 2018-08-13T21:34:51+08:00 ] 127.0.0.1 127.0.0.1 GET /?XDEBUG_SESSION_START=10351
[ info ] tp5.com/?XDEBUG_SESSION_START=10351 [运行时间：0.792046s][吞吐率：1.26req/s] [内存消耗：3,299.55kb] [文件加载：86]
[ info ] [ LANG ] D:\www\tp5\thinkphp\lang\zh-cn.php
[ info ] [ ROUTE ] array (
  'type' => 'module',
  'module' => 
  array (
    0 => '',
    1 => NULL,
    2 => NULL,
  ),
)
[ info ] [ HEADER ] array (
  'host' => 'tp5.com',
  'connection' => 'keep-alive',
  'upgrade-insecure-requests' => '1',
  'user-agent' => 'Mozilla/5.0 (Windows NT 6.1) AppleWebKit/537.36 (KHTML, like Gecko) Chrome/68.0.3440.84 Safari/537.36',
  'accept' => 'text/html,application/xhtml+xml,application/xml;q=0.9,image/webp,image/apng,*/*;q=0.8',
  'accept-language' => 'zh-CN,zh;q=0.9',
  'cookie' => 'think_remember_me=11111111; PHPSESSID=dg4toisgsnvkc079lr52v07en3; thinkphp_show_page_trace=0|0',
  'accept-encoding' => 'gzip, deflate',
)
[ info ] [ PARAM ] array (
  'XDEBUG_SESSION_START' => '10351',
)
[ info ] [ BEHAVIOR ] Run app\index\behavior\Test @module_init [ RunTime:0.001000s ]
[ info ] [ SESSION ] INIT array (
  'id' => '',
  'var_session_id' => '',
  'prefix' => '',
  'type' => '',
  'auto_start' => true,
)
[ info ] [ RUN ] app\index\controller\Index->index[ D:\www\tp5\application\index\controller\Index.php ]
[ info ] [ DB ] INIT mysql
[ info ] [ VIEW ] D:\www\tp5\public/../application/index\view\index\index.html [ array (
  0 => 'list',
  1 => 'page',
) ]
[ info ] [ LOG ] INIT File
[ sql ] [ DB ] CONNECT:[ UseTime:0.305018s ] mysql:dbname=tp5ceshi;host=127.0.0.1;port=3306;charset=utf8
[ sql ] [ SQL ] SHOW COLUMNS FROM `tp_user` [ RunTime:0.157009s ]
[ sql ] [ SQL ] SELECT COUNT(*) AS tp_count FROM `tp_user` WHERE  `status` = 1 LIMIT 1 [ RunTime:0.010000s ]
[ sql ] [ SQL ] SELECT * FROM `tp_user` WHERE  `status` = 1 ORDER BY id desc LIMIT 0,3 [ RunTime:0.021002s ]
---------------------------------------------------------------
[ 2018-08-13T21:34:51+08:00 ] 127.0.0.1 127.0.0.1 GET /captcha.html
[ info ] tp5.com/captcha.html [运行时间：0.157009s][吞吐率：6.37req/s] [内存消耗：1,727.37kb] [文件加载：56]
[ info ] [ LANG ] D:\www\tp5\thinkphp\lang\zh-cn.php
[ info ] [ ROUTE ] array (
  'type' => 'method',
  'method' => 
  array (
    0 => '\\think\\captcha\\CaptchaController',
    1 => 'index',
  ),
  'var' => 
  array (
  ),
)
[ info ] [ HEADER ] array (
  'host' => 'tp5.com',
  'connection' => 'keep-alive',
  'user-agent' => 'Mozilla/5.0 (Windows NT 6.1) AppleWebKit/537.36 (KHTML, like Gecko) Chrome/68.0.3440.84 Safari/537.36',
  'accept' => 'image/webp,image/apng,image/*,*/*;q=0.8',
  'referer' => 'http://tp5.com/?XDEBUG_SESSION_START=10351',
  'accept-language' => 'zh-CN,zh;q=0.9',
  'cookie' => 'think_remember_me=11111111; PHPSESSID=dg4toisgsnvkc079lr52v07en3; thinkphp_show_page_trace=0|0',
  'accept-encoding' => 'gzip, deflate',
)
[ info ] [ PARAM ] array (
  'id' => NULL,
)
[ info ] [ RUN ] think\captcha\CaptchaController->index[ D:\www\tp5\vendor\topthink\think-captcha\src\CaptchaController.php ]
[ info ] [ SESSION ] INIT array (
  'id' => '',
  'var_session_id' => '',
  'prefix' => '',
  'type' => '',
  'auto_start' => true,
)
[ info ] [ LOG ] INIT File
---------------------------------------------------------------
[ 2018-08-13T21:34:52+08:00 ] 127.0.0.1 127.0.0.1 POST /index/index/chart.html
[ info ] tp5.com/index/index/chart.html [运行时间：0.197011s][吞吐率：5.08req/s] [内存消耗：3,063.80kb] [文件加载：81]
[ info ] [ LANG ] D:\www\tp5\thinkphp\lang\zh-cn.php
[ info ] [ ROUTE ] array (
  'type' => 'module',
  'module' => 
  array (
    0 => 'index',
    1 => 'index',
    2 => 'chart',
  ),
)
[ info ] [ HEADER ] array (
  'host' => 'tp5.com',
  'connection' => 'keep-alive',
  'accept' => 'application/json, text/javascript, */*; q=0.01',
  'origin' => 'http://tp5.com',
  'x-requested-with' => 'XMLHttpRequest',
  'user-agent' => 'Mozilla/5.0 (Windows NT 6.1) AppleWebKit/537.36 (KHTML, like Gecko) Chrome/68.0.3440.84 Safari/537.36',
  'referer' => 'http://tp5.com/?XDEBUG_SESSION_START=10351',
  'accept-language' => 'zh-CN,zh;q=0.9',
  'cookie' => 'think_remember_me=11111111; PHPSESSID=dg4toisgsnvkc079lr52v07en3; thinkphp_show_page_trace=0|0',
  'accept-encoding' => 'gzip, deflate',
  'content-length' => '0',
)
[ info ] [ PARAM ] array (
)
[ info ] [ BEHAVIOR ] Run app\index\behavior\Test @module_init [ RunTime:0.000000s ]
[ info ] [ SESSION ] INIT array (
  'id' => '',
  'var_session_id' => '',
  'prefix' => '',
  'type' => '',
  'auto_start' => true,
)
[ info ] [ RUN ] app\index\controller\Index->chart[ D:\www\tp5\application\index\controller\Index.php ]
[ info ] [ DB ] INIT mysql
[ info ] [ LOG ] INIT File
[ sql ] [ DB ] CONNECT:[ UseTime:0.009000s ] mysql:dbname=tp5ceshi;host=127.0.0.1;port=3306;charset=utf8
[ sql ] [ SQL ] SHOW COLUMNS FROM `tp_daily_set` [ RunTime:0.046003s ]
[ sql ] [ SQL ] SELECT * FROM `tp_daily_set` WHERE  `date` <= 1534167292 ORDER BY id asc [ RunTime:0.010001s ]
---------------------------------------------------------------
[ 2018-08-13T21:35:21+08:00 ] 127.0.0.1 127.0.0.1 GET /?XDEBUG_SESSION_START=14675
[ info ] tp5.com/?XDEBUG_SESSION_START=14675 [运行时间：0.446026s][吞吐率：2.24req/s] [内存消耗：3,299.55kb] [文件加载：86]
[ info ] [ LANG ] D:\www\tp5\thinkphp\lang\zh-cn.php
[ info ] [ ROUTE ] array (
  'type' => 'module',
  'module' => 
  array (
    0 => '',
    1 => NULL,
    2 => NULL,
  ),
)
[ info ] [ HEADER ] array (
  'host' => 'tp5.com',
  'connection' => 'keep-alive',
  'upgrade-insecure-requests' => '1',
  'user-agent' => 'Mozilla/5.0 (Windows NT 6.1) AppleWebKit/537.36 (KHTML, like Gecko) Chrome/68.0.3440.84 Safari/537.36',
  'accept' => 'text/html,application/xhtml+xml,application/xml;q=0.9,image/webp,image/apng,*/*;q=0.8',
  'accept-language' => 'zh-CN,zh;q=0.9',
  'cookie' => 'think_remember_me=11111111; PHPSESSID=dg4toisgsnvkc079lr52v07en3; thinkphp_show_page_trace=0|0',
  'accept-encoding' => 'gzip, deflate',
)
[ info ] [ PARAM ] array (
  'XDEBUG_SESSION_START' => '14675',
)
[ info ] [ BEHAVIOR ] Run app\index\behavior\Test @module_init [ RunTime:0.003000s ]
[ info ] [ SESSION ] INIT array (
  'id' => '',
  'var_session_id' => '',
  'prefix' => '',
  'type' => '',
  'auto_start' => true,
)
[ info ] [ RUN ] app\index\controller\Index->index[ D:\www\tp5\application\index\controller\Index.php ]
[ info ] [ DB ] INIT mysql
[ info ] [ VIEW ] D:\www\tp5\public/../application/index\view\index\index.html [ array (
  0 => 'list',
  1 => 'page',
) ]
[ info ] [ LOG ] INIT File
[ sql ] [ DB ] CONNECT:[ UseTime:0.161009s ] mysql:dbname=tp5ceshi;host=127.0.0.1;port=3306;charset=utf8
[ sql ] [ SQL ] SHOW COLUMNS FROM `tp_user` [ RunTime:0.070004s ]
[ sql ] [ SQL ] SELECT COUNT(*) AS tp_count FROM `tp_user` WHERE  `status` = 1 LIMIT 1 [ RunTime:0.003001s ]
[ sql ] [ SQL ] SELECT * FROM `tp_user` WHERE  `status` = 1 ORDER BY id desc LIMIT 0,3 [ RunTime:0.004000s ]
---------------------------------------------------------------
[ 2018-08-13T21:35:22+08:00 ] 127.0.0.1 127.0.0.1 GET /captcha.html
[ info ] tp5.com/captcha.html [运行时间：0.135008s][吞吐率：7.41req/s] [内存消耗：1,727.36kb] [文件加载：56]
[ info ] [ LANG ] D:\www\tp5\thinkphp\lang\zh-cn.php
[ info ] [ ROUTE ] array (
  'type' => 'method',
  'method' => 
  array (
    0 => '\\think\\captcha\\CaptchaController',
    1 => 'index',
  ),
  'var' => 
  array (
  ),
)
[ info ] [ HEADER ] array (
  'host' => 'tp5.com',
  'connection' => 'keep-alive',
  'user-agent' => 'Mozilla/5.0 (Windows NT 6.1) AppleWebKit/537.36 (KHTML, like Gecko) Chrome/68.0.3440.84 Safari/537.36',
  'accept' => 'image/webp,image/apng,image/*,*/*;q=0.8',
  'referer' => 'http://tp5.com/?XDEBUG_SESSION_START=14675',
  'accept-language' => 'zh-CN,zh;q=0.9',
  'cookie' => 'think_remember_me=11111111; PHPSESSID=dg4toisgsnvkc079lr52v07en3; thinkphp_show_page_trace=0|0',
  'accept-encoding' => 'gzip, deflate',
)
[ info ] [ PARAM ] array (
  'id' => NULL,
)
[ info ] [ RUN ] think\captcha\CaptchaController->index[ D:\www\tp5\vendor\topthink\think-captcha\src\CaptchaController.php ]
[ info ] [ SESSION ] INIT array (
  'id' => '',
  'var_session_id' => '',
  'prefix' => '',
  'type' => '',
  'auto_start' => true,
)
[ info ] [ LOG ] INIT File
---------------------------------------------------------------
[ 2018-08-13T21:35:23+08:00 ] 127.0.0.1 127.0.0.1 POST /index/index/chart.html
[ info ] tp5.com/index/index/chart.html [运行时间：0.183010s][吞吐率：5.46req/s] [内存消耗：3,063.80kb] [文件加载：81]
[ info ] [ LANG ] D:\www\tp5\thinkphp\lang\zh-cn.php
[ info ] [ ROUTE ] array (
  'type' => 'module',
  'module' => 
  array (
    0 => 'index',
    1 => 'index',
    2 => 'chart',
  ),
)
[ info ] [ HEADER ] array (
  'host' => 'tp5.com',
  'connection' => 'keep-alive',
  'accept' => 'application/json, text/javascript, */*; q=0.01',
  'origin' => 'http://tp5.com',
  'x-requested-with' => 'XMLHttpRequest',
  'user-agent' => 'Mozilla/5.0 (Windows NT 6.1) AppleWebKit/537.36 (KHTML, like Gecko) Chrome/68.0.3440.84 Safari/537.36',
  'referer' => 'http://tp5.com/?XDEBUG_SESSION_START=14675',
  'accept-language' => 'zh-CN,zh;q=0.9',
  'cookie' => 'think_remember_me=11111111; PHPSESSID=dg4toisgsnvkc079lr52v07en3; thinkphp_show_page_trace=0|0',
  'accept-encoding' => 'gzip, deflate',
  'content-length' => '0',
)
[ info ] [ PARAM ] array (
)
[ info ] [ BEHAVIOR ] Run app\index\behavior\Test @module_init [ RunTime:0.000000s ]
[ info ] [ SESSION ] INIT array (
  'id' => '',
  'var_session_id' => '',
  'prefix' => '',
  'type' => '',
  'auto_start' => true,
)
[ info ] [ RUN ] app\index\controller\Index->chart[ D:\www\tp5\application\index\controller\Index.php ]
[ info ] [ DB ] INIT mysql
[ info ] [ LOG ] INIT File
[ sql ] [ DB ] CONNECT:[ UseTime:0.017001s ] mysql:dbname=tp5ceshi;host=127.0.0.1;port=3306;charset=utf8
[ sql ] [ SQL ] SHOW COLUMNS FROM `tp_daily_set` [ RunTime:0.045002s ]
[ sql ] [ SQL ] SELECT * FROM `tp_daily_set` WHERE  `date` <= 1534167323 ORDER BY id asc [ RunTime:0.002000s ]
---------------------------------------------------------------
[ 2018-08-13T21:36:14+08:00 ] 127.0.0.1 127.0.0.1 GET /
[ info ] tp5.com/ [运行时间：0.329019s][吞吐率：3.04req/s] [内存消耗：3,298.87kb] [文件加载：86]
[ info ] [ LANG ] D:\www\tp5\thinkphp\lang\zh-cn.php
[ info ] [ ROUTE ] array (
  'type' => 'module',
  'module' => 
  array (
    0 => '',
    1 => NULL,
    2 => NULL,
  ),
)
[ info ] [ HEADER ] array (
  'host' => 'tp5.com',
  'connection' => 'keep-alive',
  'upgrade-insecure-requests' => '1',
  'user-agent' => 'Mozilla/5.0 (Windows NT 6.1) AppleWebKit/537.36 (KHTML, like Gecko) Chrome/68.0.3440.84 Safari/537.36',
  'accept' => 'text/html,application/xhtml+xml,application/xml;q=0.9,image/webp,image/apng,*/*;q=0.8',
  'accept-language' => 'zh-CN,zh;q=0.9',
  'cookie' => 'think_remember_me=11111111; PHPSESSID=dg4toisgsnvkc079lr52v07en3; thinkphp_show_page_trace=0|0',
  'accept-encoding' => 'gzip, deflate',
)
[ info ] [ PARAM ] array (
)
[ info ] [ BEHAVIOR ] Run app\index\behavior\Test @module_init [ RunTime:0.001000s ]
[ info ] [ SESSION ] INIT array (
  'id' => '',
  'var_session_id' => '',
  'prefix' => '',
  'type' => '',
  'auto_start' => true,
)
[ info ] [ RUN ] app\index\controller\Index->index[ D:\www\tp5\application\index\controller\Index.php ]
[ info ] [ DB ] INIT mysql
[ info ] [ VIEW ] D:\www\tp5\public/../application/index\view\index\index.html [ array (
  0 => 'list',
  1 => 'page',
) ]
[ info ] [ LOG ] INIT File
[ sql ] [ DB ] CONNECT:[ UseTime:0.029001s ] mysql:dbname=tp5ceshi;host=127.0.0.1;port=3306;charset=utf8
[ sql ] [ SQL ] SHOW COLUMNS FROM `tp_user` [ RunTime:0.074004s ]
[ sql ] [ SQL ] SELECT COUNT(*) AS tp_count FROM `tp_user` WHERE  `status` = 1 LIMIT 1 [ RunTime:0.003000s ]
[ sql ] [ SQL ] SELECT * FROM `tp_user` WHERE  `status` = 1 ORDER BY id desc LIMIT 0,3 [ RunTime:0.002000s ]
---------------------------------------------------------------
[ 2018-08-13T21:36:14+08:00 ] 127.0.0.1 127.0.0.1 GET /captcha.html
[ info ] tp5.com/captcha.html [运行时间：0.135008s][吞吐率：7.41req/s] [内存消耗：1,727.16kb] [文件加载：56]
[ info ] [ LANG ] D:\www\tp5\thinkphp\lang\zh-cn.php
[ info ] [ ROUTE ] array (
  'type' => 'method',
  'method' => 
  array (
    0 => '\\think\\captcha\\CaptchaController',
    1 => 'index',
  ),
  'var' => 
  array (
  ),
)
[ info ] [ HEADER ] array (
  'host' => 'tp5.com',
  'connection' => 'keep-alive',
  'user-agent' => 'Mozilla/5.0 (Windows NT 6.1) AppleWebKit/537.36 (KHTML, like Gecko) Chrome/68.0.3440.84 Safari/537.36',
  'accept' => 'image/webp,image/apng,image/*,*/*;q=0.8',
  'referer' => 'http://tp5.com/',
  'accept-language' => 'zh-CN,zh;q=0.9',
  'cookie' => 'think_remember_me=11111111; PHPSESSID=dg4toisgsnvkc079lr52v07en3; thinkphp_show_page_trace=0|0',
  'accept-encoding' => 'gzip, deflate',
)
[ info ] [ PARAM ] array (
  'id' => NULL,
)
[ info ] [ RUN ] think\captcha\CaptchaController->index[ D:\www\tp5\vendor\topthink\think-captcha\src\CaptchaController.php ]
[ info ] [ SESSION ] INIT array (
  'id' => '',
  'var_session_id' => '',
  'prefix' => '',
  'type' => '',
  'auto_start' => true,
)
[ info ] [ LOG ] INIT File
---------------------------------------------------------------
[ 2018-08-13T21:36:15+08:00 ] 127.0.0.1 127.0.0.1 POST /index/index/chart.html
[ info ] tp5.com/index/index/chart.html [运行时间：0.281016s][吞吐率：3.56req/s] [内存消耗：3,063.72kb] [文件加载：81]
[ info ] [ LANG ] D:\www\tp5\thinkphp\lang\zh-cn.php
[ info ] [ ROUTE ] array (
  'type' => 'module',
  'module' => 
  array (
    0 => 'index',
    1 => 'index',
    2 => 'chart',
  ),
)
[ info ] [ HEADER ] array (
  'host' => 'tp5.com',
  'connection' => 'keep-alive',
  'accept' => 'application/json, text/javascript, */*; q=0.01',
  'origin' => 'http://tp5.com',
  'x-requested-with' => 'XMLHttpRequest',
  'user-agent' => 'Mozilla/5.0 (Windows NT 6.1) AppleWebKit/537.36 (KHTML, like Gecko) Chrome/68.0.3440.84 Safari/537.36',
  'referer' => 'http://tp5.com/',
  'accept-language' => 'zh-CN,zh;q=0.9',
  'cookie' => 'think_remember_me=11111111; PHPSESSID=dg4toisgsnvkc079lr52v07en3; thinkphp_show_page_trace=0|0',
  'accept-encoding' => 'gzip, deflate',
  'content-length' => '0',
)
[ info ] [ PARAM ] array (
)
[ info ] [ BEHAVIOR ] Run app\index\behavior\Test @module_init [ RunTime:0.000000s ]
[ info ] [ SESSION ] INIT array (
  'id' => '',
  'var_session_id' => '',
  'prefix' => '',
  'type' => '',
  'auto_start' => true,
)
[ info ] [ RUN ] app\index\controller\Index->chart[ D:\www\tp5\application\index\controller\Index.php ]
[ info ] [ DB ] INIT mysql
[ info ] [ LOG ] INIT File
[ sql ] [ DB ] CONNECT:[ UseTime:0.030002s ] mysql:dbname=tp5ceshi;host=127.0.0.1;port=3306;charset=utf8
[ sql ] [ SQL ] SHOW COLUMNS FROM `tp_daily_set` [ RunTime:0.055003s ]
[ sql ] [ SQL ] SELECT * FROM `tp_daily_set` WHERE  `date` <= 1534167375 ORDER BY id asc [ RunTime:0.004000s ]
