---------------------------------------------------------------
[ 2018-08-24T14:27:52+08:00 ] 127.0.0.1 127.0.0.1 GET /index/index/login.html
[ info ] tp5.com/index/index/login.html [运行时间：4.842277s][吞吐率：0.21req/s] [内存消耗：2,417.98kb] [文件加载：76]
[ info ] [ LANG ] D:\www\tp5\thinkphp\lang\zh-cn.php
[ info ] [ ROUTE ] array (
  'type' => 'module',
  'module' => 
  array (
    0 => 'index',
    1 => 'index',
    2 => 'login',
  ),
)
[ info ] [ HEADER ] array (
  'host' => 'tp5.com',
  'connection' => 'keep-alive',
  'upgrade-insecure-requests' => '1',
  'user-agent' => 'Mozilla/5.0 (Windows NT 6.1) AppleWebKit/537.36 (KHTML, like Gecko) Chrome/68.0.3440.84 Safari/537.36',
  'accept' => 'text/html,application/xhtml+xml,application/xml;q=0.9,image/webp,image/apng,*/*;q=0.8',
  'accept-language' => 'zh-CN,zh;q=0.9',
  'cookie' => 'OUTFOX_SEARCH_USER_ID_NCOO=355509674.6871818',
  'accept-encoding' => 'gzip, deflate',
)
[ info ] [ PARAM ] array (
)
[ info ] [ BEHAVIOR ] Run app\index\behavior\Test @module_init [ RunTime:0.026001s ]
[ info ] [ RUN ] app\index\controller\Index->login[ D:\www\tp5\application\index\controller\Index.php ]
[ info ] [ SESSION ] INIT array (
  'id' => '',
  'var_session_id' => '',
  'prefix' => '',
  'type' => '',
  'auto_start' => true,
)
[ info ] [ VIEW ] D:\www\tp5\public/../application/index\view\index\login.html [ array (
) ]
[ info ] [ BEHAVIOR ] Run app\demo\behavior\Demo @test1 [ RunTime:0.056003s ]
[ info ] [ LOG ] INIT File
---------------------------------------------------------------
[ 2018-08-24T21:03:23+08:00 ] 127.0.0.1 127.0.0.1 GET /index/index/login.html
[ info ] tp5.com/index/index/login.html [运行时间：2.431139s][吞吐率：0.41req/s] [内存消耗：2,418.34kb] [文件加载：76]
[ info ] [ LANG ] D:\www\tp5\thinkphp\lang\zh-cn.php
[ info ] [ ROUTE ] array (
  'type' => 'module',
  'module' => 
  array (
    0 => 'index',
    1 => 'index',
    2 => 'login',
  ),
)
[ info ] [ HEADER ] array (
  'host' => 'tp5.com',
  'connection' => 'keep-alive',
  'cache-control' => 'max-age=0',
  'upgrade-insecure-requests' => '1',
  'user-agent' => 'Mozilla/5.0 (Windows NT 6.1) AppleWebKit/537.36 (KHTML, like Gecko) Chrome/68.0.3440.84 Safari/537.36',
  'accept' => 'text/html,application/xhtml+xml,application/xml;q=0.9,image/webp,image/apng,*/*;q=0.8',
  'accept-language' => 'zh-CN,zh;q=0.9',
  'cookie' => 'thinkphp_show_page_trace=0|0; OUTFOX_SEARCH_USER_ID_NCOO=355509674.6871818; PHPSESSID=sj9vrr6avn4ohtt5i5e5visjb5',
  'accept-encoding' => 'gzip, deflate',
)
[ info ] [ PARAM ] array (
)
[ info ] [ BEHAVIOR ] Run app\index\behavior\Test @module_init [ RunTime:0.063003s ]
[ info ] [ RUN ] app\index\controller\Index->login[ D:\www\tp5\application\index\controller\Index.php ]
[ info ] [ SESSION ] INIT array (
  'id' => '',
  'var_session_id' => '',
  'prefix' => '',
  'type' => '',
  'auto_start' => true,
)
[ info ] [ VIEW ] D:\www\tp5\public/../application/index\view\index\login.html [ array (
) ]
[ info ] [ BEHAVIOR ] Run app\demo\behavior\Demo @test1 [ RunTime:0.035002s ]
[ info ] [ LOG ] INIT File
---------------------------------------------------------------
[ 2018-08-24T23:12:49+08:00 ] 127.0.0.1 127.0.0.1 GET /
[ info ] tp5.com/ [运行时间：2.730156s][吞吐率：0.37req/s] [内存消耗：2,011.89kb] [文件加载：74]
[ info ] [ LANG ] D:\www\tp5\thinkphp\lang\zh-cn.php
[ info ] [ ROUTE ] array (
  'type' => 'module',
  'module' => 
  array (
    0 => '',
    1 => NULL,
    2 => NULL,
  ),
)
[ info ] [ HEADER ] array (
  'accept-encoding' => 'gzip, deflate',
  'cookie' => 'OUTFOX_SEARCH_USER_ID_NCOO=355509674.6871818; PHPSESSID=sj9vrr6avn4ohtt5i5e5visjb5',
  'accept-language' => 'zh-CN,zh;q=0.9',
  'accept' => 'text/html,application/xhtml+xml,application/xml;q=0.9,image/webp,image/apng,*/*;q=0.8',
  'user-agent' => 'Mozilla/5.0 (Windows NT 6.1) AppleWebKit/537.36 (KHTML, like Gecko) Chrome/68.0.3440.84 Safari/537.36',
  'upgrade-insecure-requests' => '1',
  'connection' => 'close',
  'host' => 'tp5.com',
)
[ info ] [ PARAM ] array (
)
[ info ] [ BEHAVIOR ] Run app\index\behavior\Test @module_init [ RunTime:0.052003s ]
[ info ] [ SESSION ] INIT array (
  'id' => '',
  'var_session_id' => '',
  'prefix' => '',
  'type' => '',
  'auto_start' => true,
)
[ info ] [ LOG ] INIT File
---------------------------------------------------------------
[ 2018-08-24T23:17:07+08:00 ] 127.0.0.1 127.0.0.1 GET /index/index/login.html
[ info ] tp5.com/index/index/login.html [运行时间：0.565032s][吞吐率：1.77req/s] [内存消耗：2,419.22kb] [文件加载：76]
[ info ] [ LANG ] D:\www\tp5\thinkphp\lang\zh-cn.php
[ info ] [ ROUTE ] array (
  'type' => 'module',
  'module' => 
  array (
    0 => 'index',
    1 => 'index',
    2 => 'login',
  ),
)
[ info ] [ HEADER ] array (
  'host' => 'tp5.com',
  'connection' => 'keep-alive',
  'cache-control' => 'max-age=0',
  'upgrade-insecure-requests' => '1',
  'user-agent' => 'Mozilla/5.0 (Windows NT 6.1) AppleWebKit/537.36 (KHTML, like Gecko) Chrome/68.0.3440.84 Safari/537.36',
  'accept' => 'text/html,application/xhtml+xml,application/xml;q=0.9,image/webp,image/apng,*/*;q=0.8',
  'accept-language' => 'zh-CN,zh;q=0.9',
  'cookie' => 'thinkphp_show_page_trace=0|0; OUTFOX_SEARCH_USER_ID_NCOO=355509674.6871818; PHPSESSID=sj9vrr6avn4ohtt5i5e5visjb5',
  'accept-encoding' => 'gzip, deflate',
)
[ info ] [ PARAM ] array (
)
[ info ] [ BEHAVIOR ] Run app\index\behavior\Test @module_init [ RunTime:0.002001s ]
[ info ] [ RUN ] app\index\controller\Index->login[ D:\www\tp5\application\index\controller\Index.php ]
[ info ] [ SESSION ] INIT array (
  'id' => '',
  'var_session_id' => '',
  'prefix' => '',
  'type' => '',
  'auto_start' => true,
)
[ info ] [ VIEW ] D:\www\tp5\public/../application/index\view\index\login.html [ array (
) ]
[ info ] [ BEHAVIOR ] Run app\demo\behavior\Demo @test1 [ RunTime:0.050003s ]
[ info ] [ LOG ] INIT File
---------------------------------------------------------------
[ 2018-08-24T23:34:43+08:00 ] 127.0.0.1 127.0.0.1 GET /index/index/login.html
[ info ] tp5.com/index/index/login.html [运行时间：0.164009s][吞吐率：6.10req/s] [内存消耗：1,998.08kb] [文件加载：76]
[ info ] [ LANG ] D:\www\tp5\thinkphp\lang\zh-cn.php
[ info ] [ ROUTE ] array (
  'type' => 'module',
  'module' => 
  array (
    0 => 'index',
    1 => 'index',
    2 => 'login',
  ),
)
[ info ] [ HEADER ] array (
  'accept-encoding' => 'gzip, deflate',
  'cookie' => 'thinkphp_show_page_trace=0|0; OUTFOX_SEARCH_USER_ID_NCOO=355509674.6871818; PHPSESSID=sj9vrr6avn4ohtt5i5e5visjb5',
  'accept-language' => 'zh-CN,zh;q=0.9',
  'accept' => 'text/html,application/xhtml+xml,application/xml;q=0.9,image/webp,image/apng,*/*;q=0.8',
  'user-agent' => 'Mozilla/5.0 (Windows NT 6.1) AppleWebKit/537.36 (KHTML, like Gecko) Chrome/68.0.3440.84 Safari/537.36',
  'upgrade-insecure-requests' => '1',
  'cache-control' => 'max-age=0',
  'connection' => 'close',
  'host' => 'tp5.com',
)
[ info ] [ PARAM ] array (
  '/index/index/login_html' => '',
)
[ info ] [ BEHAVIOR ] Run app\index\behavior\Test @module_init [ RunTime:0.001001s ]
[ info ] [ RUN ] app\index\controller\Index->login[ D:\www\tp5\application\index\controller\Index.php ]
[ info ] [ SESSION ] INIT array (
  'id' => '',
  'var_session_id' => '',
  'prefix' => '',
  'type' => '',
  'auto_start' => true,
)
[ info ] [ VIEW ] D:\www\tp5\public/../application/index\view\index\login.html [ array (
) ]
[ info ] [ BEHAVIOR ] Run app\demo\behavior\Demo @test1 [ RunTime:0.001000s ]
[ info ] [ LOG ] INIT File
---------------------------------------------------------------
[ 2018-08-24T23:35:07+08:00 ] 127.0.0.1 127.0.0.1 GET /index/index/ceshi
[ info ] tp5.com/index/index/ceshi [运行时间：0.069004s][吞吐率：14.49req/s] [内存消耗：2,015.33kb] [文件加载：74]
[ info ] [ LANG ] D:\www\tp5\thinkphp\lang\zh-cn.php
[ info ] [ ROUTE ] array (
  'type' => 'module',
  'module' => 
  array (
    0 => 'index',
    1 => 'index',
    2 => 'ceshi',
  ),
)
[ info ] [ HEADER ] array (
  'accept-encoding' => 'gzip, deflate',
  'cookie' => 'thinkphp_show_page_trace=0|0; OUTFOX_SEARCH_USER_ID_NCOO=355509674.6871818; PHPSESSID=sj9vrr6avn4ohtt5i5e5visjb5',
  'accept-language' => 'zh-CN,zh;q=0.9',
  'accept' => 'text/html,application/xhtml+xml,application/xml;q=0.9,image/webp,image/apng,*/*;q=0.8',
  'user-agent' => 'Mozilla/5.0 (Windows NT 6.1) AppleWebKit/537.36 (KHTML, like Gecko) Chrome/68.0.3440.84 Safari/537.36',
  'upgrade-insecure-requests' => '1',
  'connection' => 'close',
  'host' => 'tp5.com',
)
[ info ] [ PARAM ] array (
  '/index/index/ceshi' => '',
)
[ info ] [ BEHAVIOR ] Run app\index\behavior\Test @module_init [ RunTime:0.001000s ]
[ info ] [ SESSION ] INIT array (
  'id' => '',
  'var_session_id' => '',
  'prefix' => '',
  'type' => '',
  'auto_start' => true,
)
[ info ] [ LOG ] INIT File
---------------------------------------------------------------
[ 2018-08-24T23:35:07+08:00 ] 127.0.0.1 127.0.0.1 GET /index/index/login.html
[ info ] tp5.com/index/index/login.html [运行时间：0.170010s][吞吐率：5.88req/s] [内存消耗：1,997.60kb] [文件加载：76]
[ info ] [ LANG ] D:\www\tp5\thinkphp\lang\zh-cn.php
[ info ] [ ROUTE ] array (
  'type' => 'module',
  'module' => 
  array (
    0 => 'index',
    1 => 'index',
    2 => 'login',
  ),
)
[ info ] [ HEADER ] array (
  'accept-encoding' => 'gzip, deflate',
  'cookie' => 'thinkphp_show_page_trace=0|0; OUTFOX_SEARCH_USER_ID_NCOO=355509674.6871818; PHPSESSID=sj9vrr6avn4ohtt5i5e5visjb5',
  'accept-language' => 'zh-CN,zh;q=0.9',
  'accept' => 'text/html,application/xhtml+xml,application/xml;q=0.9,image/webp,image/apng,*/*;q=0.8',
  'user-agent' => 'Mozilla/5.0 (Windows NT 6.1) AppleWebKit/537.36 (KHTML, like Gecko) Chrome/68.0.3440.84 Safari/537.36',
  'upgrade-insecure-requests' => '1',
  'connection' => 'close',
  'host' => 'tp5.com',
)
[ info ] [ PARAM ] array (
  '/index/index/login_html' => '',
)
[ info ] [ BEHAVIOR ] Run app\index\behavior\Test @module_init [ RunTime:0.001000s ]
[ info ] [ RUN ] app\index\controller\Index->login[ D:\www\tp5\application\index\controller\Index.php ]
[ info ] [ SESSION ] INIT array (
  'id' => '',
  'var_session_id' => '',
  'prefix' => '',
  'type' => '',
  'auto_start' => true,
)
[ info ] [ VIEW ] D:\www\tp5\public/../application/index\view\index\login.html [ array (
) ]
[ info ] [ BEHAVIOR ] Run app\demo\behavior\Demo @test1 [ RunTime:0.000000s ]
[ info ] [ LOG ] INIT File
---------------------------------------------------------------
[ 2018-08-24T23:35:19+08:00 ] 127.0.0.1 127.0.0.1 POST /index/index/login.html
[ info ] tp5.com/index/index/login.html [运行时间：0.100005s][吞吐率：10.00req/s] [内存消耗：2,018.14kb] [文件加载：74]
[ info ] [ LANG ] D:\www\tp5\thinkphp\lang\zh-cn.php
[ info ] [ ROUTE ] array (
  'type' => 'module',
  'module' => 
  array (
    0 => 'index',
    1 => 'index',
    2 => 'login',
  ),
)
[ info ] [ HEADER ] array (
  'content-length' => '37',
  'accept-encoding' => 'gzip, deflate',
  'cookie' => 'thinkphp_show_page_trace=0|0; OUTFOX_SEARCH_USER_ID_NCOO=355509674.6871818; PHPSESSID=sj9vrr6avn4ohtt5i5e5visjb5',
  'accept-language' => 'zh-CN,zh;q=0.9',
  'referer' => 'http://tp5.com/index/index/login.html',
  'accept' => 'text/html,application/xhtml+xml,application/xml;q=0.9,image/webp,image/apng,*/*;q=0.8',
  'user-agent' => 'Mozilla/5.0 (Windows NT 6.1) AppleWebKit/537.36 (KHTML, like Gecko) Chrome/68.0.3440.84 Safari/537.36',
  'content-type' => 'application/x-www-form-urlencoded',
  'upgrade-insecure-requests' => '1',
  'origin' => 'http://tp5.com',
  'cache-control' => 'max-age=0',
  'connection' => 'close',
  'host' => 'tp5.com',
)
[ info ] [ PARAM ] array (
  '/index/index/login_html' => '',
  'user' => '1111111111',
  'password' => '111111111111',
)
[ info ] [ BEHAVIOR ] Run app\index\behavior\Test @module_init [ RunTime:0.001000s ]
[ info ] [ RUN ] app\index\controller\Index->login[ D:\www\tp5\application\index\controller\Index.php ]
[ info ] [ SESSION ] INIT array (
  'id' => '',
  'var_session_id' => '',
  'prefix' => '',
  'type' => '',
  'auto_start' => true,
)
[ info ] [ LOG ] INIT File
---------------------------------------------------------------
[ 2018-08-24T23:35:20+08:00 ] 127.0.0.1 127.0.0.1 GET /index/index/index.html
[ info ] tp5.com/index/index/index.html [运行时间：0.813047s][吞吐率：1.23req/s] [内存消耗：3,116.23kb] [文件加载：85]
[ info ] [ LANG ] D:\www\tp5\thinkphp\lang\zh-cn.php
[ info ] [ ROUTE ] array (
  'type' => 'module',
  'module' => 
  array (
    0 => 'index',
    1 => 'index',
    2 => 'index',
  ),
)
[ info ] [ HEADER ] array (
  'accept-encoding' => 'gzip, deflate',
  'cookie' => 'thinkphp_show_page_trace=0|0; OUTFOX_SEARCH_USER_ID_NCOO=355509674.6871818; PHPSESSID=sj9vrr6avn4ohtt5i5e5visjb5; think_remember_me=1111111111',
  'accept-language' => 'zh-CN,zh;q=0.9',
  'referer' => 'http://tp5.com/index/index/login.html',
  'accept' => 'text/html,application/xhtml+xml,application/xml;q=0.9,image/webp,image/apng,*/*;q=0.8',
  'user-agent' => 'Mozilla/5.0 (Windows NT 6.1) AppleWebKit/537.36 (KHTML, like Gecko) Chrome/68.0.3440.84 Safari/537.36',
  'upgrade-insecure-requests' => '1',
  'cache-control' => 'max-age=0',
  'connection' => 'close',
  'host' => 'tp5.com',
)
[ info ] [ PARAM ] array (
  '/index/index/index_html' => '',
)
[ info ] [ BEHAVIOR ] Run app\index\behavior\Test @module_init [ RunTime:0.001000s ]
[ info ] [ SESSION ] INIT array (
  'id' => '',
  'var_session_id' => '',
  'prefix' => '',
  'type' => '',
  'auto_start' => true,
)
[ info ] [ RUN ] app\index\controller\Index->index[ D:\www\tp5\application\index\controller\Index.php ]
[ info ] [ DB ] INIT mysql
[ info ] [ VIEW ] D:\www\tp5\public/../application/index\view\index\index.html [ array (
  0 => 'list',
  1 => 'page',
) ]
[ info ] [ LOG ] INIT File
[ sql ] [ DB ] CONNECT:[ UseTime:0.073004s ] mysql:dbname=tp5ceshi;host=127.0.0.1;port=3306;charset=utf8
[ sql ] [ SQL ] SHOW COLUMNS FROM `tp_user` [ RunTime:0.127007s ]
[ sql ] [ SQL ] SELECT COUNT(*) AS tp_count FROM `tp_user` WHERE  `status` = 1 LIMIT 1 [ RunTime:0.006000s ]
[ sql ] [ SQL ] SELECT * FROM `tp_user` WHERE  `status` = 1 ORDER BY id desc LIMIT 0,3 [ RunTime:0.006001s ]
---------------------------------------------------------------
[ 2018-08-24T23:35:21+08:00 ] 127.0.0.1 127.0.0.1 GET /captcha.html
[ info ] tp5.com/captcha.html [运行时间：0.541031s][吞吐率：1.85req/s] [内存消耗：1,635.21kb] [文件加载：56]
[ info ] [ LANG ] D:\www\tp5\thinkphp\lang\zh-cn.php
[ info ] [ ROUTE ] array (
  'type' => 'method',
  'method' => 
  array (
    0 => '\\think\\captcha\\CaptchaController',
    1 => 'index',
  ),
  'var' => 
  array (
  ),
)
[ info ] [ HEADER ] array (
  'accept-encoding' => 'gzip, deflate',
  'cookie' => 'OUTFOX_SEARCH_USER_ID_NCOO=355509674.6871818; PHPSESSID=sj9vrr6avn4ohtt5i5e5visjb5; think_remember_me=1111111111',
  'accept-language' => 'zh-CN,zh;q=0.9',
  'referer' => 'http://tp5.com/index/index/index.html',
  'accept' => 'image/webp,image/apng,image/*,*/*;q=0.8',
  'user-agent' => 'Mozilla/5.0 (Windows NT 6.1) AppleWebKit/537.36 (KHTML, like Gecko) Chrome/68.0.3440.84 Safari/537.36',
  'connection' => 'close',
  'host' => 'tp5.com',
)
[ info ] [ PARAM ] array (
  '/captcha_html' => '',
  'id' => NULL,
)
[ info ] [ RUN ] think\captcha\CaptchaController->index[ D:\www\tp5\vendor\topthink\think-captcha\src\CaptchaController.php ]
[ info ] [ SESSION ] INIT array (
  'id' => '',
  'var_session_id' => '',
  'prefix' => '',
  'type' => '',
  'auto_start' => true,
)
[ info ] [ LOG ] INIT File
---------------------------------------------------------------
[ 2018-08-24T23:35:21+08:00 ] 127.0.0.1 127.0.0.1 POST /index/index/chart.html
[ info ] tp5.com/index/index/chart.html [运行时间：0.299017s][吞吐率：3.34req/s] [内存消耗：2,884.47kb] [文件加载：80]
[ info ] [ LANG ] D:\www\tp5\thinkphp\lang\zh-cn.php
[ info ] [ ROUTE ] array (
  'type' => 'module',
  'module' => 
  array (
    0 => 'index',
    1 => 'index',
    2 => 'chart',
  ),
)
[ info ] [ HEADER ] array (
  'content-length' => '0',
  'accept-encoding' => 'gzip, deflate',
  'cookie' => 'thinkphp_show_page_trace=0|0; OUTFOX_SEARCH_USER_ID_NCOO=355509674.6871818; PHPSESSID=sj9vrr6avn4ohtt5i5e5visjb5; think_remember_me=1111111111',
  'accept-language' => 'zh-CN,zh;q=0.9',
  'referer' => 'http://tp5.com/index/index/index.html',
  'user-agent' => 'Mozilla/5.0 (Windows NT 6.1) AppleWebKit/537.36 (KHTML, like Gecko) Chrome/68.0.3440.84 Safari/537.36',
  'x-requested-with' => 'XMLHttpRequest',
  'origin' => 'http://tp5.com',
  'accept' => 'application/json, text/javascript, */*; q=0.01',
  'connection' => 'close',
  'host' => 'tp5.com',
)
[ info ] [ PARAM ] array (
  '/index/index/chart_html' => '',
)
[ info ] [ BEHAVIOR ] Run app\index\behavior\Test @module_init [ RunTime:0.000000s ]
[ info ] [ SESSION ] INIT array (
  'id' => '',
  'var_session_id' => '',
  'prefix' => '',
  'type' => '',
  'auto_start' => true,
)
[ info ] [ RUN ] app\index\controller\Index->chart[ D:\www\tp5\application\index\controller\Index.php ]
[ info ] [ DB ] INIT mysql
[ info ] [ LOG ] INIT File
[ sql ] [ DB ] CONNECT:[ UseTime:0.006000s ] mysql:dbname=tp5ceshi;host=127.0.0.1;port=3306;charset=utf8
[ sql ] [ SQL ] SHOW COLUMNS FROM `tp_daily_set` [ RunTime:0.087005s ]
[ sql ] [ SQL ] SELECT * FROM `tp_daily_set` WHERE  `date` <= 1535124921 ORDER BY id asc [ RunTime:0.002000s ]
---------------------------------------------------------------
[ 2018-08-24T23:36:55+08:00 ] 127.0.0.1 127.0.0.1 GET /captcha.html?x=0.5069049831287773
[ info ] tp5.com/captcha.html?x=0.5069049831287773 [运行时间：0.080004s][吞吐率：12.50req/s] [内存消耗：1,635.46kb] [文件加载：56]
[ info ] [ LANG ] D:\www\tp5\thinkphp\lang\zh-cn.php
[ info ] [ ROUTE ] array (
  'type' => 'method',
  'method' => 
  array (
    0 => '\\think\\captcha\\CaptchaController',
    1 => 'index',
  ),
  'var' => 
  array (
  ),
)
[ info ] [ HEADER ] array (
  'accept-encoding' => 'gzip, deflate',
  'cookie' => 'OUTFOX_SEARCH_USER_ID_NCOO=355509674.6871818; PHPSESSID=sj9vrr6avn4ohtt5i5e5visjb5; think_remember_me=1111111111',
  'accept-language' => 'zh-CN,zh;q=0.9',
  'referer' => 'http://tp5.com/index/index/index.html',
  'accept' => 'image/webp,image/apng,image/*,*/*;q=0.8',
  'user-agent' => 'Mozilla/5.0 (Windows NT 6.1) AppleWebKit/537.36 (KHTML, like Gecko) Chrome/68.0.3440.84 Safari/537.36',
  'connection' => 'close',
  'host' => 'tp5.com',
)
[ info ] [ PARAM ] array (
  '/captcha_html' => '',
  'x' => '0.5069049831287773',
  'id' => NULL,
)
[ info ] [ RUN ] think\captcha\CaptchaController->index[ D:\www\tp5\vendor\topthink\think-captcha\src\CaptchaController.php ]
[ info ] [ SESSION ] INIT array (
  'id' => '',
  'var_session_id' => '',
  'prefix' => '',
  'type' => '',
  'auto_start' => true,
)
[ info ] [ LOG ] INIT File
---------------------------------------------------------------
[ 2018-08-24T23:36:56+08:00 ] 127.0.0.1 127.0.0.1 GET /captcha.html?x=0.5795713454922262
[ info ] tp5.com/captcha.html?x=0.5795713454922262 [运行时间：0.113007s][吞吐率：8.85req/s] [内存消耗：1,635.45kb] [文件加载：56]
[ info ] [ LANG ] D:\www\tp5\thinkphp\lang\zh-cn.php
[ info ] [ ROUTE ] array (
  'type' => 'method',
  'method' => 
  array (
    0 => '\\think\\captcha\\CaptchaController',
    1 => 'index',
  ),
  'var' => 
  array (
  ),
)
[ info ] [ HEADER ] array (
  'accept-encoding' => 'gzip, deflate',
  'cookie' => 'OUTFOX_SEARCH_USER_ID_NCOO=355509674.6871818; PHPSESSID=sj9vrr6avn4ohtt5i5e5visjb5; think_remember_me=1111111111',
  'accept-language' => 'zh-CN,zh;q=0.9',
  'referer' => 'http://tp5.com/index/index/index.html',
  'accept' => 'image/webp,image/apng,image/*,*/*;q=0.8',
  'user-agent' => 'Mozilla/5.0 (Windows NT 6.1) AppleWebKit/537.36 (KHTML, like Gecko) Chrome/68.0.3440.84 Safari/537.36',
  'connection' => 'close',
  'host' => 'tp5.com',
)
[ info ] [ PARAM ] array (
  '/captcha_html' => '',
  'x' => '0.5795713454922262',
  'id' => NULL,
)
[ info ] [ RUN ] think\captcha\CaptchaController->index[ D:\www\tp5\vendor\topthink\think-captcha\src\CaptchaController.php ]
[ info ] [ SESSION ] INIT array (
  'id' => '',
  'var_session_id' => '',
  'prefix' => '',
  'type' => '',
  'auto_start' => true,
)
[ info ] [ LOG ] INIT File
---------------------------------------------------------------
[ 2018-08-24T23:36:56+08:00 ] 127.0.0.1 127.0.0.1 GET /captcha.html?x=0.10438710448018673
[ info ] tp5.com/captcha.html?x=0.10438710448018673 [运行时间：0.059003s][吞吐率：16.95req/s] [内存消耗：1,635.45kb] [文件加载：56]
[ info ] [ LANG ] D:\www\tp5\thinkphp\lang\zh-cn.php
[ info ] [ ROUTE ] array (
  'type' => 'method',
  'method' => 
  array (
    0 => '\\think\\captcha\\CaptchaController',
    1 => 'index',
  ),
  'var' => 
  array (
  ),
)
[ info ] [ HEADER ] array (
  'accept-encoding' => 'gzip, deflate',
  'cookie' => 'OUTFOX_SEARCH_USER_ID_NCOO=355509674.6871818; PHPSESSID=sj9vrr6avn4ohtt5i5e5visjb5; think_remember_me=1111111111',
  'accept-language' => 'zh-CN,zh;q=0.9',
  'referer' => 'http://tp5.com/index/index/index.html',
  'accept' => 'image/webp,image/apng,image/*,*/*;q=0.8',
  'user-agent' => 'Mozilla/5.0 (Windows NT 6.1) AppleWebKit/537.36 (KHTML, like Gecko) Chrome/68.0.3440.84 Safari/537.36',
  'connection' => 'close',
  'host' => 'tp5.com',
)
[ info ] [ PARAM ] array (
  '/captcha_html' => '',
  'x' => '0.10438710448018673',
  'id' => NULL,
)
[ info ] [ RUN ] think\captcha\CaptchaController->index[ D:\www\tp5\vendor\topthink\think-captcha\src\CaptchaController.php ]
[ info ] [ SESSION ] INIT array (
  'id' => '',
  'var_session_id' => '',
  'prefix' => '',
  'type' => '',
  'auto_start' => true,
)
[ info ] [ LOG ] INIT File
---------------------------------------------------------------
[ 2018-08-24T23:36:57+08:00 ] 127.0.0.1 127.0.0.1 GET /captcha.html?x=0.6830555469387962
[ info ] tp5.com/captcha.html?x=0.6830555469387962 [运行时间：0.163010s][吞吐率：6.13req/s] [内存消耗：1,635.46kb] [文件加载：56]
[ info ] [ LANG ] D:\www\tp5\thinkphp\lang\zh-cn.php
[ info ] [ ROUTE ] array (
  'type' => 'method',
  'method' => 
  array (
    0 => '\\think\\captcha\\CaptchaController',
    1 => 'index',
  ),
  'var' => 
  array (
  ),
)
[ info ] [ HEADER ] array (
  'accept-encoding' => 'gzip, deflate',
  'cookie' => 'OUTFOX_SEARCH_USER_ID_NCOO=355509674.6871818; PHPSESSID=sj9vrr6avn4ohtt5i5e5visjb5; think_remember_me=1111111111',
  'accept-language' => 'zh-CN,zh;q=0.9',
  'referer' => 'http://tp5.com/index/index/index.html',
  'accept' => 'image/webp,image/apng,image/*,*/*;q=0.8',
  'user-agent' => 'Mozilla/5.0 (Windows NT 6.1) AppleWebKit/537.36 (KHTML, like Gecko) Chrome/68.0.3440.84 Safari/537.36',
  'connection' => 'close',
  'host' => 'tp5.com',
)
[ info ] [ PARAM ] array (
  '/captcha_html' => '',
  'x' => '0.6830555469387962',
  'id' => NULL,
)
[ info ] [ RUN ] think\captcha\CaptchaController->index[ D:\www\tp5\vendor\topthink\think-captcha\src\CaptchaController.php ]
[ info ] [ SESSION ] INIT array (
  'id' => '',
  'var_session_id' => '',
  'prefix' => '',
  'type' => '',
  'auto_start' => true,
)
[ info ] [ LOG ] INIT File
---------------------------------------------------------------
[ 2018-08-24T23:36:57+08:00 ] 127.0.0.1 127.0.0.1 GET /captcha.html?x=0.32955791262073353
[ info ] tp5.com/captcha.html?x=0.32955791262073353 [运行时间：0.121007s][吞吐率：8.26req/s] [内存消耗：1,635.44kb] [文件加载：56]
[ info ] [ LANG ] D:\www\tp5\thinkphp\lang\zh-cn.php
[ info ] [ ROUTE ] array (
  'type' => 'method',
  'method' => 
  array (
    0 => '\\think\\captcha\\CaptchaController',
    1 => 'index',
  ),
  'var' => 
  array (
  ),
)
[ info ] [ HEADER ] array (
  'accept-encoding' => 'gzip, deflate',
  'cookie' => 'OUTFOX_SEARCH_USER_ID_NCOO=355509674.6871818; PHPSESSID=sj9vrr6avn4ohtt5i5e5visjb5; think_remember_me=1111111111',
  'accept-language' => 'zh-CN,zh;q=0.9',
  'referer' => 'http://tp5.com/index/index/index.html',
  'accept' => 'image/webp,image/apng,image/*,*/*;q=0.8',
  'user-agent' => 'Mozilla/5.0 (Windows NT 6.1) AppleWebKit/537.36 (KHTML, like Gecko) Chrome/68.0.3440.84 Safari/537.36',
  'connection' => 'close',
  'host' => 'tp5.com',
)
[ info ] [ PARAM ] array (
  '/captcha_html' => '',
  'x' => '0.32955791262073353',
  'id' => NULL,
)
[ info ] [ RUN ] think\captcha\CaptchaController->index[ D:\www\tp5\vendor\topthink\think-captcha\src\CaptchaController.php ]
[ info ] [ SESSION ] INIT array (
  'id' => '',
  'var_session_id' => '',
  'prefix' => '',
  'type' => '',
  'auto_start' => true,
)
[ info ] [ LOG ] INIT File
---------------------------------------------------------------
[ 2018-08-24T23:36:57+08:00 ] 127.0.0.1 127.0.0.1 GET /captcha.html?x=0.0318243907772473
[ info ] tp5.com/captcha.html?x=0.0318243907772473 [运行时间：0.078004s][吞吐率：12.82req/s] [内存消耗：1,635.38kb] [文件加载：56]
[ info ] [ LANG ] D:\www\tp5\thinkphp\lang\zh-cn.php
[ info ] [ ROUTE ] array (
  'type' => 'method',
  'method' => 
  array (
    0 => '\\think\\captcha\\CaptchaController',
    1 => 'index',
  ),
  'var' => 
  array (
  ),
)
[ info ] [ HEADER ] array (
  'accept-encoding' => 'gzip, deflate',
  'cookie' => 'OUTFOX_SEARCH_USER_ID_NCOO=355509674.6871818; PHPSESSID=sj9vrr6avn4ohtt5i5e5visjb5; think_remember_me=1111111111',
  'accept-language' => 'zh-CN,zh;q=0.9',
  'referer' => 'http://tp5.com/index/index/index.html',
  'accept' => 'image/webp,image/apng,image/*,*/*;q=0.8',
  'user-agent' => 'Mozilla/5.0 (Windows NT 6.1) AppleWebKit/537.36 (KHTML, like Gecko) Chrome/68.0.3440.84 Safari/537.36',
  'connection' => 'close',
  'host' => 'tp5.com',
)
[ info ] [ PARAM ] array (
  '/captcha_html' => '',
  'x' => '0.0318243907772473',
  'id' => NULL,
)
[ info ] [ RUN ] think\captcha\CaptchaController->index[ D:\www\tp5\vendor\topthink\think-captcha\src\CaptchaController.php ]
[ info ] [ SESSION ] INIT array (
  'id' => '',
  'var_session_id' => '',
  'prefix' => '',
  'type' => '',
  'auto_start' => true,
)
[ info ] [ LOG ] INIT File
---------------------------------------------------------------
[ 2018-08-24T23:36:58+08:00 ] 127.0.0.1 127.0.0.1 GET /captcha.html?x=0.3556525942283717
[ info ] tp5.com/captcha.html?x=0.3556525942283717 [运行时间：0.119007s][吞吐率：8.40req/s] [内存消耗：1,635.48kb] [文件加载：56]
[ info ] [ LANG ] D:\www\tp5\thinkphp\lang\zh-cn.php
[ info ] [ ROUTE ] array (
  'type' => 'method',
  'method' => 
  array (
    0 => '\\think\\captcha\\CaptchaController',
    1 => 'index',
  ),
  'var' => 
  array (
  ),
)
[ info ] [ HEADER ] array (
  'accept-encoding' => 'gzip, deflate',
  'cookie' => 'OUTFOX_SEARCH_USER_ID_NCOO=355509674.6871818; PHPSESSID=sj9vrr6avn4ohtt5i5e5visjb5; think_remember_me=1111111111',
  'accept-language' => 'zh-CN,zh;q=0.9',
  'referer' => 'http://tp5.com/index/index/index.html',
  'accept' => 'image/webp,image/apng,image/*,*/*;q=0.8',
  'user-agent' => 'Mozilla/5.0 (Windows NT 6.1) AppleWebKit/537.36 (KHTML, like Gecko) Chrome/68.0.3440.84 Safari/537.36',
  'connection' => 'close',
  'host' => 'tp5.com',
)
[ info ] [ PARAM ] array (
  '/captcha_html' => '',
  'x' => '0.3556525942283717',
  'id' => NULL,
)
[ info ] [ RUN ] think\captcha\CaptchaController->index[ D:\www\tp5\vendor\topthink\think-captcha\src\CaptchaController.php ]
[ info ] [ SESSION ] INIT array (
  'id' => '',
  'var_session_id' => '',
  'prefix' => '',
  'type' => '',
  'auto_start' => true,
)
[ info ] [ LOG ] INIT File
---------------------------------------------------------------
[ 2018-08-24T23:36:58+08:00 ] 127.0.0.1 127.0.0.1 GET /captcha.html?x=0.8433995168791677
[ info ] tp5.com/captcha.html?x=0.8433995168791677 [运行时间：0.120007s][吞吐率：8.33req/s] [内存消耗：1,635.45kb] [文件加载：56]
[ info ] [ LANG ] D:\www\tp5\thinkphp\lang\zh-cn.php
[ info ] [ ROUTE ] array (
  'type' => 'method',
  'method' => 
  array (
    0 => '\\think\\captcha\\CaptchaController',
    1 => 'index',
  ),
  'var' => 
  array (
  ),
)
[ info ] [ HEADER ] array (
  'accept-encoding' => 'gzip, deflate',
  'cookie' => 'OUTFOX_SEARCH_USER_ID_NCOO=355509674.6871818; PHPSESSID=sj9vrr6avn4ohtt5i5e5visjb5; think_remember_me=1111111111',
  'accept-language' => 'zh-CN,zh;q=0.9',
  'referer' => 'http://tp5.com/index/index/index.html',
  'accept' => 'image/webp,image/apng,image/*,*/*;q=0.8',
  'user-agent' => 'Mozilla/5.0 (Windows NT 6.1) AppleWebKit/537.36 (KHTML, like Gecko) Chrome/68.0.3440.84 Safari/537.36',
  'connection' => 'close',
  'host' => 'tp5.com',
)
[ info ] [ PARAM ] array (
  '/captcha_html' => '',
  'x' => '0.8433995168791677',
  'id' => NULL,
)
[ info ] [ RUN ] think\captcha\CaptchaController->index[ D:\www\tp5\vendor\topthink\think-captcha\src\CaptchaController.php ]
[ info ] [ SESSION ] INIT array (
  'id' => '',
  'var_session_id' => '',
  'prefix' => '',
  'type' => '',
  'auto_start' => true,
)
[ info ] [ LOG ] INIT File
---------------------------------------------------------------
[ 2018-08-24T23:36:58+08:00 ] 127.0.0.1 127.0.0.1 GET /captcha.html?x=0.023993912485041013
[ info ] tp5.com/captcha.html?x=0.023993912485041013 [运行时间：0.060004s][吞吐率：16.67req/s] [内存消耗：1,635.47kb] [文件加载：56]
[ info ] [ LANG ] D:\www\tp5\thinkphp\lang\zh-cn.php
[ info ] [ ROUTE ] array (
  'type' => 'method',
  'method' => 
  array (
    0 => '\\think\\captcha\\CaptchaController',
    1 => 'index',
  ),
  'var' => 
  array (
  ),
)
[ info ] [ HEADER ] array (
  'accept-encoding' => 'gzip, deflate',
  'cookie' => 'OUTFOX_SEARCH_USER_ID_NCOO=355509674.6871818; PHPSESSID=sj9vrr6avn4ohtt5i5e5visjb5; think_remember_me=1111111111',
  'accept-language' => 'zh-CN,zh;q=0.9',
  'referer' => 'http://tp5.com/index/index/index.html',
  'accept' => 'image/webp,image/apng,image/*,*/*;q=0.8',
  'user-agent' => 'Mozilla/5.0 (Windows NT 6.1) AppleWebKit/537.36 (KHTML, like Gecko) Chrome/68.0.3440.84 Safari/537.36',
  'connection' => 'close',
  'host' => 'tp5.com',
)
[ info ] [ PARAM ] array (
  '/captcha_html' => '',
  'x' => '0.023993912485041013',
  'id' => NULL,
)
[ info ] [ RUN ] think\captcha\CaptchaController->index[ D:\www\tp5\vendor\topthink\think-captcha\src\CaptchaController.php ]
[ info ] [ SESSION ] INIT array (
  'id' => '',
  'var_session_id' => '',
  'prefix' => '',
  'type' => '',
  'auto_start' => true,
)
[ info ] [ LOG ] INIT File
---------------------------------------------------------------
[ 2018-08-24T23:36:59+08:00 ] 127.0.0.1 127.0.0.1 GET /captcha.html?x=0.269497151787508
[ info ] tp5.com/captcha.html?x=0.269497151787508 [运行时间：0.081005s][吞吐率：12.34req/s] [内存消耗：1,635.44kb] [文件加载：56]
[ info ] [ LANG ] D:\www\tp5\thinkphp\lang\zh-cn.php
[ info ] [ ROUTE ] array (
  'type' => 'method',
  'method' => 
  array (
    0 => '\\think\\captcha\\CaptchaController',
    1 => 'index',
  ),
  'var' => 
  array (
  ),
)
[ info ] [ HEADER ] array (
  'accept-encoding' => 'gzip, deflate',
  'cookie' => 'OUTFOX_SEARCH_USER_ID_NCOO=355509674.6871818; PHPSESSID=sj9vrr6avn4ohtt5i5e5visjb5; think_remember_me=1111111111',
  'accept-language' => 'zh-CN,zh;q=0.9',
  'referer' => 'http://tp5.com/index/index/index.html',
  'accept' => 'image/webp,image/apng,image/*,*/*;q=0.8',
  'user-agent' => 'Mozilla/5.0 (Windows NT 6.1) AppleWebKit/537.36 (KHTML, like Gecko) Chrome/68.0.3440.84 Safari/537.36',
  'connection' => 'close',
  'host' => 'tp5.com',
)
[ info ] [ PARAM ] array (
  '/captcha_html' => '',
  'x' => '0.269497151787508',
  'id' => NULL,
)
[ info ] [ RUN ] think\captcha\CaptchaController->index[ D:\www\tp5\vendor\topthink\think-captcha\src\CaptchaController.php ]
[ info ] [ SESSION ] INIT array (
  'id' => '',
  'var_session_id' => '',
  'prefix' => '',
  'type' => '',
  'auto_start' => true,
)
[ info ] [ LOG ] INIT File
---------------------------------------------------------------
[ 2018-08-24T23:36:59+08:00 ] 127.0.0.1 127.0.0.1 GET /captcha.html?x=0.9054792187706862
[ info ] tp5.com/captcha.html?x=0.9054792187706862 [运行时间：0.071004s][吞吐率：14.08req/s] [内存消耗：1,635.45kb] [文件加载：56]
[ info ] [ LANG ] D:\www\tp5\thinkphp\lang\zh-cn.php
[ info ] [ ROUTE ] array (
  'type' => 'method',
  'method' => 
  array (
    0 => '\\think\\captcha\\CaptchaController',
    1 => 'index',
  ),
  'var' => 
  array (
  ),
)
[ info ] [ HEADER ] array (
  'accept-encoding' => 'gzip, deflate',
  'cookie' => 'OUTFOX_SEARCH_USER_ID_NCOO=355509674.6871818; PHPSESSID=sj9vrr6avn4ohtt5i5e5visjb5; think_remember_me=1111111111',
  'accept-language' => 'zh-CN,zh;q=0.9',
  'referer' => 'http://tp5.com/index/index/index.html',
  'accept' => 'image/webp,image/apng,image/*,*/*;q=0.8',
  'user-agent' => 'Mozilla/5.0 (Windows NT 6.1) AppleWebKit/537.36 (KHTML, like Gecko) Chrome/68.0.3440.84 Safari/537.36',
  'connection' => 'close',
  'host' => 'tp5.com',
)
[ info ] [ PARAM ] array (
  '/captcha_html' => '',
  'x' => '0.9054792187706862',
  'id' => NULL,
)
[ info ] [ RUN ] think\captcha\CaptchaController->index[ D:\www\tp5\vendor\topthink\think-captcha\src\CaptchaController.php ]
[ info ] [ SESSION ] INIT array (
  'id' => '',
  'var_session_id' => '',
  'prefix' => '',
  'type' => '',
  'auto_start' => true,
)
[ info ] [ LOG ] INIT File
---------------------------------------------------------------
[ 2018-08-24T23:36:59+08:00 ] 127.0.0.1 127.0.0.1 GET /captcha.html?x=0.9529083171823964
[ info ] tp5.com/captcha.html?x=0.9529083171823964 [运行时间：0.196011s][吞吐率：5.10req/s] [内存消耗：1,635.46kb] [文件加载：56]
[ info ] [ LANG ] D:\www\tp5\thinkphp\lang\zh-cn.php
[ info ] [ ROUTE ] array (
  'type' => 'method',
  'method' => 
  array (
    0 => '\\think\\captcha\\CaptchaController',
    1 => 'index',
  ),
  'var' => 
  array (
  ),
)
[ info ] [ HEADER ] array (
  'accept-encoding' => 'gzip, deflate',
  'cookie' => 'OUTFOX_SEARCH_USER_ID_NCOO=355509674.6871818; PHPSESSID=sj9vrr6avn4ohtt5i5e5visjb5; think_remember_me=1111111111',
  'accept-language' => 'zh-CN,zh;q=0.9',
  'referer' => 'http://tp5.com/index/index/index.html',
  'accept' => 'image/webp,image/apng,image/*,*/*;q=0.8',
  'user-agent' => 'Mozilla/5.0 (Windows NT 6.1) AppleWebKit/537.36 (KHTML, like Gecko) Chrome/68.0.3440.84 Safari/537.36',
  'connection' => 'close',
  'host' => 'tp5.com',
)
[ info ] [ PARAM ] array (
  '/captcha_html' => '',
  'x' => '0.9529083171823964',
  'id' => NULL,
)
[ info ] [ RUN ] think\captcha\CaptchaController->index[ D:\www\tp5\vendor\topthink\think-captcha\src\CaptchaController.php ]
[ info ] [ SESSION ] INIT array (
  'id' => '',
  'var_session_id' => '',
  'prefix' => '',
  'type' => '',
  'auto_start' => true,
)
[ info ] [ LOG ] INIT File
---------------------------------------------------------------
[ 2018-08-24T23:36:59+08:00 ] 127.0.0.1 127.0.0.1 GET /captcha.html?x=0.7643093441106372
[ info ] tp5.com/captcha.html?x=0.7643093441106372 [运行时间：0.079004s][吞吐率：12.66req/s] [内存消耗：1,635.48kb] [文件加载：56]
[ info ] [ LANG ] D:\www\tp5\thinkphp\lang\zh-cn.php
[ info ] [ ROUTE ] array (
  'type' => 'method',
  'method' => 
  array (
    0 => '\\think\\captcha\\CaptchaController',
    1 => 'index',
  ),
  'var' => 
  array (
  ),
)
[ info ] [ HEADER ] array (
  'accept-encoding' => 'gzip, deflate',
  'cookie' => 'OUTFOX_SEARCH_USER_ID_NCOO=355509674.6871818; PHPSESSID=sj9vrr6avn4ohtt5i5e5visjb5; think_remember_me=1111111111',
  'accept-language' => 'zh-CN,zh;q=0.9',
  'referer' => 'http://tp5.com/index/index/index.html',
  'accept' => 'image/webp,image/apng,image/*,*/*;q=0.8',
  'user-agent' => 'Mozilla/5.0 (Windows NT 6.1) AppleWebKit/537.36 (KHTML, like Gecko) Chrome/68.0.3440.84 Safari/537.36',
  'connection' => 'close',
  'host' => 'tp5.com',
)
[ info ] [ PARAM ] array (
  '/captcha_html' => '',
  'x' => '0.7643093441106372',
  'id' => NULL,
)
[ info ] [ RUN ] think\captcha\CaptchaController->index[ D:\www\tp5\vendor\topthink\think-captcha\src\CaptchaController.php ]
[ info ] [ SESSION ] INIT array (
  'id' => '',
  'var_session_id' => '',
  'prefix' => '',
  'type' => '',
  'auto_start' => true,
)
[ info ] [ LOG ] INIT File
---------------------------------------------------------------
[ 2018-08-24T23:36:59+08:00 ] 127.0.0.1 127.0.0.1 GET /captcha.html?x=0.5128861576105637
[ info ] tp5.com/captcha.html?x=0.5128861576105637 [运行时间：0.076005s][吞吐率：13.16req/s] [内存消耗：1,635.45kb] [文件加载：56]
[ info ] [ LANG ] D:\www\tp5\thinkphp\lang\zh-cn.php
[ info ] [ ROUTE ] array (
  'type' => 'method',
  'method' => 
  array (
    0 => '\\think\\captcha\\CaptchaController',
    1 => 'index',
  ),
  'var' => 
  array (
  ),
)
[ info ] [ HEADER ] array (
  'accept-encoding' => 'gzip, deflate',
  'cookie' => 'OUTFOX_SEARCH_USER_ID_NCOO=355509674.6871818; PHPSESSID=sj9vrr6avn4ohtt5i5e5visjb5; think_remember_me=1111111111',
  'accept-language' => 'zh-CN,zh;q=0.9',
  'referer' => 'http://tp5.com/index/index/index.html',
  'accept' => 'image/webp,image/apng,image/*,*/*;q=0.8',
  'user-agent' => 'Mozilla/5.0 (Windows NT 6.1) AppleWebKit/537.36 (KHTML, like Gecko) Chrome/68.0.3440.84 Safari/537.36',
  'connection' => 'close',
  'host' => 'tp5.com',
)
[ info ] [ PARAM ] array (
  '/captcha_html' => '',
  'x' => '0.5128861576105637',
  'id' => NULL,
)
[ info ] [ RUN ] think\captcha\CaptchaController->index[ D:\www\tp5\vendor\topthink\think-captcha\src\CaptchaController.php ]
[ info ] [ SESSION ] INIT array (
  'id' => '',
  'var_session_id' => '',
  'prefix' => '',
  'type' => '',
  'auto_start' => true,
)
[ info ] [ LOG ] INIT File
---------------------------------------------------------------
[ 2018-08-24T23:36:59+08:00 ] 127.0.0.1 127.0.0.1 GET /captcha.html?x=0.3046451282822522
[ info ] tp5.com/captcha.html?x=0.3046451282822522 [运行时间：0.070004s][吞吐率：14.28req/s] [内存消耗：1,635.45kb] [文件加载：56]
[ info ] [ LANG ] D:\www\tp5\thinkphp\lang\zh-cn.php
[ info ] [ ROUTE ] array (
  'type' => 'method',
  'method' => 
  array (
    0 => '\\think\\captcha\\CaptchaController',
    1 => 'index',
  ),
  'var' => 
  array (
  ),
)
[ info ] [ HEADER ] array (
  'accept-encoding' => 'gzip, deflate',
  'cookie' => 'OUTFOX_SEARCH_USER_ID_NCOO=355509674.6871818; PHPSESSID=sj9vrr6avn4ohtt5i5e5visjb5; think_remember_me=1111111111',
  'accept-language' => 'zh-CN,zh;q=0.9',
  'referer' => 'http://tp5.com/index/index/index.html',
  'accept' => 'image/webp,image/apng,image/*,*/*;q=0.8',
  'user-agent' => 'Mozilla/5.0 (Windows NT 6.1) AppleWebKit/537.36 (KHTML, like Gecko) Chrome/68.0.3440.84 Safari/537.36',
  'connection' => 'close',
  'host' => 'tp5.com',
)
[ info ] [ PARAM ] array (
  '/captcha_html' => '',
  'x' => '0.3046451282822522',
  'id' => NULL,
)
[ info ] [ RUN ] think\captcha\CaptchaController->index[ D:\www\tp5\vendor\topthink\think-captcha\src\CaptchaController.php ]
[ info ] [ SESSION ] INIT array (
  'id' => '',
  'var_session_id' => '',
  'prefix' => '',
  'type' => '',
  'auto_start' => true,
)
[ info ] [ LOG ] INIT File
---------------------------------------------------------------
[ 2018-08-24T23:36:59+08:00 ] 127.0.0.1 127.0.0.1 GET /captcha.html?x=0.458464646006028
[ info ] tp5.com/captcha.html?x=0.458464646006028 [运行时间：0.061003s][吞吐率：16.39req/s] [内存消耗：1,635.45kb] [文件加载：56]
[ info ] [ LANG ] D:\www\tp5\thinkphp\lang\zh-cn.php
[ info ] [ ROUTE ] array (
  'type' => 'method',
  'method' => 
  array (
    0 => '\\think\\captcha\\CaptchaController',
    1 => 'index',
  ),
  'var' => 
  array (
  ),
)
[ info ] [ HEADER ] array (
  'accept-encoding' => 'gzip, deflate',
  'cookie' => 'OUTFOX_SEARCH_USER_ID_NCOO=355509674.6871818; PHPSESSID=sj9vrr6avn4ohtt5i5e5visjb5; think_remember_me=1111111111',
  'accept-language' => 'zh-CN,zh;q=0.9',
  'referer' => 'http://tp5.com/index/index/index.html',
  'accept' => 'image/webp,image/apng,image/*,*/*;q=0.8',
  'user-agent' => 'Mozilla/5.0 (Windows NT 6.1) AppleWebKit/537.36 (KHTML, like Gecko) Chrome/68.0.3440.84 Safari/537.36',
  'connection' => 'close',
  'host' => 'tp5.com',
)
[ info ] [ PARAM ] array (
  '/captcha_html' => '',
  'x' => '0.458464646006028',
  'id' => NULL,
)
[ info ] [ RUN ] think\captcha\CaptchaController->index[ D:\www\tp5\vendor\topthink\think-captcha\src\CaptchaController.php ]
[ info ] [ SESSION ] INIT array (
  'id' => '',
  'var_session_id' => '',
  'prefix' => '',
  'type' => '',
  'auto_start' => true,
)
[ info ] [ LOG ] INIT File
---------------------------------------------------------------
[ 2018-08-24T23:36:59+08:00 ] 127.0.0.1 127.0.0.1 GET /captcha.html?x=0.13772070564508776
[ info ] tp5.com/captcha.html?x=0.13772070564508776 [运行时间：0.060003s][吞吐率：16.67req/s] [内存消耗：1,635.43kb] [文件加载：56]
[ info ] [ LANG ] D:\www\tp5\thinkphp\lang\zh-cn.php
[ info ] [ ROUTE ] array (
  'type' => 'method',
  'method' => 
  array (
    0 => '\\think\\captcha\\CaptchaController',
    1 => 'index',
  ),
  'var' => 
  array (
  ),
)
[ info ] [ HEADER ] array (
  'accept-encoding' => 'gzip, deflate',
  'cookie' => 'OUTFOX_SEARCH_USER_ID_NCOO=355509674.6871818; PHPSESSID=sj9vrr6avn4ohtt5i5e5visjb5; think_remember_me=1111111111',
  'accept-language' => 'zh-CN,zh;q=0.9',
  'referer' => 'http://tp5.com/index/index/index.html',
  'accept' => 'image/webp,image/apng,image/*,*/*;q=0.8',
  'user-agent' => 'Mozilla/5.0 (Windows NT 6.1) AppleWebKit/537.36 (KHTML, like Gecko) Chrome/68.0.3440.84 Safari/537.36',
  'connection' => 'close',
  'host' => 'tp5.com',
)
[ info ] [ PARAM ] array (
  '/captcha_html' => '',
  'x' => '0.13772070564508776',
  'id' => NULL,
)
[ info ] [ RUN ] think\captcha\CaptchaController->index[ D:\www\tp5\vendor\topthink\think-captcha\src\CaptchaController.php ]
[ info ] [ SESSION ] INIT array (
  'id' => '',
  'var_session_id' => '',
  'prefix' => '',
  'type' => '',
  'auto_start' => true,
)
[ info ] [ LOG ] INIT File
---------------------------------------------------------------
[ 2018-08-24T23:36:59+08:00 ] 127.0.0.1 127.0.0.1 GET /captcha.html?x=0.7777863393876969
[ info ] tp5.com/captcha.html?x=0.7777863393876969 [运行时间：0.061004s][吞吐率：16.39req/s] [内存消耗：1,635.48kb] [文件加载：56]
[ info ] [ LANG ] D:\www\tp5\thinkphp\lang\zh-cn.php
[ info ] [ ROUTE ] array (
  'type' => 'method',
  'method' => 
  array (
    0 => '\\think\\captcha\\CaptchaController',
    1 => 'index',
  ),
  'var' => 
  array (
  ),
)
[ info ] [ HEADER ] array (
  'accept-encoding' => 'gzip, deflate',
  'cookie' => 'OUTFOX_SEARCH_USER_ID_NCOO=355509674.6871818; PHPSESSID=sj9vrr6avn4ohtt5i5e5visjb5; think_remember_me=1111111111',
  'accept-language' => 'zh-CN,zh;q=0.9',
  'referer' => 'http://tp5.com/index/index/index.html',
  'accept' => 'image/webp,image/apng,image/*,*/*;q=0.8',
  'user-agent' => 'Mozilla/5.0 (Windows NT 6.1) AppleWebKit/537.36 (KHTML, like Gecko) Chrome/68.0.3440.84 Safari/537.36',
  'connection' => 'close',
  'host' => 'tp5.com',
)
[ info ] [ PARAM ] array (
  '/captcha_html' => '',
  'x' => '0.7777863393876969',
  'id' => NULL,
)
[ info ] [ RUN ] think\captcha\CaptchaController->index[ D:\www\tp5\vendor\topthink\think-captcha\src\CaptchaController.php ]
[ info ] [ SESSION ] INIT array (
  'id' => '',
  'var_session_id' => '',
  'prefix' => '',
  'type' => '',
  'auto_start' => true,
)
[ info ] [ LOG ] INIT File
---------------------------------------------------------------
[ 2018-08-24T23:36:59+08:00 ] 127.0.0.1 127.0.0.1 GET /captcha.html?x=0.06827420682858376
[ info ] tp5.com/captcha.html?x=0.06827420682858376 [运行时间：0.061004s][吞吐率：16.39req/s] [内存消耗：1,635.46kb] [文件加载：56]
[ info ] [ LANG ] D:\www\tp5\thinkphp\lang\zh-cn.php
[ info ] [ ROUTE ] array (
  'type' => 'method',
  'method' => 
  array (
    0 => '\\think\\captcha\\CaptchaController',
    1 => 'index',
  ),
  'var' => 
  array (
  ),
)
[ info ] [ HEADER ] array (
  'accept-encoding' => 'gzip, deflate',
  'cookie' => 'OUTFOX_SEARCH_USER_ID_NCOO=355509674.6871818; PHPSESSID=sj9vrr6avn4ohtt5i5e5visjb5; think_remember_me=1111111111',
  'accept-language' => 'zh-CN,zh;q=0.9',
  'referer' => 'http://tp5.com/index/index/index.html',
  'accept' => 'image/webp,image/apng,image/*,*/*;q=0.8',
  'user-agent' => 'Mozilla/5.0 (Windows NT 6.1) AppleWebKit/537.36 (KHTML, like Gecko) Chrome/68.0.3440.84 Safari/537.36',
  'connection' => 'close',
  'host' => 'tp5.com',
)
[ info ] [ PARAM ] array (
  '/captcha_html' => '',
  'x' => '0.06827420682858376',
  'id' => NULL,
)
[ info ] [ RUN ] think\captcha\CaptchaController->index[ D:\www\tp5\vendor\topthink\think-captcha\src\CaptchaController.php ]
[ info ] [ SESSION ] INIT array (
  'id' => '',
  'var_session_id' => '',
  'prefix' => '',
  'type' => '',
  'auto_start' => true,
)
[ info ] [ LOG ] INIT File
---------------------------------------------------------------
[ 2018-08-24T23:36:59+08:00 ] 127.0.0.1 127.0.0.1 GET /captcha.html?x=0.9795404320664935
[ info ] tp5.com/captcha.html?x=0.9795404320664935 [运行时间：0.060003s][吞吐率：16.67req/s] [内存消耗：1,635.45kb] [文件加载：56]
[ info ] [ LANG ] D:\www\tp5\thinkphp\lang\zh-cn.php
[ info ] [ ROUTE ] array (
  'type' => 'method',
  'method' => 
  array (
    0 => '\\think\\captcha\\CaptchaController',
    1 => 'index',
  ),
  'var' => 
  array (
  ),
)
[ info ] [ HEADER ] array (
  'accept-encoding' => 'gzip, deflate',
  'cookie' => 'OUTFOX_SEARCH_USER_ID_NCOO=355509674.6871818; PHPSESSID=sj9vrr6avn4ohtt5i5e5visjb5; think_remember_me=1111111111',
  'accept-language' => 'zh-CN,zh;q=0.9',
  'referer' => 'http://tp5.com/index/index/index.html',
  'accept' => 'image/webp,image/apng,image/*,*/*;q=0.8',
  'user-agent' => 'Mozilla/5.0 (Windows NT 6.1) AppleWebKit/537.36 (KHTML, like Gecko) Chrome/68.0.3440.84 Safari/537.36',
  'connection' => 'close',
  'host' => 'tp5.com',
)
[ info ] [ PARAM ] array (
  '/captcha_html' => '',
  'x' => '0.9795404320664935',
  'id' => NULL,
)
[ info ] [ RUN ] think\captcha\CaptchaController->index[ D:\www\tp5\vendor\topthink\think-captcha\src\CaptchaController.php ]
[ info ] [ SESSION ] INIT array (
  'id' => '',
  'var_session_id' => '',
  'prefix' => '',
  'type' => '',
  'auto_start' => true,
)
[ info ] [ LOG ] INIT File
---------------------------------------------------------------
[ 2018-08-24T23:37:00+08:00 ] 127.0.0.1 127.0.0.1 GET /captcha.html?x=0.015558122444030209
[ info ] tp5.com/captcha.html?x=0.015558122444030209 [运行时间：0.062004s][吞吐率：16.13req/s] [内存消耗：1,635.46kb] [文件加载：56]
[ info ] [ LANG ] D:\www\tp5\thinkphp\lang\zh-cn.php
[ info ] [ ROUTE ] array (
  'type' => 'method',
  'method' => 
  array (
    0 => '\\think\\captcha\\CaptchaController',
    1 => 'index',
  ),
  'var' => 
  array (
  ),
)
[ info ] [ HEADER ] array (
  'accept-encoding' => 'gzip, deflate',
  'cookie' => 'OUTFOX_SEARCH_USER_ID_NCOO=355509674.6871818; PHPSESSID=sj9vrr6avn4ohtt5i5e5visjb5; think_remember_me=1111111111',
  'accept-language' => 'zh-CN,zh;q=0.9',
  'referer' => 'http://tp5.com/index/index/index.html',
  'accept' => 'image/webp,image/apng,image/*,*/*;q=0.8',
  'user-agent' => 'Mozilla/5.0 (Windows NT 6.1) AppleWebKit/537.36 (KHTML, like Gecko) Chrome/68.0.3440.84 Safari/537.36',
  'connection' => 'close',
  'host' => 'tp5.com',
)
[ info ] [ PARAM ] array (
  '/captcha_html' => '',
  'x' => '0.015558122444030209',
  'id' => NULL,
)
[ info ] [ RUN ] think\captcha\CaptchaController->index[ D:\www\tp5\vendor\topthink\think-captcha\src\CaptchaController.php ]
[ info ] [ SESSION ] INIT array (
  'id' => '',
  'var_session_id' => '',
  'prefix' => '',
  'type' => '',
  'auto_start' => true,
)
[ info ] [ LOG ] INIT File
---------------------------------------------------------------
[ 2018-08-24T23:37:00+08:00 ] 127.0.0.1 127.0.0.1 GET /captcha.html?x=0.5976391393543721
[ info ] tp5.com/captcha.html?x=0.5976391393543721 [运行时间：0.062003s][吞吐率：16.13req/s] [内存消耗：1,635.44kb] [文件加载：56]
[ info ] [ LANG ] D:\www\tp5\thinkphp\lang\zh-cn.php
[ info ] [ ROUTE ] array (
  'type' => 'method',
  'method' => 
  array (
    0 => '\\think\\captcha\\CaptchaController',
    1 => 'index',
  ),
  'var' => 
  array (
  ),
)
[ info ] [ HEADER ] array (
  'accept-encoding' => 'gzip, deflate',
  'cookie' => 'OUTFOX_SEARCH_USER_ID_NCOO=355509674.6871818; PHPSESSID=sj9vrr6avn4ohtt5i5e5visjb5; think_remember_me=1111111111',
  'accept-language' => 'zh-CN,zh;q=0.9',
  'referer' => 'http://tp5.com/index/index/index.html',
  'accept' => 'image/webp,image/apng,image/*,*/*;q=0.8',
  'user-agent' => 'Mozilla/5.0 (Windows NT 6.1) AppleWebKit/537.36 (KHTML, like Gecko) Chrome/68.0.3440.84 Safari/537.36',
  'connection' => 'close',
  'host' => 'tp5.com',
)
[ info ] [ PARAM ] array (
  '/captcha_html' => '',
  'x' => '0.5976391393543721',
  'id' => NULL,
)
[ info ] [ RUN ] think\captcha\CaptchaController->index[ D:\www\tp5\vendor\topthink\think-captcha\src\CaptchaController.php ]
[ info ] [ SESSION ] INIT array (
  'id' => '',
  'var_session_id' => '',
  'prefix' => '',
  'type' => '',
  'auto_start' => true,
)
[ info ] [ LOG ] INIT File
---------------------------------------------------------------
[ 2018-08-24T23:37:00+08:00 ] 127.0.0.1 127.0.0.1 GET /captcha.html?x=0.28830214721965164
[ info ] tp5.com/captcha.html?x=0.28830214721965164 [运行时间：0.069004s][吞吐率：14.49req/s] [内存消耗：1,635.45kb] [文件加载：56]
[ info ] [ LANG ] D:\www\tp5\thinkphp\lang\zh-cn.php
[ info ] [ ROUTE ] array (
  'type' => 'method',
  'method' => 
  array (
    0 => '\\think\\captcha\\CaptchaController',
    1 => 'index',
  ),
  'var' => 
  array (
  ),
)
[ info ] [ HEADER ] array (
  'accept-encoding' => 'gzip, deflate',
  'cookie' => 'OUTFOX_SEARCH_USER_ID_NCOO=355509674.6871818; PHPSESSID=sj9vrr6avn4ohtt5i5e5visjb5; think_remember_me=1111111111',
  'accept-language' => 'zh-CN,zh;q=0.9',
  'referer' => 'http://tp5.com/index/index/index.html',
  'accept' => 'image/webp,image/apng,image/*,*/*;q=0.8',
  'user-agent' => 'Mozilla/5.0 (Windows NT 6.1) AppleWebKit/537.36 (KHTML, like Gecko) Chrome/68.0.3440.84 Safari/537.36',
  'connection' => 'close',
  'host' => 'tp5.com',
)
[ info ] [ PARAM ] array (
  '/captcha_html' => '',
  'x' => '0.28830214721965164',
  'id' => NULL,
)
[ info ] [ RUN ] think\captcha\CaptchaController->index[ D:\www\tp5\vendor\topthink\think-captcha\src\CaptchaController.php ]
[ info ] [ SESSION ] INIT array (
  'id' => '',
  'var_session_id' => '',
  'prefix' => '',
  'type' => '',
  'auto_start' => true,
)
[ info ] [ LOG ] INIT File
---------------------------------------------------------------
[ 2018-08-24T23:37:00+08:00 ] 127.0.0.1 127.0.0.1 GET /captcha.html?x=0.04197439108645251
[ info ] tp5.com/captcha.html?x=0.04197439108645251 [运行时间：0.064004s][吞吐率：15.62req/s] [内存消耗：1,635.44kb] [文件加载：56]
[ info ] [ LANG ] D:\www\tp5\thinkphp\lang\zh-cn.php
[ info ] [ ROUTE ] array (
  'type' => 'method',
  'method' => 
  array (
    0 => '\\think\\captcha\\CaptchaController',
    1 => 'index',
  ),
  'var' => 
  array (
  ),
)
[ info ] [ HEADER ] array (
  'accept-encoding' => 'gzip, deflate',
  'cookie' => 'OUTFOX_SEARCH_USER_ID_NCOO=355509674.6871818; PHPSESSID=sj9vrr6avn4ohtt5i5e5visjb5; think_remember_me=1111111111',
  'accept-language' => 'zh-CN,zh;q=0.9',
  'referer' => 'http://tp5.com/index/index/index.html',
  'accept' => 'image/webp,image/apng,image/*,*/*;q=0.8',
  'user-agent' => 'Mozilla/5.0 (Windows NT 6.1) AppleWebKit/537.36 (KHTML, like Gecko) Chrome/68.0.3440.84 Safari/537.36',
  'connection' => 'close',
  'host' => 'tp5.com',
)
[ info ] [ PARAM ] array (
  '/captcha_html' => '',
  'x' => '0.04197439108645251',
  'id' => NULL,
)
[ info ] [ RUN ] think\captcha\CaptchaController->index[ D:\www\tp5\vendor\topthink\think-captcha\src\CaptchaController.php ]
[ info ] [ SESSION ] INIT array (
  'id' => '',
  'var_session_id' => '',
  'prefix' => '',
  'type' => '',
  'auto_start' => true,
)
[ info ] [ LOG ] INIT File
---------------------------------------------------------------
[ 2018-08-24T23:37:00+08:00 ] 127.0.0.1 127.0.0.1 GET /captcha.html?x=0.18674805740088596
[ info ] tp5.com/captcha.html?x=0.18674805740088596 [运行时间：0.069004s][吞吐率：14.49req/s] [内存消耗：1,635.43kb] [文件加载：56]
[ info ] [ LANG ] D:\www\tp5\thinkphp\lang\zh-cn.php
[ info ] [ ROUTE ] array (
  'type' => 'method',
  'method' => 
  array (
    0 => '\\think\\captcha\\CaptchaController',
    1 => 'index',
  ),
  'var' => 
  array (
  ),
)
[ info ] [ HEADER ] array (
  'accept-encoding' => 'gzip, deflate',
  'cookie' => 'OUTFOX_SEARCH_USER_ID_NCOO=355509674.6871818; PHPSESSID=sj9vrr6avn4ohtt5i5e5visjb5; think_remember_me=1111111111',
  'accept-language' => 'zh-CN,zh;q=0.9',
  'referer' => 'http://tp5.com/index/index/index.html',
  'accept' => 'image/webp,image/apng,image/*,*/*;q=0.8',
  'user-agent' => 'Mozilla/5.0 (Windows NT 6.1) AppleWebKit/537.36 (KHTML, like Gecko) Chrome/68.0.3440.84 Safari/537.36',
  'connection' => 'close',
  'host' => 'tp5.com',
)
[ info ] [ PARAM ] array (
  '/captcha_html' => '',
  'x' => '0.18674805740088596',
  'id' => NULL,
)
[ info ] [ RUN ] think\captcha\CaptchaController->index[ D:\www\tp5\vendor\topthink\think-captcha\src\CaptchaController.php ]
[ info ] [ SESSION ] INIT array (
  'id' => '',
  'var_session_id' => '',
  'prefix' => '',
  'type' => '',
  'auto_start' => true,
)
[ info ] [ LOG ] INIT File
---------------------------------------------------------------
[ 2018-08-24T23:37:01+08:00 ] 127.0.0.1 127.0.0.1 GET /captcha.html?x=0.6028344877724288
[ info ] tp5.com/captcha.html?x=0.6028344877724288 [运行时间：0.060004s][吞吐率：16.67req/s] [内存消耗：1,635.48kb] [文件加载：56]
[ info ] [ LANG ] D:\www\tp5\thinkphp\lang\zh-cn.php
[ info ] [ ROUTE ] array (
  'type' => 'method',
  'method' => 
  array (
    0 => '\\think\\captcha\\CaptchaController',
    1 => 'index',
  ),
  'var' => 
  array (
  ),
)
[ info ] [ HEADER ] array (
  'accept-encoding' => 'gzip, deflate',
  'cookie' => 'OUTFOX_SEARCH_USER_ID_NCOO=355509674.6871818; PHPSESSID=sj9vrr6avn4ohtt5i5e5visjb5; think_remember_me=1111111111',
  'accept-language' => 'zh-CN,zh;q=0.9',
  'referer' => 'http://tp5.com/index/index/index.html',
  'accept' => 'image/webp,image/apng,image/*,*/*;q=0.8',
  'user-agent' => 'Mozilla/5.0 (Windows NT 6.1) AppleWebKit/537.36 (KHTML, like Gecko) Chrome/68.0.3440.84 Safari/537.36',
  'connection' => 'close',
  'host' => 'tp5.com',
)
[ info ] [ PARAM ] array (
  '/captcha_html' => '',
  'x' => '0.6028344877724288',
  'id' => NULL,
)
[ info ] [ RUN ] think\captcha\CaptchaController->index[ D:\www\tp5\vendor\topthink\think-captcha\src\CaptchaController.php ]
[ info ] [ SESSION ] INIT array (
  'id' => '',
  'var_session_id' => '',
  'prefix' => '',
  'type' => '',
  'auto_start' => true,
)
[ info ] [ LOG ] INIT File
---------------------------------------------------------------
[ 2018-08-24T23:37:03+08:00 ] 127.0.0.1 127.0.0.1 GET /captcha.html?x=0.24997623771109767
[ info ] tp5.com/captcha.html?x=0.24997623771109767 [运行时间：0.061003s][吞吐率：16.39req/s] [内存消耗：1,635.45kb] [文件加载：56]
[ info ] [ LANG ] D:\www\tp5\thinkphp\lang\zh-cn.php
[ info ] [ ROUTE ] array (
  'type' => 'method',
  'method' => 
  array (
    0 => '\\think\\captcha\\CaptchaController',
    1 => 'index',
  ),
  'var' => 
  array (
  ),
)
[ info ] [ HEADER ] array (
  'accept-encoding' => 'gzip, deflate',
  'cookie' => 'OUTFOX_SEARCH_USER_ID_NCOO=355509674.6871818; PHPSESSID=sj9vrr6avn4ohtt5i5e5visjb5; think_remember_me=1111111111',
  'accept-language' => 'zh-CN,zh;q=0.9',
  'referer' => 'http://tp5.com/index/index/index.html',
  'accept' => 'image/webp,image/apng,image/*,*/*;q=0.8',
  'user-agent' => 'Mozilla/5.0 (Windows NT 6.1) AppleWebKit/537.36 (KHTML, like Gecko) Chrome/68.0.3440.84 Safari/537.36',
  'connection' => 'close',
  'host' => 'tp5.com',
)
[ info ] [ PARAM ] array (
  '/captcha_html' => '',
  'x' => '0.24997623771109767',
  'id' => NULL,
)
[ info ] [ RUN ] think\captcha\CaptchaController->index[ D:\www\tp5\vendor\topthink\think-captcha\src\CaptchaController.php ]
[ info ] [ SESSION ] INIT array (
  'id' => '',
  'var_session_id' => '',
  'prefix' => '',
  'type' => '',
  'auto_start' => true,
)
[ info ] [ LOG ] INIT File
---------------------------------------------------------------
[ 2018-08-24T23:37:04+08:00 ] 127.0.0.1 127.0.0.1 GET /captcha.html?x=0.5081515451357299
[ info ] tp5.com/captcha.html?x=0.5081515451357299 [运行时间：0.060004s][吞吐率：16.67req/s] [内存消耗：1,635.44kb] [文件加载：56]
[ info ] [ LANG ] D:\www\tp5\thinkphp\lang\zh-cn.php
[ info ] [ ROUTE ] array (
  'type' => 'method',
  'method' => 
  array (
    0 => '\\think\\captcha\\CaptchaController',
    1 => 'index',
  ),
  'var' => 
  array (
  ),
)
[ info ] [ HEADER ] array (
  'accept-encoding' => 'gzip, deflate',
  'cookie' => 'OUTFOX_SEARCH_USER_ID_NCOO=355509674.6871818; PHPSESSID=sj9vrr6avn4ohtt5i5e5visjb5; think_remember_me=1111111111',
  'accept-language' => 'zh-CN,zh;q=0.9',
  'referer' => 'http://tp5.com/index/index/index.html',
  'accept' => 'image/webp,image/apng,image/*,*/*;q=0.8',
  'user-agent' => 'Mozilla/5.0 (Windows NT 6.1) AppleWebKit/537.36 (KHTML, like Gecko) Chrome/68.0.3440.84 Safari/537.36',
  'connection' => 'close',
  'host' => 'tp5.com',
)
[ info ] [ PARAM ] array (
  '/captcha_html' => '',
  'x' => '0.5081515451357299',
  'id' => NULL,
)
[ info ] [ RUN ] think\captcha\CaptchaController->index[ D:\www\tp5\vendor\topthink\think-captcha\src\CaptchaController.php ]
[ info ] [ SESSION ] INIT array (
  'id' => '',
  'var_session_id' => '',
  'prefix' => '',
  'type' => '',
  'auto_start' => true,
)
[ info ] [ LOG ] INIT File
---------------------------------------------------------------
[ 2018-08-24T23:37:04+08:00 ] 127.0.0.1 127.0.0.1 GET /captcha.html?x=0.2694714058533869
[ info ] tp5.com/captcha.html?x=0.2694714058533869 [运行时间：0.107007s][吞吐率：9.35req/s] [内存消耗：1,635.45kb] [文件加载：56]
[ info ] [ LANG ] D:\www\tp5\thinkphp\lang\zh-cn.php
[ info ] [ ROUTE ] array (
  'type' => 'method',
  'method' => 
  array (
    0 => '\\think\\captcha\\CaptchaController',
    1 => 'index',
  ),
  'var' => 
  array (
  ),
)
[ info ] [ HEADER ] array (
  'accept-encoding' => 'gzip, deflate',
  'cookie' => 'OUTFOX_SEARCH_USER_ID_NCOO=355509674.6871818; PHPSESSID=sj9vrr6avn4ohtt5i5e5visjb5; think_remember_me=1111111111',
  'accept-language' => 'zh-CN,zh;q=0.9',
  'referer' => 'http://tp5.com/index/index/index.html',
  'accept' => 'image/webp,image/apng,image/*,*/*;q=0.8',
  'user-agent' => 'Mozilla/5.0 (Windows NT 6.1) AppleWebKit/537.36 (KHTML, like Gecko) Chrome/68.0.3440.84 Safari/537.36',
  'connection' => 'close',
  'host' => 'tp5.com',
)
[ info ] [ PARAM ] array (
  '/captcha_html' => '',
  'x' => '0.2694714058533869',
  'id' => NULL,
)
[ info ] [ RUN ] think\captcha\CaptchaController->index[ D:\www\tp5\vendor\topthink\think-captcha\src\CaptchaController.php ]
[ info ] [ SESSION ] INIT array (
  'id' => '',
  'var_session_id' => '',
  'prefix' => '',
  'type' => '',
  'auto_start' => true,
)
[ info ] [ LOG ] INIT File
---------------------------------------------------------------
[ 2018-08-24T23:37:05+08:00 ] 127.0.0.1 127.0.0.1 GET /captcha.html?x=0.5619467244712717
[ info ] tp5.com/captcha.html?x=0.5619467244712717 [运行时间：0.062004s][吞吐率：16.13req/s] [内存消耗：1,635.45kb] [文件加载：56]
[ info ] [ LANG ] D:\www\tp5\thinkphp\lang\zh-cn.php
[ info ] [ ROUTE ] array (
  'type' => 'method',
  'method' => 
  array (
    0 => '\\think\\captcha\\CaptchaController',
    1 => 'index',
  ),
  'var' => 
  array (
  ),
)
[ info ] [ HEADER ] array (
  'accept-encoding' => 'gzip, deflate',
  'cookie' => 'OUTFOX_SEARCH_USER_ID_NCOO=355509674.6871818; PHPSESSID=sj9vrr6avn4ohtt5i5e5visjb5; think_remember_me=1111111111',
  'accept-language' => 'zh-CN,zh;q=0.9',
  'referer' => 'http://tp5.com/index/index/index.html',
  'accept' => 'image/webp,image/apng,image/*,*/*;q=0.8',
  'user-agent' => 'Mozilla/5.0 (Windows NT 6.1) AppleWebKit/537.36 (KHTML, like Gecko) Chrome/68.0.3440.84 Safari/537.36',
  'connection' => 'close',
  'host' => 'tp5.com',
)
[ info ] [ PARAM ] array (
  '/captcha_html' => '',
  'x' => '0.5619467244712717',
  'id' => NULL,
)
[ info ] [ RUN ] think\captcha\CaptchaController->index[ D:\www\tp5\vendor\topthink\think-captcha\src\CaptchaController.php ]
[ info ] [ SESSION ] INIT array (
  'id' => '',
  'var_session_id' => '',
  'prefix' => '',
  'type' => '',
  'auto_start' => true,
)
[ info ] [ LOG ] INIT File
---------------------------------------------------------------
[ 2018-08-24T23:37:06+08:00 ] 127.0.0.1 127.0.0.1 GET /captcha.html?x=0.10049608852524683
[ info ] tp5.com/captcha.html?x=0.10049608852524683 [运行时间：0.062003s][吞吐率：16.13req/s] [内存消耗：1,635.42kb] [文件加载：56]
[ info ] [ LANG ] D:\www\tp5\thinkphp\lang\zh-cn.php
[ info ] [ ROUTE ] array (
  'type' => 'method',
  'method' => 
  array (
    0 => '\\think\\captcha\\CaptchaController',
    1 => 'index',
  ),
  'var' => 
  array (
  ),
)
[ info ] [ HEADER ] array (
  'accept-encoding' => 'gzip, deflate',
  'cookie' => 'OUTFOX_SEARCH_USER_ID_NCOO=355509674.6871818; PHPSESSID=sj9vrr6avn4ohtt5i5e5visjb5; think_remember_me=1111111111',
  'accept-language' => 'zh-CN,zh;q=0.9',
  'referer' => 'http://tp5.com/index/index/index.html',
  'accept' => 'image/webp,image/apng,image/*,*/*;q=0.8',
  'user-agent' => 'Mozilla/5.0 (Windows NT 6.1) AppleWebKit/537.36 (KHTML, like Gecko) Chrome/68.0.3440.84 Safari/537.36',
  'connection' => 'close',
  'host' => 'tp5.com',
)
[ info ] [ PARAM ] array (
  '/captcha_html' => '',
  'x' => '0.10049608852524683',
  'id' => NULL,
)
[ info ] [ RUN ] think\captcha\CaptchaController->index[ D:\www\tp5\vendor\topthink\think-captcha\src\CaptchaController.php ]
[ info ] [ SESSION ] INIT array (
  'id' => '',
  'var_session_id' => '',
  'prefix' => '',
  'type' => '',
  'auto_start' => true,
)
[ info ] [ LOG ] INIT File
---------------------------------------------------------------
[ 2018-08-24T23:37:06+08:00 ] 127.0.0.1 127.0.0.1 GET /captcha.html?x=0.4263490592091026
[ info ] tp5.com/captcha.html?x=0.4263490592091026 [运行时间：0.065004s][吞吐率：15.38req/s] [内存消耗：1,635.47kb] [文件加载：56]
[ info ] [ LANG ] D:\www\tp5\thinkphp\lang\zh-cn.php
[ info ] [ ROUTE ] array (
  'type' => 'method',
  'method' => 
  array (
    0 => '\\think\\captcha\\CaptchaController',
    1 => 'index',
  ),
  'var' => 
  array (
  ),
)
[ info ] [ HEADER ] array (
  'accept-encoding' => 'gzip, deflate',
  'cookie' => 'OUTFOX_SEARCH_USER_ID_NCOO=355509674.6871818; PHPSESSID=sj9vrr6avn4ohtt5i5e5visjb5; think_remember_me=1111111111',
  'accept-language' => 'zh-CN,zh;q=0.9',
  'referer' => 'http://tp5.com/index/index/index.html',
  'accept' => 'image/webp,image/apng,image/*,*/*;q=0.8',
  'user-agent' => 'Mozilla/5.0 (Windows NT 6.1) AppleWebKit/537.36 (KHTML, like Gecko) Chrome/68.0.3440.84 Safari/537.36',
  'connection' => 'close',
  'host' => 'tp5.com',
)
[ info ] [ PARAM ] array (
  '/captcha_html' => '',
  'x' => '0.4263490592091026',
  'id' => NULL,
)
[ info ] [ RUN ] think\captcha\CaptchaController->index[ D:\www\tp5\vendor\topthink\think-captcha\src\CaptchaController.php ]
[ info ] [ SESSION ] INIT array (
  'id' => '',
  'var_session_id' => '',
  'prefix' => '',
  'type' => '',
  'auto_start' => true,
)
[ info ] [ LOG ] INIT File
---------------------------------------------------------------
[ 2018-08-24T23:37:06+08:00 ] 127.0.0.1 127.0.0.1 GET /captcha.html?x=0.5200905891296805
[ info ] tp5.com/captcha.html?x=0.5200905891296805 [运行时间：0.065004s][吞吐率：15.38req/s] [内存消耗：1,635.45kb] [文件加载：56]
[ info ] [ LANG ] D:\www\tp5\thinkphp\lang\zh-cn.php
[ info ] [ ROUTE ] array (
  'type' => 'method',
  'method' => 
  array (
    0 => '\\think\\captcha\\CaptchaController',
    1 => 'index',
  ),
  'var' => 
  array (
  ),
)
[ info ] [ HEADER ] array (
  'accept-encoding' => 'gzip, deflate',
  'cookie' => 'OUTFOX_SEARCH_USER_ID_NCOO=355509674.6871818; PHPSESSID=sj9vrr6avn4ohtt5i5e5visjb5; think_remember_me=1111111111',
  'accept-language' => 'zh-CN,zh;q=0.9',
  'referer' => 'http://tp5.com/index/index/index.html',
  'accept' => 'image/webp,image/apng,image/*,*/*;q=0.8',
  'user-agent' => 'Mozilla/5.0 (Windows NT 6.1) AppleWebKit/537.36 (KHTML, like Gecko) Chrome/68.0.3440.84 Safari/537.36',
  'connection' => 'close',
  'host' => 'tp5.com',
)
[ info ] [ PARAM ] array (
  '/captcha_html' => '',
  'x' => '0.5200905891296805',
  'id' => NULL,
)
[ info ] [ RUN ] think\captcha\CaptchaController->index[ D:\www\tp5\vendor\topthink\think-captcha\src\CaptchaController.php ]
[ info ] [ SESSION ] INIT array (
  'id' => '',
  'var_session_id' => '',
  'prefix' => '',
  'type' => '',
  'auto_start' => true,
)
[ info ] [ LOG ] INIT File
---------------------------------------------------------------
[ 2018-08-24T23:37:12+08:00 ] 127.0.0.1 127.0.0.1 GET /index/index/ceshi
[ info ] tp5.com/index/index/ceshi [运行时间：0.100005s][吞吐率：10.00req/s] [内存消耗：1,969.46kb] [文件加载：75]
[ info ] [ LANG ] D:\www\tp5\thinkphp\lang\zh-cn.php
[ info ] [ ROUTE ] array (
  'type' => 'module',
  'module' => 
  array (
    0 => 'index',
    1 => 'index',
    2 => 'ceshi',
  ),
)
[ info ] [ HEADER ] array (
  'accept-encoding' => 'gzip, deflate',
  'cookie' => 'thinkphp_show_page_trace=0|0; OUTFOX_SEARCH_USER_ID_NCOO=355509674.6871818; PHPSESSID=sj9vrr6avn4ohtt5i5e5visjb5; think_remember_me=1111111111',
  'accept-language' => 'zh-CN,zh;q=0.9',
  'accept' => 'text/html,application/xhtml+xml,application/xml;q=0.9,image/webp,image/apng,*/*;q=0.8',
  'user-agent' => 'Mozilla/5.0 (Windows NT 6.1) AppleWebKit/537.36 (KHTML, like Gecko) Chrome/68.0.3440.84 Safari/537.36',
  'upgrade-insecure-requests' => '1',
  'connection' => 'close',
  'host' => 'tp5.com',
)
[ info ] [ PARAM ] array (
  '/index/index/ceshi' => '',
)
[ info ] [ BEHAVIOR ] Run app\index\behavior\Test @module_init [ RunTime:0.001000s ]
[ info ] [ SESSION ] INIT array (
  'id' => '',
  'var_session_id' => '',
  'prefix' => '',
  'type' => '',
  'auto_start' => true,
)
[ info ] [ RUN ] app\index\controller\Index->ceshi[ D:\www\tp5\application\index\controller\Index.php ]
[ info ] [ LOG ] INIT File
---------------------------------------------------------------
[ 2018-08-24T23:37:45+08:00 ] 127.0.0.1 127.0.0.1 GET /index/index/ceshi
[ info ] tp5.com/index/index/ceshi [运行时间：0.083005s][吞吐率：12.05req/s] [内存消耗：1,969.46kb] [文件加载：75]
[ info ] [ LANG ] D:\www\tp5\thinkphp\lang\zh-cn.php
[ info ] [ ROUTE ] array (
  'type' => 'module',
  'module' => 
  array (
    0 => 'index',
    1 => 'index',
    2 => 'ceshi',
  ),
)
[ info ] [ HEADER ] array (
  'accept-encoding' => 'gzip, deflate',
  'cookie' => 'thinkphp_show_page_trace=0|0; OUTFOX_SEARCH_USER_ID_NCOO=355509674.6871818; PHPSESSID=sj9vrr6avn4ohtt5i5e5visjb5; think_remember_me=1111111111',
  'accept-language' => 'zh-CN,zh;q=0.9',
  'accept' => 'text/html,application/xhtml+xml,application/xml;q=0.9,image/webp,image/apng,*/*;q=0.8',
  'user-agent' => 'Mozilla/5.0 (Windows NT 6.1) AppleWebKit/537.36 (KHTML, like Gecko) Chrome/68.0.3440.84 Safari/537.36',
  'upgrade-insecure-requests' => '1',
  'connection' => 'close',
  'host' => 'tp5.com',
)
[ info ] [ PARAM ] array (
  '/index/index/ceshi' => '',
)
[ info ] [ BEHAVIOR ] Run app\index\behavior\Test @module_init [ RunTime:0.001000s ]
[ info ] [ SESSION ] INIT array (
  'id' => '',
  'var_session_id' => '',
  'prefix' => '',
  'type' => '',
  'auto_start' => true,
)
[ info ] [ RUN ] app\index\controller\Index->ceshi[ D:\www\tp5\application\index\controller\Index.php ]
[ info ] [ LOG ] INIT File
