---------------------------------------------------------------
[ 2018-08-30T23:01:35+08:00 ] 127.0.0.1 127.0.0.1 GET /index/index/ceshi
[ info ] tp5.com/index/index/ceshi [运行时间：0.137008s][吞吐率：7.30req/s] [内存消耗：1,969.36kb] [文件加载：75]
[ info ] [ LANG ] D:\www\tp5\thinkphp\lang\zh-cn.php
[ info ] [ ROUTE ] array (
  'type' => 'module',
  'module' => 
  array (
    0 => 'index',
    1 => 'index',
    2 => 'ceshi',
  ),
)
[ info ] [ HEADER ] array (
  'accept-encoding' => 'gzip, deflate',
  'cookie' => 'thinkphp_show_page_trace=0|0; OUTFOX_SEARCH_USER_ID_NCOO=355509674.6871818; PHPSESSID=sj9vrr6avn4ohtt5i5e5visjb5',
  'accept-language' => 'zh-CN,zh;q=0.9',
  'accept' => 'text/html,application/xhtml+xml,application/xml;q=0.9,image/webp,image/apng,*/*;q=0.8',
  'user-agent' => 'Mozilla/5.0 (Windows NT 6.1) AppleWebKit/537.36 (KHTML, like Gecko) Chrome/68.0.3440.84 Safari/537.36',
  'upgrade-insecure-requests' => '1',
  'connection' => 'close',
  'host' => 'tp5.com',
)
[ info ] [ PARAM ] array (
  '/index/index/ceshi' => '',
)
[ info ] [ BEHAVIOR ] Run app\index\behavior\Test @module_init [ RunTime:0.001000s ]
[ info ] [ SESSION ] INIT array (
  'id' => '',
  'var_session_id' => '',
  'prefix' => '',
  'type' => '',
  'auto_start' => true,
)
[ info ] [ RUN ] app\index\controller\Index->ceshi[ D:\www\tp5\application\index\controller\Index.php ]
[ info ] [ LOG ] INIT File
---------------------------------------------------------------
[ 2018-08-30T23:01:48+08:00 ] 127.0.0.1 127.0.0.1 GET /index/job_test/actionWithHelloJob
[ info ] tp5.com/index/job_test/actionWithHelloJob [运行时间：1.533087s][吞吐率：0.65req/s] [内存消耗：1,723.52kb] [文件加载：72]
[ info ] [ LANG ] D:\www\tp5\thinkphp\lang\zh-cn.php
[ info ] [ ROUTE ] array (
  'type' => 'module',
  'module' => 
  array (
    0 => 'index',
    1 => 'job_test',
    2 => 'actionWithHelloJob',
  ),
)
[ info ] [ HEADER ] array (
  'accept-encoding' => 'gzip, deflate',
  'cookie' => 'OUTFOX_SEARCH_USER_ID_NCOO=355509674.6871818; PHPSESSID=sj9vrr6avn4ohtt5i5e5visjb5',
  'accept-language' => 'zh-CN,zh;q=0.9',
  'accept' => 'text/html,application/xhtml+xml,application/xml;q=0.9,image/webp,image/apng,*/*;q=0.8',
  'user-agent' => 'Mozilla/5.0 (Windows NT 6.1) AppleWebKit/537.36 (KHTML, like Gecko) Chrome/68.0.3440.84 Safari/537.36',
  'upgrade-insecure-requests' => '1',
  'connection' => 'close',
  'host' => 'tp5.com',
)
[ info ] [ PARAM ] array (
  '/index/job_test/actionWithHelloJob' => '',
)
[ info ] [ BEHAVIOR ] Run app\index\behavior\Test @module_init [ RunTime:0.001000s ]
[ info ] [ RUN ] app\index\controller\JobTest->actionWithHelloJob[ D:\www\tp5\application\index\controller\JobTest.php ]
[ info ] [ LOG ] INIT File
[ error ] [0]Redis server went away[D:\www\tp5\vendor\topthink\think-queue\src\queue\connector\Redis.php:108]
---------------------------------------------------------------
[ 2018-08-30T23:04:17+08:00 ] 127.0.0.1 127.0.0.1 GET /index/job_test/actionWithHelloJob
[ info ] tp5.com/index/job_test/actionWithHelloJob [运行时间：0.110006s][吞吐率：9.09req/s] [内存消耗：1,720.97kb] [文件加载：70]
[ info ] [ LANG ] D:\www\tp5\thinkphp\lang\zh-cn.php
[ info ] [ ROUTE ] array (
  'type' => 'module',
  'module' => 
  array (
    0 => 'index',
    1 => 'job_test',
    2 => 'actionWithHelloJob',
  ),
)
[ info ] [ HEADER ] array (
  'accept-encoding' => 'gzip, deflate',
  'cookie' => 'thinkphp_show_page_trace=0|0; OUTFOX_SEARCH_USER_ID_NCOO=355509674.6871818; PHPSESSID=sj9vrr6avn4ohtt5i5e5visjb5',
  'accept-language' => 'zh-CN,zh;q=0.9',
  'accept' => 'text/html,application/xhtml+xml,application/xml;q=0.9,image/webp,image/apng,*/*;q=0.8',
  'user-agent' => 'Mozilla/5.0 (Windows NT 6.1) AppleWebKit/537.36 (KHTML, like Gecko) Chrome/68.0.3440.84 Safari/537.36',
  'upgrade-insecure-requests' => '1',
  'cache-control' => 'max-age=0',
  'connection' => 'close',
  'host' => 'tp5.com',
)
[ info ] [ PARAM ] array (
  '/index/job_test/actionWithHelloJob' => '',
)
[ info ] [ BEHAVIOR ] Run app\index\behavior\Test @module_init [ RunTime:0.001000s ]
[ info ] [ RUN ] app\index\controller\JobTest->actionWithHelloJob[ D:\www\tp5\application\index\controller\JobTest.php ]
[ info ] [ LOG ] INIT File
---------------------------------------------------------------
[ 2018-08-30T23:25:07+08:00 ] 127.0.0.1 127.0.0.1 GET /index/job_test/actionWithHelloJob
[ info ] tp5.com/index/job_test/actionWithHelloJob [运行时间：0.101005s][吞吐率：9.90req/s] [内存消耗：1,720.95kb] [文件加载：70]
[ info ] [ LANG ] D:\www\tp5\thinkphp\lang\zh-cn.php
[ info ] [ ROUTE ] array (
  'type' => 'module',
  'module' => 
  array (
    0 => 'index',
    1 => 'job_test',
    2 => 'actionWithHelloJob',
  ),
)
[ info ] [ HEADER ] array (
  'accept-encoding' => 'gzip, deflate',
  'cookie' => 'thinkphp_show_page_trace=0|0; OUTFOX_SEARCH_USER_ID_NCOO=355509674.6871818; PHPSESSID=sj9vrr6avn4ohtt5i5e5visjb5',
  'accept-language' => 'zh-CN,zh;q=0.9',
  'accept' => 'text/html,application/xhtml+xml,application/xml;q=0.9,image/webp,image/apng,*/*;q=0.8',
  'user-agent' => 'Mozilla/5.0 (Windows NT 6.1) AppleWebKit/537.36 (KHTML, like Gecko) Chrome/68.0.3440.84 Safari/537.36',
  'upgrade-insecure-requests' => '1',
  'cache-control' => 'max-age=0',
  'connection' => 'close',
  'host' => 'tp5.com',
)
[ info ] [ PARAM ] array (
  '/index/job_test/actionWithHelloJob' => '',
)
[ info ] [ BEHAVIOR ] Run app\index\behavior\Test @module_init [ RunTime:0.001000s ]
[ info ] [ RUN ] app\index\controller\JobTest->actionWithHelloJob[ D:\www\tp5\application\index\controller\JobTest.php ]
[ info ] [ LOG ] INIT File
