Array
(
    'body' => 'test body',
    'subject' => 'test subject',
    'sign_type' => 'RSA2',
    'buyer_logon_id' => 'aaq***@sandbox.com',
    'auth_app_id' => '2016073100130857',
    'notify_type' => 'trade_status_sync',
    'out_trade_no' => '14893825198432',
    'point_amount' => '0.00',
    'version' => '1.0',
    'fund_bill_list' => '{"amount":"0.01","fundChannel":"ALIPAYACCOUNT"}',
    'passback_params' => '123',
    'buyer_id' => '2088102169940354',
    'total_amount' => '0.01',
    'trade_no' => '2017031321001004350200145287',
    'notify_time' => '2017-03-13 13:23:05',
    'charset' => 'UTF-8',
    'invoice_amount' => '0.01',
    'gmt_payment' => '2017-03-13 13:23:04',
    'trade_status' => 'TRADE_SUCCESS',
    'sign' => 'SrfDm1whLHx8PeFcPbAEn7S43+OTMy5ZnTxv42jpCeRXz8poKS0n542Nf4eAq7+Jfta1vMqybMFf9C4Cl+3WEPFbndU2WGpboyU2CPUcSoYaBE68H1/ImNUomEi3vMjJe3H4s/z+LOnVcH8luO0bbSB79kKupec0fdm9V9Wg2axaZD9UkRLwBvoXsDx9tFOAwhqHyY1ZPq/1SQj5cwhQ2luKhJaqjO4L4Z819b+vHZfuaKX3xt5pgCQXiSVLo+fA/Y0RmDfNngZML8UndYyXpXmgTMH2grR7D65ODPlatDt3JsNe9U2Kj/7uVXdPR2Tey3ikL4W4Pn4/ULq8ow3YHw==',
    'gmt_create' => '2017-03-13 13:23:03',
    'buyer_pay_amount' => '0.01',
    'receipt_amount' => '0.01',
    'seller_id' => '2088102169252684',
    'app_id' => '2016073100130857',
    'seller_email' => 'naacvg9185@sandbox.com',
    'notify_id' => '27d63b0f7da1e21d932b6ec9176a052ipa',
)
{

    "body": "test body",
    "subject": "test subject",
    "sign_type": "RSA2",
    "buyer_logon_id": "aaq***@sandbox.com",
    "auth_app_id": "2016073100130857",
    "notify_type": "trade_status_sync",
    "out_trade_no": "14893825198432",
    "point_amount": "0.00",
    "version": "1.0",
    "fund_bill_list": "{\"amount\":\"0.01\",\"fundChannel\":\"ALIPAYACCOUNT\"}",
    "passback_params": "123",
    "buyer_id": "2088102169940354",
    "total_amount": "0.01",
    "trade_no": "2017031321001004350200145287",
    "notify_time": "2017-03-13 13:23:05",
    "charset": "UTF-8",
    "invoice_amount": "0.01",
    "gmt_payment": "2017-03-13 13:23:04",
    "trade_status": "TRADE_SUCCESS",
    "sign": "SrfDm1whLHx8PeFcPbAEn7S43+OTMy5ZnTxv42jpCeRXz8poKS0n542Nf4eAq7+Jfta1vMqybMFf9C4Cl+3WEPFbndU2WGpboyU2CPUcSoYaBE68H1/ImNUomEi3vMjJe3H4s/z+LOnVcH8luO0bbSB79kKupec0fdm9V9Wg2axaZD9UkRLwBvoXsDx9tFOAwhqHyY1ZPq/1SQj5cwhQ2luKhJaqjO4L4Z819b+vHZfuaKX3xt5pgCQXiSVLo+fA/Y0RmDfNngZML8UndYyXpXmgTMH2grR7D65ODPlatDt3JsNe9U2Kj/7uVXdPR2Tey3ikL4W4Pn4/ULq8ow3YHw==",
    "buyer_pay_amount": "0.01",
    "receipt_amount": "0.01",
    "seller_id": "2088102169252684",
    "app_id": "2016073100130857",
    "seller_email": "naacvg9185@sandbox.com",
    "notify_id": "27d63b0f7da1e21d932b6ec9176a052ipa"
}
---------------------------------------------------------------
array (
  'gmt_create' => '2018-06-12 13:13:59',
  'charset' => 'UTF-8',
  'subject' => '测试支付宝电脑网站支付（即时到账）',
  'sign' => 'Q7VOhzZv9janWF0toBtU4oWwxBBccOrTY2AzWCgS1veHlgyPbB++BCiAVrPo3FMEI67TrMWBzT4cm7MC5wUIjyZXJcgIc8u0riX0CpLqZSYCDbpLrdpDX+78Ob187M6QgYI9Ac1xM0Wub3CVwRk8taaR2T386JbRk0FN2DG+0b05hVK3Upu8NxXgL9EB1dqZ10c2TcRmWtuOdLRCcI9hkhjlrSvr5TFEKNDFRD7v0D9CxUE11AvnT25N8HCE22V5tlziPGQLZqgGo1bCC8emZmTioEDyzs4AkjaSqFMf9+L7bN8FjC42umiOuLnZfPozKrMszTPXmJSEPAwdYeFgGw==',
  'buyer_id' => '2088102176184453',
  'body' => 'ali web pay',
  'invoice_amount' => '0.01',
  'notify_id' => 'c1d93e942542911749d5f3baae44156jh2',
  'fund_bill_list' => '[{"amount":"0.01","fundChannel":"ALIPAYACCOUNT"}]',
  'notify_type' => 'trade_status_sync',
  'trade_status' => 'TRADE_SUCCESS',
  'receipt_amount' => '0.01',
  'app_id' => '2016073100130857',
  'buyer_pay_amount' => '0.01',
  'sign_type' => 'RSA2',
  'seller_id' => '2088102169252684',
  'gmt_payment' => '2018-06-12 13:14:07',
  'notify_time' => '2018-06-12 13:18:29',
  'passback_params' => '123123',
  'version' => '1.0',
  'out_trade_no' => '15287803935684',
  'total_amount' => '0.01',
  'trade_no' => '2018061221001004450200420346',
  'auth_app_id' => '2016073100130857',
  'point_amount' => '0.00',
)
{
	"gmt_create": "2018-06-12 13:13:59",
	"charset": "UTF-8",
	"subject": "测试支付宝电脑网站支付（即时到账）",
	"sign": "Q7VOhzZv9janWF0toBtU4oWwxBBccOrTY2AzWCgS1veHlgyPbB++BCiAVrPo3FMEI67TrMWBzT4cm7MC5wUIjyZXJcgIc8u0riX0CpLqZSYCDbpLrdpDX+78Ob187M6QgYI9Ac1xM0Wub3CVwRk8taaR2T386JbRk0FN2DG+0b05hVK3Upu8NxXgL9EB1dqZ10c2TcRmWtuOdLRCcI9hkhjlrSvr5TFEKNDFRD7v0D9CxUE11AvnT25N8HCE22V5tlziPGQLZqgGo1bCC8emZmTioEDyzs4AkjaSqFMf9+L7bN8FjC42umiOuLnZfPozKrMszTPXmJSEPAwdYeFgGw==",
	"buyer_id": "2088102176184453",
	"body": "ali web pay",
	"invoice_amount": "0.01",
	"notify_id": "c1d93e942542911749d5f3baae44156jh2",
	"fund_bill_list": "[{\"amount\":\"0.01\",\"fundChannel\":\"ALIPAYACCOUNT\"}]",
	"notify_type": "trade_status_sync",
	"trade_status": "TRADE_SUCCESS",
	"receipt_amount": "0.01",
	"app_id": "2016073100130857",
	"buyer_pay_amount": "0.01",
	"sign_type": "RSA2",
	"seller_id": "2088102169252684",
	"gmt_payment": "2018-06-12 13:14:07",
	"notify_time": "2018-06-12 13:18:29",
	"passback_params": "123123",
	"version": "1.0",
	"out_trade_no": "15287803935684",
	"total_amount": "0.01",
	"trade_no": "2018061221001004450200420346",
	"auth_app_id": "2016073100130857",
	"point_amount": "0.00"
}
-----------------------------------------------------------------------------
{
	"body": "test body",
	"subject": "test subject",
	"sign_type": "RSA2",
	"buyer_logon_id": "aaq***@sandbox.com",
	"auth_app_id": "2016073100130857",
	"notify_type": "trade_status_sync",
	"out_trade_no": "14893825198432",
	"point_amount": "0.00",
	"version": "1.0",
	"fund_bill_list": "{\"amount\":\"0.01\",\"fundChannel\":\"ALIPAYACCOUNT\"}",
	"passback_params": "123",
	"buyer_id": "2088102169940354",
	"total_amount": "0.01",
	"trade_no": "2017031321001004350200145287",
	"notify_time": "2017-03-13 13:23:05",
	"charset": "UTF-8",
	"invoice_amount": "0.01",
	"gmt_payment": "2017-03-13 13:23:04",
	"trade_status": "TRADE_SUCCESS",
	"sign": "SrfDm1whLHx8PeFcPbAEn7S43%2BOTMy5ZnTxv42jpCeRXz8poKS0n542Nf4eAq7%2BJfta1vMqybMFf9C4Cl%2B3WEPFbndU2WGpboyU2CPUcSoYaBE68H1%2FImNUomEi3vMjJe3H4s%2Fz%2BLOnVcH8luO0bbSB79kKupec0fdm9V9Wg2axaZD9UkRLwBvoXsDx9tFOAwhqHyY1ZPq%2F1SQj5cwhQ2luKhJaqjO4L4Z819b%2BvHZfuaKX3xt5pgCQXiSVLo%2BfA%2FY0RmDfNngZML8UndYyXpXmgTMH2grR7D65ODPlatDt3JsNe9U2Kj%2F7uVXdPR2Tey3ikL4W4Pn4%2FULq8ow3YHw%3D%3D",
	"gmt_create": "2017-03-13 13:23:03",
	"buyer_pay_amount": "0.01",
	"receipt_amount": "0.01",
	"seller_id": "2088102169252684",
	"app_id": "2016073100130857",
	"seller_email": "naacvg9185@sandbox.com",
	"notify_id": "27d63b0f7da1e21d932b6ec9176a052ipa"
}
Array
(
    [body] => test body
    [subject] => test subject
    [sign_type] => RSA2
    [buyer_logon_id] => aaq***@sandbox.com
    [auth_app_id] => 2016073100130857
    [notify_type] => trade_status_sync
    [out_trade_no] => 14893825198432
    [point_amount] => 0.00
    [version] => 1.0
    [fund_bill_list] => {"amount":"0.01","fundChannel":"ALIPAYACCOUNT"}
    [passback_params] => 123
    [buyer_id] => 2088102169940354
    [total_amount] => 0.01
    [trade_no] => 2017031321001004350200145287
    [notify_time] => 2017-03-13 13:23:05
    [charset] => UTF-8
    [invoice_amount] => 0.01
    [gmt_payment] => 2017-03-13 13:23:04
    [trade_status] => TRADE_SUCCESS
    [sign] => SrfDm1whLHx8PeFcPbAEn7S43%2BOTMy5ZnTxv42jpCeRXz8poKS0n542Nf4eAq7%2BJfta1vMqybMFf9C4Cl%2B3WEPFbndU2WGpboyU2CPUcSoYaBE68H1%2FImNUomEi3vMjJe3H4s%2Fz%2BLOnVcH8luO0bbSB79kKupec0fdm9V9Wg2axaZD9UkRLwBvoXsDx9tFOAwhqHyY1ZPq%2F1SQj5cwhQ2luKhJaqjO4L4Z819b%2BvHZfuaKX3xt5pgCQXiSVLo%2BfA%2FY0RmDfNngZML8UndYyXpXmgTMH2grR7D65ODPlatDt3JsNe9U2Kj%2F7uVXdPR2Tey3ikL4W4Pn4%2FULq8ow3YHw%3D%3D
    [gmt_create] => 2017-03-13 13:23:03
    [buyer_pay_amount] => 0.01
    [receipt_amount] => 0.01
    [seller_id] => 2088102169252684
    [app_id] => 2016073100130857
    [seller_email] => naacvg9185@sandbox.com
    [notify_id] => 27d63b0f7da1e21d932b6ec9176a052ipa
)