---------------------------------------------------------------
[ 2018-06-13T23:16:01+08:00 ] 127.0.0.1 GET /index/index/ceshi
[ info ] tp5.com/index/index/ceshi [运行时间：12.892738s][吞吐率：0.08req/s] [内存消耗：2,534.30kb] [文件加载：73]
[ info ] [ LANG ] D:\www\tp5\thinkphp\lang\zh-cn.php
[ info ] [ ROUTE ] array (
  'type' => 'module',
  'module' => 
  array (
    0 => 'index',
    1 => 'index',
    2 => 'ceshi',
  ),
)
[ info ] [ HEADER ] array (
  'host' => 'tp5.com',
  'user-agent' => 'Mozilla/5.0 (Windows NT 6.1) AppleWebKit/537.36 (KHTML, like Gecko) Chrome/65.0.3325.146 Safari/537.36',
  'accept' => 'text/html,application/xhtml+xml,application/xml;q=0.9,image/webp,image/apng,*/*;q=0.8',
  'accept-encoding' => 'gzip, deflate',
  'accept-language' => 'zh-CN,zh;q=0.9',
  'cache-control' => 'max-age=0',
  'cookie' => 'think_remember_me=11111111',
  'proxy-connection' => 'keep-alive',
  'upgrade-insecure-requests' => '1',
  'x-lantern-version' => '4.7.3',
)
[ info ] [ PARAM ] array (
)
[ info ] [ BEHAVIOR ] Run app\index\behavior\Test @module_init [ RunTime:0.167010s ]
[ info ] [ SESSION ] INIT array (
  'id' => '',
  'var_session_id' => '',
  'prefix' => '',
  'type' => '',
  'auto_start' => true,
)
[ info ] [ RUN ] app\index\controller\Index->ceshi[ D:\www\tp5\application\index\controller\Index.php ]
[ info ] [ LOG ] INIT File
---------------------------------------------------------------
[ 2018-06-13T23:41:23+08:00 ] 127.0.0.1 GET /index/index/add
[ info ] tp5.com/index/index/add [运行时间：1.719098s][吞吐率：0.58req/s] [内存消耗：2,703.36kb] [文件加载：74]
[ info ] [ LANG ] D:\www\tp5\thinkphp\lang\zh-cn.php
[ info ] [ ROUTE ] array (
  'type' => 'module',
  'module' => 
  array (
    0 => 'index',
    1 => 'index',
    2 => 'add',
  ),
)
[ info ] [ HEADER ] array (
  'host' => 'tp5.com',
  'user-agent' => 'Mozilla/5.0 (Windows NT 6.1) AppleWebKit/537.36 (KHTML, like Gecko) Chrome/65.0.3325.146 Safari/537.36',
  'accept' => 'text/html,application/xhtml+xml,application/xml;q=0.9,image/webp,image/apng,*/*;q=0.8',
  'accept-encoding' => 'gzip, deflate',
  'accept-language' => 'zh-CN,zh;q=0.9',
  'cookie' => 'thinkphp_show_page_trace=0|0; think_remember_me=11111111; PHPSESSID=7k8rnt8n477c7gtbu1devc8sb5',
  'proxy-connection' => 'keep-alive',
  'upgrade-insecure-requests' => '1',
  'x-lantern-version' => '4.7.3',
)
[ info ] [ PARAM ] array (
)
[ info ] [ BEHAVIOR ] Run app\index\behavior\Test @module_init [ RunTime:0.013001s ]
[ info ] [ SESSION ] INIT array (
  'id' => '',
  'var_session_id' => '',
  'prefix' => '',
  'type' => '',
  'auto_start' => true,
)
[ info ] [ RUN ] app\index\controller\Index->add[ D:\www\tp5\application\index\controller\Index.php ]
[ info ] [ VIEW ] D:\www\tp5\public/../application/index\view\index\add.html [ array (
) ]
[ info ] [ LOG ] INIT File
---------------------------------------------------------------
[ 2018-06-13T23:41:43+08:00 ] 127.0.0.1 POST /index/index/add
[ info ] tp5.com/index/index/add [运行时间：0.649037s][吞吐率：1.54req/s] [内存消耗：2,721.73kb] [文件加载：76]
[ info ] [ LANG ] D:\www\tp5\thinkphp\lang\zh-cn.php
[ info ] [ ROUTE ] array (
  'type' => 'module',
  'module' => 
  array (
    0 => 'index',
    1 => 'index',
    2 => 'add',
  ),
)
[ info ] [ HEADER ] array (
  'host' => 'tp5.com',
  'user-agent' => 'Mozilla/5.0 (Windows NT 6.1) AppleWebKit/537.36 (KHTML, like Gecko) Chrome/65.0.3325.146 Safari/537.36',
  'content-length' => '129',
  'accept' => 'text/html,application/xhtml+xml,application/xml;q=0.9,image/webp,image/apng,*/*;q=0.8',
  'accept-encoding' => 'gzip, deflate',
  'accept-language' => 'zh-CN,zh;q=0.9',
  'cache-control' => 'max-age=0',
  'content-type' => 'application/x-www-form-urlencoded',
  'cookie' => 'thinkphp_show_page_trace=0|0; think_remember_me=11111111; PHPSESSID=7k8rnt8n477c7gtbu1devc8sb5',
  'origin' => 'http://tp5.com',
  'proxy-connection' => 'keep-alive',
  'referer' => 'http://tp5.com/index/index/add',
  'upgrade-insecure-requests' => '1',
  'x-lantern-version' => '4.7.3',
)
[ info ] [ PARAM ] array (
  'keyword' => '1111',
  'name' => '111',
  'password' => '111111',
  'repassword' => '1111',
  'status' => '1',
  'address' => '111111',
  'email' => '',
  'birthday' => '2018-06-13',
  'age' => '',
  'score' => '',
  'pickup_name' => '',
)
[ info ] [ BEHAVIOR ] Run app\index\behavior\Test @module_init [ RunTime:0.002000s ]
[ info ] [ SESSION ] INIT array (
  'id' => '',
  'var_session_id' => '',
  'prefix' => '',
  'type' => '',
  'auto_start' => true,
)
[ info ] [ RUN ] app\index\controller\Index->add[ D:\www\tp5\application\index\controller\Index.php ]
[ info ] [ VIEW ] D:\www\tp5\thinkphp\tpl\dispatch_jump.tpl [ array (
  0 => 'code',
  1 => 'msg',
  2 => 'data',
  3 => 'url',
  4 => 'wait',
) ]
[ info ] [ LOG ] INIT File
---------------------------------------------------------------
[ 2018-06-13T23:41:46+08:00 ] 127.0.0.1 GET /index/index/add
[ info ] tp5.com/index/index/add [运行时间：0.237013s][吞吐率：4.22req/s] [内存消耗：2,534.99kb] [文件加载：72]
[ info ] [ LANG ] D:\www\tp5\thinkphp\lang\zh-cn.php
[ info ] [ ROUTE ] array (
  'type' => 'module',
  'module' => 
  array (
    0 => 'index',
    1 => 'index',
    2 => 'add',
  ),
)
[ info ] [ HEADER ] array (
  'host' => 'tp5.com',
  'user-agent' => 'Mozilla/5.0 (Windows NT 6.1) AppleWebKit/537.36 (KHTML, like Gecko) Chrome/65.0.3325.146 Safari/537.36',
  'accept' => 'text/html,application/xhtml+xml,application/xml;q=0.9,image/webp,image/apng,*/*;q=0.8',
  'accept-encoding' => 'gzip, deflate',
  'accept-language' => 'zh-CN,zh;q=0.9',
  'cookie' => 'thinkphp_show_page_trace=0|0; think_remember_me=11111111; PHPSESSID=7k8rnt8n477c7gtbu1devc8sb5',
  'proxy-connection' => 'keep-alive',
  'upgrade-insecure-requests' => '1',
  'x-lantern-version' => '4.7.3',
)
[ info ] [ PARAM ] array (
)
[ info ] [ BEHAVIOR ] Run app\index\behavior\Test @module_init [ RunTime:0.003000s ]
[ info ] [ SESSION ] INIT array (
  'id' => '',
  'var_session_id' => '',
  'prefix' => '',
  'type' => '',
  'auto_start' => true,
)
[ info ] [ RUN ] app\index\controller\Index->add[ D:\www\tp5\application\index\controller\Index.php ]
[ info ] [ VIEW ] D:\www\tp5\public/../application/index\view\index\add.html [ array (
) ]
[ info ] [ LOG ] INIT File
---------------------------------------------------------------
[ 2018-06-13T23:42:00+08:00 ] 127.0.0.1 POST /index/index/add
[ info ] tp5.com/index/index/add [运行时间：7.490428s][吞吐率：0.13req/s] [内存消耗：3,844.29kb] [文件加载：83]
[ info ] [ LANG ] D:\www\tp5\thinkphp\lang\zh-cn.php
[ info ] [ ROUTE ] array (
  'type' => 'module',
  'module' => 
  array (
    0 => 'index',
    1 => 'index',
    2 => 'add',
  ),
)
[ info ] [ HEADER ] array (
  'host' => 'tp5.com',
  'user-agent' => 'Mozilla/5.0 (Windows NT 6.1) AppleWebKit/537.36 (KHTML, like Gecko) Chrome/65.0.3325.146 Safari/537.36',
  'content-length' => '115',
  'accept' => 'text/html,application/xhtml+xml,application/xml;q=0.9,image/webp,image/apng,*/*;q=0.8',
  'accept-encoding' => 'gzip, deflate',
  'accept-language' => 'zh-CN,zh;q=0.9',
  'cache-control' => 'max-age=0',
  'content-type' => 'application/x-www-form-urlencoded',
  'cookie' => 'thinkphp_show_page_trace=0|0; think_remember_me=11111111; PHPSESSID=7k8rnt8n477c7gtbu1devc8sb5',
  'origin' => 'http://tp5.com',
  'proxy-connection' => 'keep-alive',
  'referer' => 'http://tp5.com/index/index/add',
  'upgrade-insecure-requests' => '1',
  'x-lantern-version' => '4.7.3',
)
[ info ] [ PARAM ] array (
  'keyword' => '111111',
  'name' => '1111111',
  'password' => '111',
  'repassword' => '111',
  'status' => '1',
  'address' => '',
  'email' => '',
  'birthday' => '',
  'age' => '',
  'score' => '',
  'pickup_name' => '',
)
[ info ] [ BEHAVIOR ] Run app\index\behavior\Test @module_init [ RunTime:0.002000s ]
[ info ] [ SESSION ] INIT array (
  'id' => '',
  'var_session_id' => '',
  'prefix' => '',
  'type' => '',
  'auto_start' => true,
)
[ info ] [ RUN ] app\index\controller\Index->add[ D:\www\tp5\application\index\controller\Index.php ]
[ info ] [ DB ] INIT mysql
[ info ] [ LOG ] INIT File
[ sql ] [ DB ] CONNECT:[ UseTime:2.580148s ] mysql:host=127.0.0.1;port=3306;dbname=tp5ceshi;charset=utf8
[ sql ] [ SQL ] SHOW COLUMNS FROM `tp_user` [ RunTime:1.556089s ]
[ sql ] [ SQL ] INSERT INTO `tp_user` (`name` , `password` , `status` , `address` , `email` , `birthday` , `age` , `score` , `info` , `ip` , `create_time` , `update_time`) VALUES ('1111111' , '111' , 1 , '' , '' , '' , 0 , 50 , '{\"a\":1,\"b\":2}' , '127.0.0.1' , 1528904516 , 1528904516) [ RunTime:0.922052s ]
[ sql ] [ SQL ] SHOW COLUMNS FROM `tp_daily_set` [ RunTime:0.033002s ]
[ sql ] [ SQL ] SELECT * FROM `tp_daily_set` WHERE  `date` >= 1528819200 LIMIT 1 [ RunTime:0.211012s ]
[ sql ] [ SQL ] INSERT INTO `tp_daily_set` (`date` , `add_count` , `create_time` , `update_time`) VALUES (1528819200 , 1 , 1528904519 , 1528904519) [ RunTime:0.039002s ]
[ error ] [0]不支持的数据表达式:[exp][D:\www\tp5\thinkphp\library\think\db\Builder.php:124]
---------------------------------------------------------------
[ 2018-06-13T23:51:01+08:00 ] 127.0.0.1 127.0.0.1 GET /index/index/add
[ info ] tp5.com/index/index/add [运行时间：3.703212s][吞吐率：0.27req/s] [内存消耗：2,420.22kb] [文件加载：75]
[ info ] [ LANG ] D:\www\tp5\thinkphp\lang\zh-cn.php
[ info ] [ ROUTE ] array (
  'type' => 'module',
  'module' => 
  array (
    0 => 'index',
    1 => 'index',
    2 => 'add',
  ),
)
[ info ] [ HEADER ] array (
  'host' => 'tp5.com',
  'user-agent' => 'Mozilla/5.0 (Windows NT 6.1) AppleWebKit/537.36 (KHTML, like Gecko) Chrome/65.0.3325.146 Safari/537.36',
  'accept' => 'text/html,application/xhtml+xml,application/xml;q=0.9,image/webp,image/apng,*/*;q=0.8',
  'accept-encoding' => 'gzip, deflate',
  'accept-language' => 'zh-CN,zh;q=0.9',
  'cookie' => 'thinkphp_show_page_trace=0|0; think_remember_me=11111111; PHPSESSID=7k8rnt8n477c7gtbu1devc8sb5',
  'proxy-connection' => 'keep-alive',
  'upgrade-insecure-requests' => '1',
  'x-lantern-version' => '4.7.3',
)
[ info ] [ PARAM ] array (
)
[ info ] [ BEHAVIOR ] Run app\index\behavior\Test @module_init [ RunTime:0.062004s ]
[ info ] [ SESSION ] INIT array (
  'id' => '',
  'var_session_id' => '',
  'prefix' => '',
  'type' => '',
  'auto_start' => true,
)
[ info ] [ RUN ] app\index\controller\Index->add[ D:\www\tp5\application\index\controller\Index.php ]
[ info ] [ VIEW ] D:\www\tp5\public/../application/index\view\index\add.html [ array (
) ]
[ info ] [ LOG ] INIT File
---------------------------------------------------------------
[ 2018-06-13T23:51:23+08:00 ] 127.0.0.1 127.0.0.1 POST /index/index/add
[ info ] tp5.com/index/index/add [运行时间：7.046403s][吞吐率：0.14req/s] [内存消耗：3,923.97kb] [文件加载：90]
[ info ] [ LANG ] D:\www\tp5\thinkphp\lang\zh-cn.php
[ info ] [ ROUTE ] array (
  'type' => 'module',
  'module' => 
  array (
    0 => 'index',
    1 => 'index',
    2 => 'add',
  ),
)
[ info ] [ HEADER ] array (
  'host' => 'tp5.com',
  'user-agent' => 'Mozilla/5.0 (Windows NT 6.1) AppleWebKit/537.36 (KHTML, like Gecko) Chrome/65.0.3325.146 Safari/537.36',
  'content-length' => '109',
  'accept' => 'text/html,application/xhtml+xml,application/xml;q=0.9,image/webp,image/apng,*/*;q=0.8',
  'accept-encoding' => 'gzip, deflate',
  'accept-language' => 'zh-CN,zh;q=0.9',
  'cache-control' => 'max-age=0',
  'content-type' => 'application/x-www-form-urlencoded',
  'cookie' => 'thinkphp_show_page_trace=0|0; think_remember_me=11111111; PHPSESSID=7k8rnt8n477c7gtbu1devc8sb5',
  'origin' => 'http://tp5.com',
  'proxy-connection' => 'keep-alive',
  'referer' => 'http://tp5.com/index/index/add',
  'upgrade-insecure-requests' => '1',
  'x-lantern-version' => '4.7.3',
)
[ info ] [ PARAM ] array (
  'keyword' => '',
  'name' => '1111111',
  'password' => '111',
  'repassword' => '111',
  'status' => '1',
  'address' => '',
  'email' => '',
  'birthday' => '',
  'age' => '',
  'score' => '',
  'pickup_name' => '',
)
[ info ] [ BEHAVIOR ] Run app\index\behavior\Test @module_init [ RunTime:0.002000s ]
[ info ] [ SESSION ] INIT array (
  'id' => '',
  'var_session_id' => '',
  'prefix' => '',
  'type' => '',
  'auto_start' => true,
)
[ info ] [ RUN ] app\index\controller\Index->add[ D:\www\tp5\application\index\controller\Index.php ]
[ info ] [ DB ] INIT mysql
[ info ] [ CACHE ] INIT File
[ info ] [ VIEW ] D:\www\tp5\thinkphp\tpl\dispatch_jump.tpl [ array (
  0 => 'code',
  1 => 'msg',
  2 => 'data',
  3 => 'url',
  4 => 'wait',
) ]
[ info ] [ LOG ] INIT File
[ sql ] [ DB ] CONNECT:[ UseTime:0.066004s ] mysql:dbname=tp5ceshi;host=127.0.0.1;port=3306;charset=utf8
[ sql ] [ SQL ] SHOW COLUMNS FROM `tp_user` [ RunTime:0.041002s ]
[ sql ] [ SQL ] INSERT INTO `tp_user` (`name` , `password` , `status` , `address` , `email` , `birthday` , `age` , `score` , `info` , `ip` , `create_time` , `update_time`) VALUES ('1111111' , '111' , 1 , '' , '' , '' , 0 , 50 , '{\"a\":1,\"b\":2}' , '127.0.0.1' , 1528905077 , 1528905077) [ RunTime:0.284016s ]
[ sql ] [ SQL ] SHOW COLUMNS FROM `tp_daily_set` [ RunTime:0.190010s ]
[ sql ] [ SQL ] SELECT * FROM `tp_daily_set` WHERE  `date` >= 1528819200 LIMIT 1 [ RunTime:0.001001s ]
[ sql ] [ SQL ] UPDATE `tp_daily_set`  SET `add_count`=add_count+1,`update_time`=1528905078  WHERE  `id` = 24 [ RunTime:2.555146s ]
[ sql ] [ SQL ] UPDATE `tp_user`  SET `login_time`=now(),`login_times`=login_times+1  WHERE  `id` = 131 [ RunTime:2.082120s ]
---------------------------------------------------------------
[ 2018-06-13T23:51:29+08:00 ] 127.0.0.1 127.0.0.1 GET /index/index/index.html
[ info ] tp5.com/index/index/index.html [运行时间：1.470084s][吞吐率：0.68req/s] [内存消耗：3,791.54kb] [文件加载：86]
[ info ] [ LANG ] D:\www\tp5\thinkphp\lang\zh-cn.php
[ info ] [ ROUTE ] array (
  'type' => 'module',
  'module' => 
  array (
    0 => 'index',
    1 => 'index',
    2 => 'index',
  ),
)
[ info ] [ HEADER ] array (
  'host' => 'tp5.com',
  'user-agent' => 'Mozilla/5.0 (Windows NT 6.1) AppleWebKit/537.36 (KHTML, like Gecko) Chrome/65.0.3325.146 Safari/537.36',
  'accept' => 'text/html,application/xhtml+xml,application/xml;q=0.9,image/webp,image/apng,*/*;q=0.8',
  'accept-encoding' => 'gzip, deflate',
  'accept-language' => 'zh-CN,zh;q=0.9',
  'cookie' => 'thinkphp_show_page_trace=0|0; think_remember_me=11111111; PHPSESSID=7k8rnt8n477c7gtbu1devc8sb5',
  'proxy-connection' => 'keep-alive',
  'referer' => 'http://tp5.com/index/index/add',
  'upgrade-insecure-requests' => '1',
  'x-lantern-version' => '4.7.3',
)
[ info ] [ PARAM ] array (
)
[ info ] [ BEHAVIOR ] Run app\index\behavior\Test @module_init [ RunTime:0.002000s ]
[ info ] [ SESSION ] INIT array (
  'id' => '',
  'var_session_id' => '',
  'prefix' => '',
  'type' => '',
  'auto_start' => true,
)
[ info ] [ RUN ] app\index\controller\Index->index[ D:\www\tp5\application\index\controller\Index.php ]
[ info ] [ DB ] INIT mysql
[ info ] [ VIEW ] D:\www\tp5\public/../application/index\view\index\index.html [ array (
  0 => 'list',
  1 => 'page',
) ]
[ info ] [ LOG ] INIT File
[ sql ] [ DB ] CONNECT:[ UseTime:0.011000s ] mysql:dbname=tp5ceshi;host=127.0.0.1;port=3306;charset=utf8
[ sql ] [ SQL ] SHOW COLUMNS FROM `tp_user` [ RunTime:0.060004s ]
[ sql ] [ SQL ] SELECT COUNT(*) AS tp_count FROM `tp_user` WHERE  `status` = 1 LIMIT 1 [ RunTime:0.752043s ]
[ sql ] [ SQL ] SELECT * FROM `tp_user` WHERE  `status` = 1 ORDER BY id desc LIMIT 0,3 [ RunTime:0.117007s ]
---------------------------------------------------------------
[ 2018-06-13T23:51:34+08:00 ] 127.0.0.1 127.0.0.1 GET /captcha.html
[ info ] tp5.com/captcha.html [运行时间：3.485199s][吞吐率：0.29req/s] [内存消耗：1,980.13kb] [文件加载：56]
[ info ] [ LANG ] D:\www\tp5\thinkphp\lang\zh-cn.php
[ info ] [ ROUTE ] array (
  'type' => 'method',
  'method' => 
  array (
    0 => '\\think\\captcha\\CaptchaController',
    1 => 'index',
  ),
  'var' => 
  array (
  ),
)
[ info ] [ HEADER ] array (
  'host' => 'tp5.com',
  'user-agent' => 'Mozilla/5.0 (Windows NT 6.1) AppleWebKit/537.36 (KHTML, like Gecko) Chrome/65.0.3325.146 Safari/537.36',
  'accept' => 'image/webp,image/apng,image/*,*/*;q=0.8',
  'accept-encoding' => 'gzip, deflate',
  'accept-language' => 'zh-CN,zh;q=0.9',
  'cookie' => 'think_remember_me=11111111; PHPSESSID=7k8rnt8n477c7gtbu1devc8sb5',
  'proxy-connection' => 'keep-alive',
  'referer' => 'http://tp5.com/index/index/index.html',
  'x-lantern-version' => '4.7.3',
)
[ info ] [ PARAM ] array (
  'id' => NULL,
)
[ info ] [ RUN ] think\captcha\CaptchaController->index[ D:\www\tp5\vendor\topthink\think-captcha\src\CaptchaController.php ]
[ info ] [ SESSION ] INIT array (
  'id' => '',
  'var_session_id' => '',
  'prefix' => '',
  'type' => '',
  'auto_start' => true,
)
[ info ] [ LOG ] INIT File
---------------------------------------------------------------
[ 2018-06-13T23:51:34+08:00 ] 127.0.0.1 127.0.0.1 POST /index/index/chart.html
[ info ] tp5.com/index/index/chart.html [运行时间：0.315018s][吞吐率：3.17req/s] [内存消耗：3,524.74kb] [文件加载：81]
[ info ] [ LANG ] D:\www\tp5\thinkphp\lang\zh-cn.php
[ info ] [ ROUTE ] array (
  'type' => 'module',
  'module' => 
  array (
    0 => 'index',
    1 => 'index',
    2 => 'chart',
  ),
)
[ info ] [ HEADER ] array (
  'host' => 'tp5.com',
  'user-agent' => 'Mozilla/5.0 (Windows NT 6.1) AppleWebKit/537.36 (KHTML, like Gecko) Chrome/65.0.3325.146 Safari/537.36',
  'content-length' => '0',
  'accept' => 'application/json, text/javascript, */*; q=0.01',
  'accept-encoding' => 'gzip, deflate',
  'accept-language' => 'zh-CN,zh;q=0.9',
  'cookie' => 'thinkphp_show_page_trace=0|0; think_remember_me=11111111; PHPSESSID=7k8rnt8n477c7gtbu1devc8sb5',
  'origin' => 'http://tp5.com',
  'proxy-connection' => 'keep-alive',
  'referer' => 'http://tp5.com/index/index/index.html',
  'x-lantern-version' => '4.7.3',
  'x-requested-with' => 'XMLHttpRequest',
)
[ info ] [ PARAM ] array (
)
[ info ] [ BEHAVIOR ] Run app\index\behavior\Test @module_init [ RunTime:0.001000s ]
[ info ] [ SESSION ] INIT array (
  'id' => '',
  'var_session_id' => '',
  'prefix' => '',
  'type' => '',
  'auto_start' => true,
)
[ info ] [ RUN ] app\index\controller\Index->chart[ D:\www\tp5\application\index\controller\Index.php ]
[ info ] [ DB ] INIT mysql
[ info ] [ LOG ] INIT File
[ sql ] [ DB ] CONNECT:[ UseTime:0.001000s ] mysql:dbname=tp5ceshi;host=127.0.0.1;port=3306;charset=utf8
[ sql ] [ SQL ] SHOW COLUMNS FROM `tp_daily_set` [ RunTime:0.027001s ]
[ sql ] [ SQL ] SELECT * FROM `tp_daily_set` WHERE  `date` <= 1528905094 ORDER BY id asc [ RunTime:0.054003s ]
