---------------------------------------------------------------
[ 2018-06-29T11:43:53+08:00 ] 127.0.0.1 127.0.0.1 GET /index/index/add
[ info ] tp5.com/index/index/add [运行时间：5.129293s][吞吐率：0.19req/s] [内存消耗：2,420.98kb] [文件加载：75]
[ info ] [ LANG ] D:\www\tp5\thinkphp\lang\zh-cn.php
[ info ] [ ROUTE ] array (
  'type' => 'module',
  'module' => 
  array (
    0 => 'index',
    1 => 'index',
    2 => 'add',
  ),
)
[ info ] [ HEADER ] array (
  'host' => 'tp5.com',
  'user-agent' => 'Mozilla/5.0 (Windows NT 6.1) AppleWebKit/537.36 (KHTML, like Gecko) Chrome/65.0.3325.146 Safari/537.36',
  'accept' => 'text/html,application/xhtml+xml,application/xml;q=0.9,image/webp,image/apng,*/*;q=0.8',
  'accept-encoding' => 'gzip, deflate',
  'accept-language' => 'zh-CN,zh;q=0.9',
  'cookie' => 'think_remember_me=111111111',
  'proxy-connection' => 'keep-alive',
  'upgrade-insecure-requests' => '1',
  'x-lantern-version' => '4.7.6',
)
[ info ] [ PARAM ] array (
)
[ info ] [ BEHAVIOR ] Run app\index\behavior\Test @module_init [ RunTime:0.067003s ]
[ info ] [ SESSION ] INIT array (
  'id' => '',
  'var_session_id' => '',
  'prefix' => '',
  'type' => '',
  'auto_start' => true,
)
[ info ] [ RUN ] app\index\controller\Index->add[ D:\www\tp5\application\index\controller\Index.php ]
[ info ] [ VIEW ] D:\www\tp5\public/../application/index\view\index\add.html [ array (
) ]
[ info ] [ LOG ] INIT File
---------------------------------------------------------------
[ 2018-06-29T11:43:54+08:00 ] 127.0.0.1 127.0.0.1 GET /index/index/hasMany
[ info ] tp5.com/index/index/hasMany [运行时间：4.670267s][吞吐率：0.21req/s] [内存消耗：3,582.73kb] [文件加载：80]
[ info ] [ LANG ] D:\www\tp5\thinkphp\lang\zh-cn.php
[ info ] [ ROUTE ] array (
  'type' => 'module',
  'module' => 
  array (
    0 => 'index',
    1 => 'index',
    2 => 'hasMany',
  ),
)
[ info ] [ HEADER ] array (
  'host' => 'tp5.com',
  'user-agent' => 'Mozilla/5.0 (Windows NT 6.1) AppleWebKit/537.36 (KHTML, like Gecko) Chrome/65.0.3325.146 Safari/537.36',
  'accept' => 'text/html,application/xhtml+xml,application/xml;q=0.9,image/webp,image/apng,*/*;q=0.8',
  'accept-encoding' => 'gzip, deflate',
  'accept-language' => 'zh-CN,zh;q=0.9',
  'cookie' => 'think_remember_me=111111111',
  'proxy-connection' => 'keep-alive',
  'upgrade-insecure-requests' => '1',
  'x-lantern-version' => '4.7.6',
)
[ info ] [ PARAM ] array (
)
[ info ] [ BEHAVIOR ] Run app\index\behavior\Test @module_init [ RunTime:0.066003s ]
[ info ] [ SESSION ] INIT array (
  'id' => '',
  'var_session_id' => '',
  'prefix' => '',
  'type' => '',
  'auto_start' => true,
)
[ info ] [ RUN ] app\index\controller\Index->hasMany[ D:\www\tp5\application\index\controller\Index.php ]
[ info ] [ DB ] INIT mysql
[ info ] [ LOG ] INIT File
[ sql ] [ DB ] CONNECT:[ UseTime:0.825047s ] mysql:dbname=tp5ceshi;host=127.0.0.1;port=3306;charset=utf8
[ sql ] [ SQL ] SHOW COLUMNS FROM `tp_article` [ RunTime:0.420024s ]
[ sql ] [ SQL ] SELECT * FROM `tp_article` WHERE  `id` = 1 LIMIT 1 [ RunTime:0.205012s ]
[ sql ] [ SQL ] SHOW COLUMNS FROM `tp_comment` [ RunTime:0.188011s ]
[ sql ] [ SQL ] SELECT * FROM `tp_comment` WHERE  `art_id` = 1 ORDER BY id ASC [ RunTime:0.002000s ]
[ sql ] [ SQL ] SELECT `id`,`user_id`,`content`,`status` FROM `tp_article` WHERE  `id` = 1 LIMIT 1 [ RunTime:0.003000s ]
[ sql ] [ SQL ] SELECT * FROM `tp_comment` WHERE  `art_id` = 1 ORDER BY id ASC [ RunTime:0.002000s ]
---------------------------------------------------------------
[ 2018-06-29T11:44:08+08:00 ] 127.0.0.1 127.0.0.1 GET /index/index/hasMany
[ info ] tp5.com/index/index/hasMany [运行时间：0.240014s][吞吐率：4.17req/s] [内存消耗：3,581.98kb] [文件加载：80]
[ info ] [ LANG ] D:\www\tp5\thinkphp\lang\zh-cn.php
[ info ] [ ROUTE ] array (
  'type' => 'module',
  'module' => 
  array (
    0 => 'index',
    1 => 'index',
    2 => 'hasMany',
  ),
)
[ info ] [ HEADER ] array (
  'host' => 'tp5.com',
  'user-agent' => 'Mozilla/5.0 (Windows NT 6.1) AppleWebKit/537.36 (KHTML, like Gecko) Chrome/65.0.3325.146 Safari/537.36',
  'accept' => 'text/html,application/xhtml+xml,application/xml;q=0.9,image/webp,image/apng,*/*;q=0.8',
  'accept-encoding' => 'gzip, deflate',
  'accept-language' => 'zh-CN,zh;q=0.9',
  'cache-control' => 'max-age=0',
  'cookie' => 'think_remember_me=111111111; PHPSESSID=irh0p45nh56bs172c6om6jtc95',
  'proxy-connection' => 'keep-alive',
  'upgrade-insecure-requests' => '1',
  'x-lantern-version' => '4.7.6',
)
[ info ] [ PARAM ] array (
)
[ info ] [ BEHAVIOR ] Run app\index\behavior\Test @module_init [ RunTime:0.001000s ]
[ info ] [ SESSION ] INIT array (
  'id' => '',
  'var_session_id' => '',
  'prefix' => '',
  'type' => '',
  'auto_start' => true,
)
[ info ] [ RUN ] app\index\controller\Index->hasMany[ D:\www\tp5\application\index\controller\Index.php ]
[ info ] [ DB ] INIT mysql
[ info ] [ LOG ] INIT File
[ sql ] [ DB ] CONNECT:[ UseTime:0.001000s ] mysql:dbname=tp5ceshi;host=127.0.0.1;port=3306;charset=utf8
[ sql ] [ SQL ] SHOW COLUMNS FROM `tp_article` [ RunTime:0.039002s ]
[ sql ] [ SQL ] SELECT * FROM `tp_article` WHERE  `id` = 1 LIMIT 1 [ RunTime:0.000000s ]
[ sql ] [ SQL ] SHOW COLUMNS FROM `tp_comment` [ RunTime:0.032002s ]
[ sql ] [ SQL ] SELECT * FROM `tp_comment` WHERE  `art_id` = 1 ORDER BY id ASC [ RunTime:0.001000s ]
[ sql ] [ SQL ] SELECT `id`,`user_id`,`content`,`status` FROM `tp_article` WHERE  `id` = 1 LIMIT 1 [ RunTime:0.002000s ]
[ sql ] [ SQL ] SELECT * FROM `tp_comment` WHERE  `art_id` = 1 ORDER BY id ASC [ RunTime:0.001000s ]
---------------------------------------------------------------
[ 2018-06-29T11:44:50+08:00 ] 127.0.0.1 127.0.0.1 GET /index/index/hasMany
[ info ] tp5.com/index/index/hasMany [运行时间：0.216012s][吞吐率：4.63req/s] [内存消耗：3,627.15kb] [文件加载：82]
[ info ] [ LANG ] D:\www\tp5\thinkphp\lang\zh-cn.php
[ info ] [ ROUTE ] array (
  'type' => 'module',
  'module' => 
  array (
    0 => 'index',
    1 => 'index',
    2 => 'hasMany',
  ),
)
[ info ] [ HEADER ] array (
  'host' => 'tp5.com',
  'user-agent' => 'Mozilla/5.0 (Windows NT 6.1) AppleWebKit/537.36 (KHTML, like Gecko) Chrome/65.0.3325.146 Safari/537.36',
  'accept' => 'text/html,application/xhtml+xml,application/xml;q=0.9,image/webp,image/apng,*/*;q=0.8',
  'accept-encoding' => 'gzip, deflate',
  'accept-language' => 'zh-CN,zh;q=0.9',
  'cache-control' => 'max-age=0',
  'cookie' => 'think_remember_me=111111111; PHPSESSID=irh0p45nh56bs172c6om6jtc95',
  'proxy-connection' => 'keep-alive',
  'upgrade-insecure-requests' => '1',
  'x-lantern-version' => '4.7.6',
)
[ info ] [ PARAM ] array (
)
[ info ] [ BEHAVIOR ] Run app\index\behavior\Test @module_init [ RunTime:0.001000s ]
[ info ] [ SESSION ] INIT array (
  'id' => '',
  'var_session_id' => '',
  'prefix' => '',
  'type' => '',
  'auto_start' => true,
)
[ info ] [ RUN ] app\index\controller\Index->hasMany[ D:\www\tp5\application\index\controller\Index.php ]
[ info ] [ DB ] INIT mysql
[ info ] [ LOG ] INIT File
[ sql ] [ DB ] CONNECT:[ UseTime:0.010001s ] mysql:dbname=tp5ceshi;host=127.0.0.1;port=3306;charset=utf8
[ sql ] [ SQL ] SHOW COLUMNS FROM `tp_article` [ RunTime:0.030002s ]
[ sql ] [ SQL ] SELECT * FROM `tp_article` WHERE  `id` = 1 LIMIT 1 [ RunTime:0.001000s ]
[ sql ] [ SQL ] SHOW COLUMNS FROM `tp_comment` [ RunTime:0.029002s ]
[ sql ] [ SQL ] SELECT * FROM `tp_comment` WHERE  `art_id` = 1 ORDER BY id ASC [ RunTime:0.002000s ]
[ sql ] [ SQL ] SELECT `id`,`user_id`,`content`,`status` FROM `tp_article` WHERE  `id` = 1 LIMIT 1 [ RunTime:0.000000s ]
[ sql ] [ SQL ] SELECT * FROM `tp_comment` WHERE  `art_id` = 1 ORDER BY id ASC [ RunTime:0.001000s ]
---------------------------------------------------------------
[ 2018-06-29T11:45:59+08:00 ] 127.0.0.1 127.0.0.1 GET /index/index/hasMany
[ info ] tp5.com/index/index/hasMany [运行时间：0.244014s][吞吐率：4.10req/s] [内存消耗：3,614.39kb] [文件加载：83]
[ info ] [ LANG ] D:\www\tp5\thinkphp\lang\zh-cn.php
[ info ] [ ROUTE ] array (
  'type' => 'module',
  'module' => 
  array (
    0 => 'index',
    1 => 'index',
    2 => 'hasMany',
  ),
)
[ info ] [ HEADER ] array (
  'host' => 'tp5.com',
  'user-agent' => 'Mozilla/5.0 (Windows NT 6.1) AppleWebKit/537.36 (KHTML, like Gecko) Chrome/65.0.3325.146 Safari/537.36',
  'accept' => 'text/html,application/xhtml+xml,application/xml;q=0.9,image/webp,image/apng,*/*;q=0.8',
  'accept-encoding' => 'gzip, deflate',
  'accept-language' => 'zh-CN,zh;q=0.9',
  'cache-control' => 'max-age=0',
  'cookie' => 'think_remember_me=111111111; PHPSESSID=irh0p45nh56bs172c6om6jtc95',
  'proxy-connection' => 'keep-alive',
  'upgrade-insecure-requests' => '1',
  'x-lantern-version' => '4.7.6',
)
[ info ] [ PARAM ] array (
)
[ info ] [ BEHAVIOR ] Run app\index\behavior\Test @module_init [ RunTime:0.001000s ]
[ info ] [ SESSION ] INIT array (
  'id' => '',
  'var_session_id' => '',
  'prefix' => '',
  'type' => '',
  'auto_start' => true,
)
[ info ] [ RUN ] app\index\controller\Index->hasMany[ D:\www\tp5\application\index\controller\Index.php ]
[ info ] [ DB ] INIT mysql
[ info ] [ LOG ] INIT File
[ sql ] [ DB ] CONNECT:[ UseTime:0.002000s ] mysql:dbname=tp5ceshi;host=127.0.0.1;port=3306;charset=utf8
[ sql ] [ SQL ] SHOW COLUMNS FROM `tp_article` [ RunTime:0.029001s ]
[ sql ] [ SQL ] SELECT * FROM `tp_article` WHERE  `id` = 1 LIMIT 1 [ RunTime:0.001001s ]
[ sql ] [ SQL ] SHOW COLUMNS FROM `tp_comment` [ RunTime:0.030002s ]
[ sql ] [ SQL ] SELECT * FROM `tp_comment` WHERE  `art_id` = 1 ORDER BY id ASC [ RunTime:0.001000s ]
[ sql ] [ SQL ] SELECT `id`,`user_id`,`content`,`status` FROM `tp_article` WHERE  `id` = 1 LIMIT 1 [ RunTime:0.001000s ]
[ sql ] [ SQL ] SELECT * FROM `tp_comment` WHERE  `art_id` = 1 ORDER BY id ASC [ RunTime:0.001000s ]
---------------------------------------------------------------
[ 2018-06-29T11:46:31+08:00 ] 127.0.0.1 127.0.0.1 GET /index/index/hasMany
[ info ] tp5.com/index/index/hasMany [运行时间：0.191011s][吞吐率：5.24req/s] [内存消耗：3,613.99kb] [文件加载：83]
[ info ] [ LANG ] D:\www\tp5\thinkphp\lang\zh-cn.php
[ info ] [ ROUTE ] array (
  'type' => 'module',
  'module' => 
  array (
    0 => 'index',
    1 => 'index',
    2 => 'hasMany',
  ),
)
[ info ] [ HEADER ] array (
  'host' => 'tp5.com',
  'user-agent' => 'Mozilla/5.0 (Windows NT 6.1) AppleWebKit/537.36 (KHTML, like Gecko) Chrome/65.0.3325.146 Safari/537.36',
  'accept' => 'text/html,application/xhtml+xml,application/xml;q=0.9,image/webp,image/apng,*/*;q=0.8',
  'accept-encoding' => 'gzip, deflate',
  'accept-language' => 'zh-CN,zh;q=0.9',
  'cache-control' => 'max-age=0',
  'cookie' => 'think_remember_me=111111111; PHPSESSID=irh0p45nh56bs172c6om6jtc95',
  'proxy-connection' => 'keep-alive',
  'upgrade-insecure-requests' => '1',
  'x-lantern-version' => '4.7.6',
)
[ info ] [ PARAM ] array (
)
[ info ] [ BEHAVIOR ] Run app\index\behavior\Test @module_init [ RunTime:0.000000s ]
[ info ] [ SESSION ] INIT array (
  'id' => '',
  'var_session_id' => '',
  'prefix' => '',
  'type' => '',
  'auto_start' => true,
)
[ info ] [ RUN ] app\index\controller\Index->hasMany[ D:\www\tp5\application\index\controller\Index.php ]
[ info ] [ DB ] INIT mysql
[ info ] [ LOG ] INIT File
[ sql ] [ DB ] CONNECT:[ UseTime:0.011001s ] mysql:dbname=tp5ceshi;host=127.0.0.1;port=3306;charset=utf8
[ sql ] [ SQL ] SHOW COLUMNS FROM `tp_article` [ RunTime:0.027001s ]
[ sql ] [ SQL ] SELECT * FROM `tp_article` WHERE  `id` = 1 LIMIT 1 [ RunTime:0.001000s ]
[ sql ] [ SQL ] SHOW COLUMNS FROM `tp_comment` [ RunTime:0.030002s ]
[ sql ] [ SQL ] SELECT * FROM `tp_comment` WHERE  `art_id` = 1 ORDER BY id ASC [ RunTime:0.001000s ]
[ sql ] [ SQL ] SELECT `id`,`user_id`,`content`,`status` FROM `tp_article` WHERE  `id` = 1 LIMIT 1 [ RunTime:0.001000s ]
[ sql ] [ SQL ] SELECT * FROM `tp_comment` WHERE  `art_id` = 1 ORDER BY id ASC [ RunTime:0.000000s ]
---------------------------------------------------------------
[ 2018-06-29T11:47:07+08:00 ] 127.0.0.1 127.0.0.1 GET /index/index/hasMany
[ info ] tp5.com/index/index/hasMany [运行时间：0.180010s][吞吐率：5.56req/s] [内存消耗：3,626.13kb] [文件加载：82]
[ info ] [ LANG ] D:\www\tp5\thinkphp\lang\zh-cn.php
[ info ] [ ROUTE ] array (
  'type' => 'module',
  'module' => 
  array (
    0 => 'index',
    1 => 'index',
    2 => 'hasMany',
  ),
)
[ info ] [ HEADER ] array (
  'host' => 'tp5.com',
  'user-agent' => 'Mozilla/5.0 (Windows NT 6.1) AppleWebKit/537.36 (KHTML, like Gecko) Chrome/65.0.3325.146 Safari/537.36',
  'accept' => 'text/html,application/xhtml+xml,application/xml;q=0.9,image/webp,image/apng,*/*;q=0.8',
  'accept-encoding' => 'gzip, deflate',
  'accept-language' => 'zh-CN,zh;q=0.9',
  'cache-control' => 'max-age=0',
  'cookie' => 'think_remember_me=111111111; PHPSESSID=irh0p45nh56bs172c6om6jtc95',
  'proxy-connection' => 'keep-alive',
  'upgrade-insecure-requests' => '1',
  'x-lantern-version' => '4.7.6',
)
[ info ] [ PARAM ] array (
)
[ info ] [ BEHAVIOR ] Run app\index\behavior\Test @module_init [ RunTime:0.001000s ]
[ info ] [ SESSION ] INIT array (
  'id' => '',
  'var_session_id' => '',
  'prefix' => '',
  'type' => '',
  'auto_start' => true,
)
[ info ] [ RUN ] app\index\controller\Index->hasMany[ D:\www\tp5\application\index\controller\Index.php ]
[ info ] [ DB ] INIT mysql
[ info ] [ LOG ] INIT File
[ sql ] [ DB ] CONNECT:[ UseTime:0.001000s ] mysql:dbname=tp5ceshi;host=127.0.0.1;port=3306;charset=utf8
[ sql ] [ SQL ] SHOW COLUMNS FROM `tp_article` [ RunTime:0.026002s ]
[ sql ] [ SQL ] SELECT * FROM `tp_article` WHERE  `id` = 1 LIMIT 1 [ RunTime:0.000000s ]
[ sql ] [ SQL ] SHOW COLUMNS FROM `tp_comment` [ RunTime:0.028002s ]
[ sql ] [ SQL ] SELECT * FROM `tp_comment` WHERE  `art_id` = 1 ORDER BY id ASC [ RunTime:0.001000s ]
[ sql ] [ SQL ] SELECT `id`,`user_id`,`content`,`status` FROM `tp_article` WHERE  `id` = 1 LIMIT 1 [ RunTime:0.001000s ]
[ sql ] [ SQL ] SELECT * FROM `tp_comment` WHERE  `art_id` = 1 ORDER BY id ASC [ RunTime:0.001000s ]
---------------------------------------------------------------
[ 2018-06-29T11:47:22+08:00 ] 127.0.0.1 127.0.0.1 GET /index/index/hasMany
[ info ] tp5.com/index/index/hasMany [运行时间：0.177010s][吞吐率：5.65req/s] [内存消耗：3,581.98kb] [文件加载：80]
[ info ] [ LANG ] D:\www\tp5\thinkphp\lang\zh-cn.php
[ info ] [ ROUTE ] array (
  'type' => 'module',
  'module' => 
  array (
    0 => 'index',
    1 => 'index',
    2 => 'hasMany',
  ),
)
[ info ] [ HEADER ] array (
  'host' => 'tp5.com',
  'user-agent' => 'Mozilla/5.0 (Windows NT 6.1) AppleWebKit/537.36 (KHTML, like Gecko) Chrome/65.0.3325.146 Safari/537.36',
  'accept' => 'text/html,application/xhtml+xml,application/xml;q=0.9,image/webp,image/apng,*/*;q=0.8',
  'accept-encoding' => 'gzip, deflate',
  'accept-language' => 'zh-CN,zh;q=0.9',
  'cache-control' => 'max-age=0',
  'cookie' => 'think_remember_me=111111111; PHPSESSID=irh0p45nh56bs172c6om6jtc95',
  'proxy-connection' => 'keep-alive',
  'upgrade-insecure-requests' => '1',
  'x-lantern-version' => '4.7.6',
)
[ info ] [ PARAM ] array (
)
[ info ] [ BEHAVIOR ] Run app\index\behavior\Test @module_init [ RunTime:0.001001s ]
[ info ] [ SESSION ] INIT array (
  'id' => '',
  'var_session_id' => '',
  'prefix' => '',
  'type' => '',
  'auto_start' => true,
)
[ info ] [ RUN ] app\index\controller\Index->hasMany[ D:\www\tp5\application\index\controller\Index.php ]
[ info ] [ DB ] INIT mysql
[ info ] [ LOG ] INIT File
[ sql ] [ DB ] CONNECT:[ UseTime:0.001000s ] mysql:dbname=tp5ceshi;host=127.0.0.1;port=3306;charset=utf8
[ sql ] [ SQL ] SHOW COLUMNS FROM `tp_article` [ RunTime:0.028001s ]
[ sql ] [ SQL ] SELECT * FROM `tp_article` WHERE  `id` = 1 LIMIT 1 [ RunTime:0.001000s ]
[ sql ] [ SQL ] SHOW COLUMNS FROM `tp_comment` [ RunTime:0.029001s ]
[ sql ] [ SQL ] SELECT * FROM `tp_comment` WHERE  `art_id` = 1 ORDER BY id ASC [ RunTime:0.001000s ]
[ sql ] [ SQL ] SELECT `id`,`user_id`,`content`,`status` FROM `tp_article` WHERE  `id` = 1 LIMIT 1 [ RunTime:0.001000s ]
[ sql ] [ SQL ] SELECT * FROM `tp_comment` WHERE  `art_id` = 1 ORDER BY id ASC [ RunTime:0.001000s ]
---------------------------------------------------------------
[ 2018-06-29T11:48:17+08:00 ] 127.0.0.1 127.0.0.1 GET /index/index/hasMany
[ info ] tp5.com/index/index/hasMany [运行时间：0.251014s][吞吐率：3.98req/s] [内存消耗：3,649.51kb] [文件加载：84]
[ info ] [ LANG ] D:\www\tp5\thinkphp\lang\zh-cn.php
[ info ] [ ROUTE ] array (
  'type' => 'module',
  'module' => 
  array (
    0 => 'index',
    1 => 'index',
    2 => 'hasMany',
  ),
)
[ info ] [ HEADER ] array (
  'host' => 'tp5.com',
  'user-agent' => 'Mozilla/5.0 (Windows NT 6.1) AppleWebKit/537.36 (KHTML, like Gecko) Chrome/65.0.3325.146 Safari/537.36',
  'accept' => 'text/html,application/xhtml+xml,application/xml;q=0.9,image/webp,image/apng,*/*;q=0.8',
  'accept-encoding' => 'gzip, deflate',
  'accept-language' => 'zh-CN,zh;q=0.9',
  'cache-control' => 'max-age=0',
  'cookie' => 'think_remember_me=111111111; PHPSESSID=irh0p45nh56bs172c6om6jtc95',
  'proxy-connection' => 'keep-alive',
  'upgrade-insecure-requests' => '1',
  'x-lantern-version' => '4.7.6',
)
[ info ] [ PARAM ] array (
)
[ info ] [ BEHAVIOR ] Run app\index\behavior\Test @module_init [ RunTime:0.002000s ]
[ info ] [ SESSION ] INIT array (
  'id' => '',
  'var_session_id' => '',
  'prefix' => '',
  'type' => '',
  'auto_start' => true,
)
[ info ] [ RUN ] app\index\controller\Index->hasMany[ D:\www\tp5\application\index\controller\Index.php ]
[ info ] [ DB ] INIT mysql
[ info ] [ LOG ] INIT File
[ sql ] [ DB ] CONNECT:[ UseTime:0.011000s ] mysql:dbname=tp5ceshi;host=127.0.0.1;port=3306;charset=utf8
[ sql ] [ SQL ] SHOW COLUMNS FROM `tp_article` [ RunTime:0.033002s ]
[ sql ] [ SQL ] SELECT * FROM `tp_article` WHERE  `id` = 1 LIMIT 1 [ RunTime:0.001000s ]
[ sql ] [ SQL ] SHOW COLUMNS FROM `tp_comment` [ RunTime:0.030002s ]
[ sql ] [ SQL ] SELECT * FROM `tp_comment` WHERE  `art_id` = 1 ORDER BY id ASC [ RunTime:0.000000s ]
[ sql ] [ SQL ] SELECT `id`,`user_id`,`content`,`status` FROM `tp_article` WHERE  `id` = 1 LIMIT 1 [ RunTime:0.000000s ]
[ sql ] [ SQL ] SELECT * FROM `tp_comment` WHERE  `art_id` = 1 ORDER BY id ASC [ RunTime:0.001000s ]
---------------------------------------------------------------
[ 2018-06-29T11:48:31+08:00 ] 127.0.0.1 127.0.0.1 GET /index/index/hasMany
[ info ] tp5.com/index/index/hasMany [运行时间：0.226013s][吞吐率：4.42req/s] [内存消耗：3,649.36kb] [文件加载：84]
[ info ] [ LANG ] D:\www\tp5\thinkphp\lang\zh-cn.php
[ info ] [ ROUTE ] array (
  'type' => 'module',
  'module' => 
  array (
    0 => 'index',
    1 => 'index',
    2 => 'hasMany',
  ),
)
[ info ] [ HEADER ] array (
  'host' => 'tp5.com',
  'user-agent' => 'Mozilla/5.0 (Windows NT 6.1) AppleWebKit/537.36 (KHTML, like Gecko) Chrome/65.0.3325.146 Safari/537.36',
  'accept' => 'text/html,application/xhtml+xml,application/xml;q=0.9,image/webp,image/apng,*/*;q=0.8',
  'accept-encoding' => 'gzip, deflate',
  'accept-language' => 'zh-CN,zh;q=0.9',
  'cache-control' => 'max-age=0',
  'cookie' => 'thinkphp_show_page_trace=0|0; think_remember_me=111111111; PHPSESSID=irh0p45nh56bs172c6om6jtc95',
  'proxy-connection' => 'keep-alive',
  'upgrade-insecure-requests' => '1',
  'x-lantern-version' => '4.7.6',
)
[ info ] [ PARAM ] array (
)
[ info ] [ BEHAVIOR ] Run app\index\behavior\Test @module_init [ RunTime:0.000000s ]
[ info ] [ SESSION ] INIT array (
  'id' => '',
  'var_session_id' => '',
  'prefix' => '',
  'type' => '',
  'auto_start' => true,
)
[ info ] [ RUN ] app\index\controller\Index->hasMany[ D:\www\tp5\application\index\controller\Index.php ]
[ info ] [ DB ] INIT mysql
[ info ] [ LOG ] INIT File
[ sql ] [ DB ] CONNECT:[ UseTime:0.001000s ] mysql:dbname=tp5ceshi;host=127.0.0.1;port=3306;charset=utf8
[ sql ] [ SQL ] SHOW COLUMNS FROM `tp_article` [ RunTime:0.031002s ]
[ sql ] [ SQL ] SELECT * FROM `tp_article` WHERE  `id` = 1 LIMIT 1 [ RunTime:0.000000s ]
[ sql ] [ SQL ] SHOW COLUMNS FROM `tp_comment` [ RunTime:0.029002s ]
[ sql ] [ SQL ] SELECT * FROM `tp_comment` WHERE  `art_id` = 1 ORDER BY id ASC [ RunTime:0.001000s ]
[ sql ] [ SQL ] SELECT `id`,`user_id`,`content`,`status` FROM `tp_article` WHERE  `id` = 1 LIMIT 1 [ RunTime:0.001000s ]
[ sql ] [ SQL ] SELECT * FROM `tp_comment` WHERE  `art_id` = 1 ORDER BY id ASC [ RunTime:0.001001s ]
---------------------------------------------------------------
[ 2018-06-29T11:48:53+08:00 ] 127.0.0.1 127.0.0.1 GET /index/index/hasMany
[ info ] tp5.com/index/index/hasMany [运行时间：0.183010s][吞吐率：5.46req/s] [内存消耗：3,582.17kb] [文件加载：80]
[ info ] [ LANG ] D:\www\tp5\thinkphp\lang\zh-cn.php
[ info ] [ ROUTE ] array (
  'type' => 'module',
  'module' => 
  array (
    0 => 'index',
    1 => 'index',
    2 => 'hasMany',
  ),
)
[ info ] [ HEADER ] array (
  'host' => 'tp5.com',
  'user-agent' => 'Mozilla/5.0 (Windows NT 6.1) AppleWebKit/537.36 (KHTML, like Gecko) Chrome/65.0.3325.146 Safari/537.36',
  'accept' => 'text/html,application/xhtml+xml,application/xml;q=0.9,image/webp,image/apng,*/*;q=0.8',
  'accept-encoding' => 'gzip, deflate',
  'accept-language' => 'zh-CN,zh;q=0.9',
  'cache-control' => 'max-age=0',
  'cookie' => 'thinkphp_show_page_trace=0|0; think_remember_me=111111111; PHPSESSID=irh0p45nh56bs172c6om6jtc95',
  'proxy-connection' => 'keep-alive',
  'upgrade-insecure-requests' => '1',
  'x-lantern-version' => '4.7.6',
)
[ info ] [ PARAM ] array (
)
[ info ] [ BEHAVIOR ] Run app\index\behavior\Test @module_init [ RunTime:0.001000s ]
[ info ] [ SESSION ] INIT array (
  'id' => '',
  'var_session_id' => '',
  'prefix' => '',
  'type' => '',
  'auto_start' => true,
)
[ info ] [ RUN ] app\index\controller\Index->hasMany[ D:\www\tp5\application\index\controller\Index.php ]
[ info ] [ DB ] INIT mysql
[ info ] [ LOG ] INIT File
[ sql ] [ DB ] CONNECT:[ UseTime:0.001000s ] mysql:dbname=tp5ceshi;host=127.0.0.1;port=3306;charset=utf8
[ sql ] [ SQL ] SHOW COLUMNS FROM `tp_article` [ RunTime:0.028002s ]
[ sql ] [ SQL ] SELECT * FROM `tp_article` WHERE  `id` = 1 LIMIT 1 [ RunTime:0.000000s ]
[ sql ] [ SQL ] SHOW COLUMNS FROM `tp_comment` [ RunTime:0.030002s ]
[ sql ] [ SQL ] SELECT * FROM `tp_comment` WHERE  `art_id` = 1 ORDER BY id ASC [ RunTime:0.001000s ]
[ sql ] [ SQL ] SELECT `id`,`user_id`,`content`,`status` FROM `tp_article` WHERE  `id` = 1 LIMIT 1 [ RunTime:0.001000s ]
[ sql ] [ SQL ] SELECT * FROM `tp_comment` WHERE  `art_id` = 1 ORDER BY id ASC [ RunTime:0.001000s ]
---------------------------------------------------------------
[ 2018-06-29T11:49:51+08:00 ] 127.0.0.1 127.0.0.1 GET /index/index/hasMany
[ info ] tp5.com/index/index/hasMany [运行时间：0.175010s][吞吐率：5.71req/s] [内存消耗：3,604.65kb] [文件加载：80]
[ info ] [ LANG ] D:\www\tp5\thinkphp\lang\zh-cn.php
[ info ] [ ROUTE ] array (
  'type' => 'module',
  'module' => 
  array (
    0 => 'index',
    1 => 'index',
    2 => 'hasMany',
  ),
)
[ info ] [ HEADER ] array (
  'host' => 'tp5.com',
  'user-agent' => 'Mozilla/5.0 (Windows NT 6.1) AppleWebKit/537.36 (KHTML, like Gecko) Chrome/65.0.3325.146 Safari/537.36',
  'accept' => 'text/html,application/xhtml+xml,application/xml;q=0.9,image/webp,image/apng,*/*;q=0.8',
  'accept-encoding' => 'gzip, deflate',
  'accept-language' => 'zh-CN,zh;q=0.9',
  'cache-control' => 'max-age=0',
  'cookie' => 'thinkphp_show_page_trace=0|0; think_remember_me=111111111; PHPSESSID=irh0p45nh56bs172c6om6jtc95',
  'proxy-connection' => 'keep-alive',
  'upgrade-insecure-requests' => '1',
  'x-lantern-version' => '4.7.6',
)
[ info ] [ PARAM ] array (
)
[ info ] [ BEHAVIOR ] Run app\index\behavior\Test @module_init [ RunTime:0.001000s ]
[ info ] [ SESSION ] INIT array (
  'id' => '',
  'var_session_id' => '',
  'prefix' => '',
  'type' => '',
  'auto_start' => true,
)
[ info ] [ RUN ] app\index\controller\Index->hasMany[ D:\www\tp5\application\index\controller\Index.php ]
[ info ] [ DB ] INIT mysql
[ info ] [ LOG ] INIT File
[ sql ] [ DB ] CONNECT:[ UseTime:0.003000s ] mysql:dbname=tp5ceshi;host=127.0.0.1;port=3306;charset=utf8
[ sql ] [ SQL ] SHOW COLUMNS FROM `tp_article` [ RunTime:0.021002s ]
[ sql ] [ SQL ] SELECT * FROM `tp_article` WHERE  `id` = 1 LIMIT 1 [ RunTime:0.001000s ]
[ sql ] [ SQL ] SHOW COLUMNS FROM `tp_comment` [ RunTime:0.028002s ]
[ sql ] [ SQL ] SELECT * FROM `tp_comment` WHERE  `art_id` = 1 ORDER BY id ASC [ RunTime:0.003000s ]
[ sql ] [ SQL ] SELECT `id`,`user_id`,`content`,`status` FROM `tp_article` WHERE  `id` = 1 LIMIT 1 [ RunTime:0.001000s ]
[ sql ] [ SQL ] SELECT * FROM `tp_comment` WHERE  `art_id` = 1 ORDER BY id ASC [ RunTime:0.001000s ]
---------------------------------------------------------------
[ 2018-06-29T11:51:06+08:00 ] 127.0.0.1 127.0.0.1 GET /index/index/hasMany
[ info ] tp5.com/index/index/hasMany [运行时间：0.209012s][吞吐率：4.78req/s] [内存消耗：3,582.17kb] [文件加载：80]
[ info ] [ LANG ] D:\www\tp5\thinkphp\lang\zh-cn.php
[ info ] [ ROUTE ] array (
  'type' => 'module',
  'module' => 
  array (
    0 => 'index',
    1 => 'index',
    2 => 'hasMany',
  ),
)
[ info ] [ HEADER ] array (
  'host' => 'tp5.com',
  'user-agent' => 'Mozilla/5.0 (Windows NT 6.1) AppleWebKit/537.36 (KHTML, like Gecko) Chrome/65.0.3325.146 Safari/537.36',
  'accept' => 'text/html,application/xhtml+xml,application/xml;q=0.9,image/webp,image/apng,*/*;q=0.8',
  'accept-encoding' => 'gzip, deflate',
  'accept-language' => 'zh-CN,zh;q=0.9',
  'cache-control' => 'max-age=0',
  'cookie' => 'thinkphp_show_page_trace=0|0; think_remember_me=111111111; PHPSESSID=irh0p45nh56bs172c6om6jtc95',
  'proxy-connection' => 'keep-alive',
  'upgrade-insecure-requests' => '1',
  'x-lantern-version' => '4.7.6',
)
[ info ] [ PARAM ] array (
)
[ info ] [ BEHAVIOR ] Run app\index\behavior\Test @module_init [ RunTime:0.001000s ]
[ info ] [ SESSION ] INIT array (
  'id' => '',
  'var_session_id' => '',
  'prefix' => '',
  'type' => '',
  'auto_start' => true,
)
[ info ] [ RUN ] app\index\controller\Index->hasMany[ D:\www\tp5\application\index\controller\Index.php ]
[ info ] [ DB ] INIT mysql
[ info ] [ LOG ] INIT File
[ sql ] [ DB ] CONNECT:[ UseTime:0.011000s ] mysql:dbname=tp5ceshi;host=127.0.0.1;port=3306;charset=utf8
[ sql ] [ SQL ] SHOW COLUMNS FROM `tp_article` [ RunTime:0.029002s ]
[ sql ] [ SQL ] SELECT * FROM `tp_article` WHERE  `id` = 1 LIMIT 1 [ RunTime:0.001000s ]
[ sql ] [ SQL ] SHOW COLUMNS FROM `tp_comment` [ RunTime:0.029001s ]
[ sql ] [ SQL ] SELECT * FROM `tp_comment` WHERE  `art_id` = 1 ORDER BY id ASC [ RunTime:0.000000s ]
[ sql ] [ SQL ] SELECT `id`,`user_id`,`content`,`status` FROM `tp_article` WHERE  `id` = 1 LIMIT 1 [ RunTime:0.001000s ]
[ sql ] [ SQL ] SELECT * FROM `tp_comment` WHERE  `art_id` = 1 ORDER BY id ASC [ RunTime:0.001000s ]
---------------------------------------------------------------
[ 2018-06-29T11:51:34+08:00 ] 127.0.0.1 127.0.0.1 GET /index/index/hasMany
[ info ] tp5.com/index/index/hasMany [运行时间：0.399022s][吞吐率：2.51req/s] [内存消耗：3,688.06kb] [文件加载：88]
[ info ] [ LANG ] D:\www\tp5\thinkphp\lang\zh-cn.php
[ info ] [ ROUTE ] array (
  'type' => 'module',
  'module' => 
  array (
    0 => 'index',
    1 => 'index',
    2 => 'hasMany',
  ),
)
[ info ] [ HEADER ] array (
  'host' => 'tp5.com',
  'user-agent' => 'Mozilla/5.0 (Windows NT 6.1) AppleWebKit/537.36 (KHTML, like Gecko) Chrome/65.0.3325.146 Safari/537.36',
  'accept' => 'text/html,application/xhtml+xml,application/xml;q=0.9,image/webp,image/apng,*/*;q=0.8',
  'accept-encoding' => 'gzip, deflate',
  'accept-language' => 'zh-CN,zh;q=0.9',
  'cache-control' => 'max-age=0',
  'cookie' => 'thinkphp_show_page_trace=0|0; think_remember_me=111111111; PHPSESSID=irh0p45nh56bs172c6om6jtc95',
  'proxy-connection' => 'keep-alive',
  'upgrade-insecure-requests' => '1',
  'x-lantern-version' => '4.7.6',
)
[ info ] [ PARAM ] array (
)
[ info ] [ BEHAVIOR ] Run app\index\behavior\Test @module_init [ RunTime:0.001000s ]
[ info ] [ SESSION ] INIT array (
  'id' => '',
  'var_session_id' => '',
  'prefix' => '',
  'type' => '',
  'auto_start' => true,
)
[ info ] [ RUN ] app\index\controller\Index->hasMany[ D:\www\tp5\application\index\controller\Index.php ]
[ info ] [ DB ] INIT mysql
[ info ] [ LOG ] INIT File
[ sql ] [ DB ] CONNECT:[ UseTime:0.001000s ] mysql:dbname=tp5ceshi;host=127.0.0.1;port=3306;charset=utf8
[ sql ] [ SQL ] SHOW COLUMNS FROM `tp_article` [ RunTime:0.028002s ]
[ sql ] [ SQL ] SELECT * FROM `tp_article` WHERE  `id` = 1 LIMIT 1 [ RunTime:0.001000s ]
[ sql ] [ SQL ] SHOW COLUMNS FROM `tp_comment` [ RunTime:0.031002s ]
[ sql ] [ SQL ] SELECT * FROM `tp_comment` WHERE  `art_id` = 1 ORDER BY id ASC [ RunTime:0.000000s ]
[ sql ] [ SQL ] SELECT `id`,`user_id`,`content`,`status` FROM `tp_article` WHERE  `id` = 1 LIMIT 1 [ RunTime:0.000000s ]
[ sql ] [ SQL ] SELECT * FROM `tp_comment` WHERE  `art_id` = 1 ORDER BY id ASC [ RunTime:0.000000s ]
[ error ] [2]Missing argument 1 for think\Model::data(), called in D:\www\tp5\application\index\controller\Index.php on line 390 and defined[D:\www\tp5\thinkphp\library\think\Model.php:285]
---------------------------------------------------------------
[ 2018-06-29T11:51:56+08:00 ] 127.0.0.1 127.0.0.1 GET /index/index/hasMany
[ info ] tp5.com/index/index/hasMany [运行时间：0.180010s][吞吐率：5.56req/s] [内存消耗：3,582.43kb] [文件加载：80]
[ info ] [ LANG ] D:\www\tp5\thinkphp\lang\zh-cn.php
[ info ] [ ROUTE ] array (
  'type' => 'module',
  'module' => 
  array (
    0 => 'index',
    1 => 'index',
    2 => 'hasMany',
  ),
)
[ info ] [ HEADER ] array (
  'host' => 'tp5.com',
  'user-agent' => 'Mozilla/5.0 (Windows NT 6.1) AppleWebKit/537.36 (KHTML, like Gecko) Chrome/65.0.3325.146 Safari/537.36',
  'accept' => 'text/html,application/xhtml+xml,application/xml;q=0.9,image/webp,image/apng,*/*;q=0.8',
  'accept-encoding' => 'gzip, deflate',
  'accept-language' => 'zh-CN,zh;q=0.9',
  'cache-control' => 'max-age=0',
  'cookie' => 'thinkphp_show_page_trace=0|0; think_remember_me=111111111; PHPSESSID=irh0p45nh56bs172c6om6jtc95',
  'proxy-connection' => 'keep-alive',
  'upgrade-insecure-requests' => '1',
  'x-lantern-version' => '4.7.6',
)
[ info ] [ PARAM ] array (
)
[ info ] [ BEHAVIOR ] Run app\index\behavior\Test @module_init [ RunTime:0.001000s ]
[ info ] [ SESSION ] INIT array (
  'id' => '',
  'var_session_id' => '',
  'prefix' => '',
  'type' => '',
  'auto_start' => true,
)
[ info ] [ RUN ] app\index\controller\Index->hasMany[ D:\www\tp5\application\index\controller\Index.php ]
[ info ] [ DB ] INIT mysql
[ info ] [ LOG ] INIT File
[ sql ] [ DB ] CONNECT:[ UseTime:0.001000s ] mysql:dbname=tp5ceshi;host=127.0.0.1;port=3306;charset=utf8
[ sql ] [ SQL ] SHOW COLUMNS FROM `tp_article` [ RunTime:0.029002s ]
[ sql ] [ SQL ] SELECT * FROM `tp_article` WHERE  `id` = 1 LIMIT 1 [ RunTime:0.001000s ]
[ sql ] [ SQL ] SHOW COLUMNS FROM `tp_comment` [ RunTime:0.028002s ]
[ sql ] [ SQL ] SELECT * FROM `tp_comment` WHERE  `art_id` = 1 ORDER BY id ASC [ RunTime:0.000000s ]
[ sql ] [ SQL ] SELECT `id`,`user_id`,`content`,`status` FROM `tp_article` WHERE  `id` = 1 LIMIT 1 [ RunTime:0.001000s ]
[ sql ] [ SQL ] SELECT * FROM `tp_comment` WHERE  `art_id` = 1 ORDER BY id ASC [ RunTime:0.001000s ]
---------------------------------------------------------------
[ 2018-06-29T11:52:45+08:00 ] 127.0.0.1 127.0.0.1 GET /index/index/hasMany
[ info ] tp5.com/index/index/hasMany [运行时间：0.219012s][吞吐率：4.57req/s] [内存消耗：3,584.70kb] [文件加载：80]
[ info ] [ LANG ] D:\www\tp5\thinkphp\lang\zh-cn.php
[ info ] [ ROUTE ] array (
  'type' => 'module',
  'module' => 
  array (
    0 => 'index',
    1 => 'index',
    2 => 'hasMany',
  ),
)
[ info ] [ HEADER ] array (
  'host' => 'tp5.com',
  'user-agent' => 'Mozilla/5.0 (Windows NT 6.1) AppleWebKit/537.36 (KHTML, like Gecko) Chrome/65.0.3325.146 Safari/537.36',
  'accept' => 'text/html,application/xhtml+xml,application/xml;q=0.9,image/webp,image/apng,*/*;q=0.8',
  'accept-encoding' => 'gzip, deflate',
  'accept-language' => 'zh-CN,zh;q=0.9',
  'cache-control' => 'max-age=0',
  'cookie' => 'thinkphp_show_page_trace=0|0; think_remember_me=111111111; PHPSESSID=irh0p45nh56bs172c6om6jtc95',
  'proxy-connection' => 'keep-alive',
  'upgrade-insecure-requests' => '1',
  'x-lantern-version' => '4.7.6',
)
[ info ] [ PARAM ] array (
)
[ info ] [ BEHAVIOR ] Run app\index\behavior\Test @module_init [ RunTime:0.001000s ]
[ info ] [ SESSION ] INIT array (
  'id' => '',
  'var_session_id' => '',
  'prefix' => '',
  'type' => '',
  'auto_start' => true,
)
[ info ] [ RUN ] app\index\controller\Index->hasMany[ D:\www\tp5\application\index\controller\Index.php ]
[ info ] [ DB ] INIT mysql
[ info ] [ LOG ] INIT File
[ sql ] [ DB ] CONNECT:[ UseTime:0.002000s ] mysql:dbname=tp5ceshi;host=127.0.0.1;port=3306;charset=utf8
[ sql ] [ SQL ] SHOW COLUMNS FROM `tp_article` [ RunTime:0.028002s ]
[ sql ] [ SQL ] SELECT * FROM `tp_article` WHERE  `id` = 1 LIMIT 1 [ RunTime:0.001000s ]
[ sql ] [ SQL ] SHOW COLUMNS FROM `tp_comment` [ RunTime:0.032002s ]
[ sql ] [ SQL ] SELECT * FROM `tp_comment` WHERE  `art_id` = 1 ORDER BY id ASC [ RunTime:0.001000s ]
[ sql ] [ SQL ] SELECT `id`,`user_id`,`content`,`status` FROM `tp_article` WHERE  `id` = 1 LIMIT 1 [ RunTime:0.001000s ]
[ sql ] [ SQL ] SELECT * FROM `tp_comment` WHERE  `art_id` = 1 ORDER BY id ASC [ RunTime:0.001000s ]
---------------------------------------------------------------
[ 2018-06-29T12:09:11+08:00 ] 127.0.0.1 127.0.0.1 GET /index/index/hasMany
[ info ] tp5.com/index/index/hasMany [运行时间：1.021059s][吞吐率：0.98req/s] [内存消耗：3,778.43kb] [文件加载：90]
[ info ] [ LANG ] D:\www\tp5\thinkphp\lang\zh-cn.php
[ info ] [ ROUTE ] array (
  'type' => 'module',
  'module' => 
  array (
    0 => 'index',
    1 => 'index',
    2 => 'hasMany',
  ),
)
[ info ] [ HEADER ] array (
  'host' => 'tp5.com',
  'user-agent' => 'Mozilla/5.0 (Windows NT 6.1) AppleWebKit/537.36 (KHTML, like Gecko) Chrome/65.0.3325.146 Safari/537.36',
  'accept' => 'text/html,application/xhtml+xml,application/xml;q=0.9,image/webp,image/apng,*/*;q=0.8',
  'accept-encoding' => 'gzip, deflate',
  'accept-language' => 'zh-CN,zh;q=0.9',
  'cache-control' => 'max-age=0',
  'cookie' => 'thinkphp_show_page_trace=0|0; think_remember_me=111111111; PHPSESSID=irh0p45nh56bs172c6om6jtc95',
  'proxy-connection' => 'keep-alive',
  'upgrade-insecure-requests' => '1',
  'x-lantern-version' => '4.7.6',
)
[ info ] [ PARAM ] array (
)
[ info ] [ BEHAVIOR ] Run app\index\behavior\Test @module_init [ RunTime:0.001000s ]
[ info ] [ SESSION ] INIT array (
  'id' => '',
  'var_session_id' => '',
  'prefix' => '',
  'type' => '',
  'auto_start' => true,
)
[ info ] [ RUN ] app\index\controller\Index->hasMany[ D:\www\tp5\application\index\controller\Index.php ]
[ info ] [ DB ] INIT mysql
[ info ] [ CACHE ] INIT File
[ info ] [ LOG ] INIT File
[ sql ] [ DB ] CONNECT:[ UseTime:0.001000s ] mysql:dbname=tp5ceshi;host=127.0.0.1;port=3306;charset=utf8
[ sql ] [ SQL ] SHOW COLUMNS FROM `tp_article` [ RunTime:0.049003s ]
[ sql ] [ SQL ] SELECT * FROM `tp_article` WHERE  `id` = 1 LIMIT 1 [ RunTime:0.000000s ]
[ sql ] [ SQL ] SHOW COLUMNS FROM `tp_comment` [ RunTime:0.031002s ]
[ sql ] [ SQL ] SELECT * FROM `tp_comment` WHERE  `art_id` = 1 ORDER BY id ASC [ RunTime:0.001000s ]
[ sql ] [ SQL ] DELETE FROM `tp_article`    WHERE  `id` = 1 [ RunTime:0.582033s ]
[ sql ] [ SQL ] DELETE FROM `tp_article`    WHERE  `id` = 1 [ RunTime:0.016001s ]
[ sql ] [ SQL ] SELECT `id`,`user_id`,`content`,`status` FROM `tp_article` WHERE  `id` = 1 LIMIT 1 [ RunTime:0.002000s ]
[ error ] [1]Call to a member function getData() on null[D:\www\tp5\application\index\controller\Index.php:392]
---------------------------------------------------------------
[ 2018-06-29T12:13:20+08:00 ] 127.0.0.1 127.0.0.1 GET /index/index/hasMany
[ info ] tp5.com/index/index/hasMany [运行时间：0.408023s][吞吐率：2.45req/s] [内存消耗：3,775.95kb] [文件加载：90]
[ info ] [ LANG ] D:\www\tp5\thinkphp\lang\zh-cn.php
[ info ] [ ROUTE ] array (
  'type' => 'module',
  'module' => 
  array (
    0 => 'index',
    1 => 'index',
    2 => 'hasMany',
  ),
)
[ info ] [ HEADER ] array (
  'host' => 'tp5.com',
  'user-agent' => 'Mozilla/5.0 (Windows NT 6.1) AppleWebKit/537.36 (KHTML, like Gecko) Chrome/65.0.3325.146 Safari/537.36',
  'accept' => 'text/html,application/xhtml+xml,application/xml;q=0.9,image/webp,image/apng,*/*;q=0.8',
  'accept-encoding' => 'gzip, deflate',
  'accept-language' => 'zh-CN,zh;q=0.9',
  'cache-control' => 'max-age=0',
  'cookie' => 'thinkphp_show_page_trace=0|0; think_remember_me=111111111; PHPSESSID=irh0p45nh56bs172c6om6jtc95',
  'proxy-connection' => 'keep-alive',
  'upgrade-insecure-requests' => '1',
  'x-lantern-version' => '4.7.6',
)
[ info ] [ PARAM ] array (
)
[ info ] [ BEHAVIOR ] Run app\index\behavior\Test @module_init [ RunTime:0.001000s ]
[ info ] [ SESSION ] INIT array (
  'id' => '',
  'var_session_id' => '',
  'prefix' => '',
  'type' => '',
  'auto_start' => true,
)
[ info ] [ RUN ] app\index\controller\Index->hasMany[ D:\www\tp5\application\index\controller\Index.php ]
[ info ] [ DB ] INIT mysql
[ info ] [ CACHE ] INIT File
[ info ] [ LOG ] INIT File
[ sql ] [ DB ] CONNECT:[ UseTime:0.010000s ] mysql:dbname=tp5ceshi;host=127.0.0.1;port=3306;charset=utf8
[ sql ] [ SQL ] SHOW COLUMNS FROM `tp_article` [ RunTime:0.032002s ]
[ sql ] [ SQL ] SELECT * FROM `tp_article` WHERE  `id` = 1 LIMIT 1 [ RunTime:0.001000s ]
[ sql ] [ SQL ] SHOW COLUMNS FROM `tp_comment` [ RunTime:0.039002s ]
[ sql ] [ SQL ] SELECT * FROM `tp_comment` WHERE  `art_id` = 1 ORDER BY id ASC [ RunTime:0.001000s ]
[ sql ] [ SQL ] DELETE FROM `tp_article`    WHERE  `id` = 1 [ RunTime:0.127007s ]
[ sql ] [ SQL ] SELECT `id`,`user_id`,`content`,`status` FROM `tp_article` WHERE  `id` = 1 LIMIT 1 [ RunTime:0.001000s ]
[ error ] [1]Call to a member function getData() on null[D:\www\tp5\application\index\controller\Index.php:392]
---------------------------------------------------------------
[ 2018-06-29T19:39:51+08:00 ] 127.0.0.1 127.0.0.1 GET /index/index/hasMany
[ info ] tp5.com/index/index/hasMany [运行时间：3.588205s][吞吐率：0.28req/s] [内存消耗：3,657.25kb] [文件加载：84]
[ info ] [ LANG ] D:\www\tp5\thinkphp\lang\zh-cn.php
[ info ] [ ROUTE ] array (
  'type' => 'module',
  'module' => 
  array (
    0 => 'index',
    1 => 'index',
    2 => 'hasMany',
  ),
)
[ info ] [ HEADER ] array (
  'host' => 'tp5.com',
  'user-agent' => 'Mozilla/5.0 (Windows NT 6.1) AppleWebKit/537.36 (KHTML, like Gecko) Chrome/65.0.3325.146 Safari/537.36',
  'accept' => 'text/html,application/xhtml+xml,application/xml;q=0.9,image/webp,image/apng,*/*;q=0.8',
  'accept-encoding' => 'gzip, deflate',
  'accept-language' => 'zh-CN,zh;q=0.9',
  'cookie' => 'thinkphp_show_page_trace=0|0; think_remember_me=111111111; PHPSESSID=irh0p45nh56bs172c6om6jtc95',
  'proxy-connection' => 'keep-alive',
  'upgrade-insecure-requests' => '1',
  'x-lantern-version' => '4.7.6',
)
[ info ] [ PARAM ] array (
)
[ info ] [ BEHAVIOR ] Run app\index\behavior\Test @module_init [ RunTime:0.033002s ]
[ info ] [ SESSION ] INIT array (
  'id' => '',
  'var_session_id' => '',
  'prefix' => '',
  'type' => '',
  'auto_start' => true,
)
[ info ] [ RUN ] app\index\controller\Index->hasMany[ D:\www\tp5\application\index\controller\Index.php ]
[ info ] [ DB ] INIT mysql
[ info ] [ LOG ] INIT File
[ sql ] [ DB ] CONNECT:[ UseTime:0.029002s ] mysql:dbname=tp5ceshi;host=127.0.0.1;port=3306;charset=utf8
[ sql ] [ SQL ] SHOW COLUMNS FROM `tp_article` [ RunTime:0.014001s ]
[ sql ] [ SQL ] SELECT * FROM `tp_article` WHERE  `id` = 1 LIMIT 1 [ RunTime:0.001000s ]
[ sql ] [ SQL ] SHOW COLUMNS FROM `tp_comment` [ RunTime:0.028001s ]
[ sql ] [ SQL ] SELECT * FROM `tp_comment` WHERE  `art_id` = 1 ORDER BY id ASC [ RunTime:0.001001s ]
[ sql ] [ SQL ] SELECT `id`,`user_id`,`content`,`status` FROM `tp_article` WHERE  `id` = 1 LIMIT 1 [ RunTime:0.000000s ]
[ sql ] [ SQL ] SELECT * FROM `tp_comment` WHERE  `art_id` = 1 ORDER BY id ASC [ RunTime:0.000000s ]
