---------------------------------------------------------------
[ 2018-07-10T16:08:20+08:00 ] 127.0.0.1 127.0.0.1 GET /index/index/add
[ info ] tp5.com/index/index/add [运行时间：5.089291s][吞吐率：0.20req/s] [内存消耗：2,420.98kb] [文件加载：75]
[ info ] [ LANG ] D:\www\tp5\thinkphp\lang\zh-cn.php
[ info ] [ ROUTE ] array (
  'type' => 'module',
  'module' => 
  array (
    0 => 'index',
    1 => 'index',
    2 => 'add',
  ),
)
[ info ] [ HEADER ] array (
  'host' => 'tp5.com',
  'user-agent' => 'Mozilla/5.0 (Windows NT 6.1) AppleWebKit/537.36 (KHTML, like Gecko) Chrome/65.0.3325.146 Safari/537.36',
  'accept' => 'text/html,application/xhtml+xml,application/xml;q=0.9,image/webp,image/apng,*/*;q=0.8',
  'accept-encoding' => 'gzip, deflate',
  'accept-language' => 'zh-CN,zh;q=0.9',
  'cookie' => 'think_remember_me=111111',
  'proxy-connection' => 'keep-alive',
  'upgrade-insecure-requests' => '1',
  'x-lantern-version' => '4.7.6',
)
[ info ] [ PARAM ] array (
)
[ info ] [ BEHAVIOR ] Run app\index\behavior\Test @module_init [ RunTime:0.055003s ]
[ info ] [ SESSION ] INIT array (
  'id' => '',
  'var_session_id' => '',
  'prefix' => '',
  'type' => '',
  'auto_start' => true,
)
[ info ] [ RUN ] app\index\controller\Index->add[ D:\www\tp5\application\index\controller\Index.php ]
[ info ] [ VIEW ] D:\www\tp5\public/../application/index\view\index\add.html [ array (
) ]
[ info ] [ LOG ] INIT File
---------------------------------------------------------------
[ 2018-07-10T16:08:27+08:00 ] 127.0.0.1 127.0.0.1 GET /index/index/add
[ info ] tp5.com/index/index/add [运行时间：0.129008s][吞吐率：7.75req/s] [内存消耗：2,421.42kb] [文件加载：75]
[ info ] [ LANG ] D:\www\tp5\thinkphp\lang\zh-cn.php
[ info ] [ ROUTE ] array (
  'type' => 'module',
  'module' => 
  array (
    0 => 'index',
    1 => 'index',
    2 => 'add',
  ),
)
[ info ] [ HEADER ] array (
  'host' => 'tp5.com',
  'user-agent' => 'Mozilla/5.0 (Windows NT 6.1) AppleWebKit/537.36 (KHTML, like Gecko) Chrome/65.0.3325.146 Safari/537.36',
  'accept' => 'text/html,application/xhtml+xml,application/xml;q=0.9,image/webp,image/apng,*/*;q=0.8',
  'accept-encoding' => 'gzip, deflate',
  'accept-language' => 'zh-CN,zh;q=0.9',
  'cache-control' => 'max-age=0',
  'cookie' => 'thinkphp_show_page_trace=0|0; think_remember_me=111111; PHPSESSID=1haovppj7thrg8kn3a6p5pkks1',
  'proxy-connection' => 'keep-alive',
  'upgrade-insecure-requests' => '1',
  'x-lantern-version' => '4.7.6',
)
[ info ] [ PARAM ] array (
)
[ info ] [ BEHAVIOR ] Run app\index\behavior\Test @module_init [ RunTime:0.001000s ]
[ info ] [ SESSION ] INIT array (
  'id' => '',
  'var_session_id' => '',
  'prefix' => '',
  'type' => '',
  'auto_start' => true,
)
[ info ] [ RUN ] app\index\controller\Index->add[ D:\www\tp5\application\index\controller\Index.php ]
[ info ] [ VIEW ] D:\www\tp5\public/../application/index\view\index\add.html [ array (
) ]
[ info ] [ LOG ] INIT File
---------------------------------------------------------------
[ 2018-07-10T16:08:53+08:00 ] 127.0.0.1 127.0.0.1 GET /index/index/add
[ info ] tp5.com/index/index/add [运行时间：0.103006s][吞吐率：9.71req/s] [内存消耗：2,421.41kb] [文件加载：75]
[ info ] [ LANG ] D:\www\tp5\thinkphp\lang\zh-cn.php
[ info ] [ ROUTE ] array (
  'type' => 'module',
  'module' => 
  array (
    0 => 'index',
    1 => 'index',
    2 => 'add',
  ),
)
[ info ] [ HEADER ] array (
  'host' => 'tp5.com',
  'user-agent' => 'Mozilla/5.0 (Windows NT 6.1) AppleWebKit/537.36 (KHTML, like Gecko) Chrome/65.0.3325.146 Safari/537.36',
  'accept' => 'text/html,application/xhtml+xml,application/xml;q=0.9,image/webp,image/apng,*/*;q=0.8',
  'accept-encoding' => 'gzip, deflate',
  'accept-language' => 'zh-CN,zh;q=0.9',
  'cache-control' => 'max-age=0',
  'cookie' => 'thinkphp_show_page_trace=0|0; think_remember_me=111111; PHPSESSID=1haovppj7thrg8kn3a6p5pkks1',
  'proxy-connection' => 'keep-alive',
  'upgrade-insecure-requests' => '1',
  'x-lantern-version' => '4.7.6',
)
[ info ] [ PARAM ] array (
)
[ info ] [ BEHAVIOR ] Run app\index\behavior\Test @module_init [ RunTime:0.001000s ]
[ info ] [ SESSION ] INIT array (
  'id' => '',
  'var_session_id' => '',
  'prefix' => '',
  'type' => '',
  'auto_start' => true,
)
[ info ] [ RUN ] app\index\controller\Index->add[ D:\www\tp5\application\index\controller\Index.php ]
[ info ] [ VIEW ] D:\www\tp5\public/../application/index\view\index\add.html [ array (
) ]
[ info ] [ LOG ] INIT File
---------------------------------------------------------------
[ 2018-07-10T16:08:56+08:00 ] 127.0.0.1 127.0.0.1 GET /index/index/add
[ info ] tp5.com/index/index/add [运行时间：0.157009s][吞吐率：6.37req/s] [内存消耗：2,421.42kb] [文件加载：75]
[ info ] [ LANG ] D:\www\tp5\thinkphp\lang\zh-cn.php
[ info ] [ ROUTE ] array (
  'type' => 'module',
  'module' => 
  array (
    0 => 'index',
    1 => 'index',
    2 => 'add',
  ),
)
[ info ] [ HEADER ] array (
  'host' => 'tp5.com',
  'user-agent' => 'Mozilla/5.0 (Windows NT 6.1) AppleWebKit/537.36 (KHTML, like Gecko) Chrome/65.0.3325.146 Safari/537.36',
  'accept' => 'text/html,application/xhtml+xml,application/xml;q=0.9,image/webp,image/apng,*/*;q=0.8',
  'accept-encoding' => 'gzip, deflate',
  'accept-language' => 'zh-CN,zh;q=0.9',
  'cache-control' => 'max-age=0',
  'cookie' => 'thinkphp_show_page_trace=0|0; think_remember_me=111111; PHPSESSID=1haovppj7thrg8kn3a6p5pkks1',
  'proxy-connection' => 'keep-alive',
  'upgrade-insecure-requests' => '1',
  'x-lantern-version' => '4.7.6',
)
[ info ] [ PARAM ] array (
)
[ info ] [ BEHAVIOR ] Run app\index\behavior\Test @module_init [ RunTime:0.000000s ]
[ info ] [ SESSION ] INIT array (
  'id' => '',
  'var_session_id' => '',
  'prefix' => '',
  'type' => '',
  'auto_start' => true,
)
[ info ] [ RUN ] app\index\controller\Index->add[ D:\www\tp5\application\index\controller\Index.php ]
[ info ] [ VIEW ] D:\www\tp5\public/../application/index\view\index\add.html [ array (
) ]
[ info ] [ LOG ] INIT File
---------------------------------------------------------------
[ 2018-07-10T16:08:58+08:00 ] 127.0.0.1 127.0.0.1 GET /index/index/add
[ info ] tp5.com/index/index/add [运行时间：0.112006s][吞吐率：8.93req/s] [内存消耗：2,421.41kb] [文件加载：75]
[ info ] [ LANG ] D:\www\tp5\thinkphp\lang\zh-cn.php
[ info ] [ ROUTE ] array (
  'type' => 'module',
  'module' => 
  array (
    0 => 'index',
    1 => 'index',
    2 => 'add',
  ),
)
[ info ] [ HEADER ] array (
  'host' => 'tp5.com',
  'user-agent' => 'Mozilla/5.0 (Windows NT 6.1) AppleWebKit/537.36 (KHTML, like Gecko) Chrome/65.0.3325.146 Safari/537.36',
  'accept' => 'text/html,application/xhtml+xml,application/xml;q=0.9,image/webp,image/apng,*/*;q=0.8',
  'accept-encoding' => 'gzip, deflate',
  'accept-language' => 'zh-CN,zh;q=0.9',
  'cache-control' => 'max-age=0',
  'cookie' => 'thinkphp_show_page_trace=0|0; think_remember_me=111111; PHPSESSID=1haovppj7thrg8kn3a6p5pkks1',
  'proxy-connection' => 'keep-alive',
  'upgrade-insecure-requests' => '1',
  'x-lantern-version' => '4.7.6',
)
[ info ] [ PARAM ] array (
)
[ info ] [ BEHAVIOR ] Run app\index\behavior\Test @module_init [ RunTime:0.000000s ]
[ info ] [ SESSION ] INIT array (
  'id' => '',
  'var_session_id' => '',
  'prefix' => '',
  'type' => '',
  'auto_start' => true,
)
[ info ] [ RUN ] app\index\controller\Index->add[ D:\www\tp5\application\index\controller\Index.php ]
[ info ] [ VIEW ] D:\www\tp5\public/../application/index\view\index\add.html [ array (
) ]
[ info ] [ LOG ] INIT File
---------------------------------------------------------------
[ 2018-07-10T23:10:56+08:00 ] 127.0.0.1 127.0.0.1 GET /index/index/add
[ info ] tp5.com/index/index/add [运行时间：7.600435s][吞吐率：0.13req/s] [内存消耗：2,421.18kb] [文件加载：75]
[ info ] [ LANG ] D:\www\tp5\thinkphp\lang\zh-cn.php
[ info ] [ ROUTE ] array (
  'type' => 'module',
  'module' => 
  array (
    0 => 'index',
    1 => 'index',
    2 => 'add',
  ),
)
[ info ] [ HEADER ] array (
  'host' => 'tp5.com',
  'user-agent' => 'Mozilla/5.0 (Windows NT 6.1) AppleWebKit/537.36 (KHTML, like Gecko) Chrome/65.0.3325.146 Safari/537.36',
  'accept' => 'text/html,application/xhtml+xml,application/xml;q=0.9,image/webp,image/apng,*/*;q=0.8',
  'accept-encoding' => 'gzip, deflate',
  'accept-language' => 'zh-CN,zh;q=0.9',
  'cookie' => 'thinkphp_show_page_trace=0|0; think_remember_me=111111; PHPSESSID=1haovppj7thrg8kn3a6p5pkks1',
  'proxy-connection' => 'keep-alive',
  'upgrade-insecure-requests' => '1',
  'x-lantern-version' => '4.7.6',
)
[ info ] [ PARAM ] array (
)
[ info ] [ BEHAVIOR ] Run app\index\behavior\Test @module_init [ RunTime:0.032002s ]
[ info ] [ SESSION ] INIT array (
  'id' => '',
  'var_session_id' => '',
  'prefix' => '',
  'type' => '',
  'auto_start' => true,
)
[ info ] [ RUN ] app\index\controller\Index->add[ D:\www\tp5\application\index\controller\Index.php ]
[ info ] [ VIEW ] D:\www\tp5\public/../application/index\view\index\add.html [ array (
) ]
[ info ] [ LOG ] INIT File
